[2022-11-28T16:27:36.616+0000] {taskinstance.py:1165} INFO - Dependencies all met for <TaskInstance: dag_try_oop.extractYtApiOperator scheduled__2022-11-27T18:00:00+00:00 [queued]>
[2022-11-28T16:27:36.650+0000] {taskinstance.py:1165} INFO - Dependencies all met for <TaskInstance: dag_try_oop.extractYtApiOperator scheduled__2022-11-27T18:00:00+00:00 [queued]>
[2022-11-28T16:27:36.650+0000] {taskinstance.py:1362} INFO - 
--------------------------------------------------------------------------------
[2022-11-28T16:27:36.651+0000] {taskinstance.py:1363} INFO - Starting attempt 2 of 2
[2022-11-28T16:27:36.651+0000] {taskinstance.py:1364} INFO - 
--------------------------------------------------------------------------------
[2022-11-28T16:27:36.699+0000] {taskinstance.py:1383} INFO - Executing <Task(extractYtApiOperator): extractYtApiOperator> on 2022-11-27 18:00:00+00:00
[2022-11-28T16:27:36.705+0000] {standard_task_runner.py:55} INFO - Started process 403 to run task
[2022-11-28T16:27:36.729+0000] {standard_task_runner.py:82} INFO - Running: ['***', 'tasks', 'run', 'dag_try_oop', 'extractYtApiOperator', 'scheduled__2022-11-27T18:00:00+00:00', '--job-id', '772', '--raw', '--subdir', 'DAGS_FOLDER/dag_try_oop.py', '--cfg-path', '/tmp/tmpuzc6fdpr']
[2022-11-28T16:27:36.749+0000] {standard_task_runner.py:83} INFO - Job 772: Subtask extractYtApiOperator
[2022-11-28T16:27:37.035+0000] {task_command.py:376} INFO - Running <TaskInstance: dag_try_oop.extractYtApiOperator scheduled__2022-11-27T18:00:00+00:00 [running]> on host 1dd759b3e30c
[2022-11-28T16:27:37.257+0000] {taskinstance.py:1592} INFO - Exporting the following env vars:
AIRFLOW_CTX_DAG_OWNER=***
AIRFLOW_CTX_DAG_ID=dag_try_oop
AIRFLOW_CTX_TASK_ID=extractYtApiOperator
AIRFLOW_CTX_EXECUTION_DATE=2022-11-27T18:00:00+00:00
AIRFLOW_CTX_TRY_NUMBER=2
AIRFLOW_CTX_DAG_RUN_ID=scheduled__2022-11-27T18:00:00+00:00
[2022-11-28T16:27:38.448+0000] {logging_mixin.py:137} INFO - Writing ID data to file...
[2022-11-28T16:27:39.730+0000] {logging_mixin.py:137} INFO - Writing EG data to file...
[2022-11-28T16:27:40.857+0000] {logging_mixin.py:137} INFO - Writing GB data to file...
[2022-11-28T16:27:40.928+0000] {taskinstance.py:1406} INFO - Marking task as SUCCESS. dag_id=dag_try_oop, task_id=extractYtApiOperator, execution_date=20221127T180000, start_date=20221128T162736, end_date=20221128T162740
[2022-11-28T16:27:41.322+0000] {local_task_job.py:159} INFO - Task exited with return code 0
[2022-11-28T16:27:41.539+0000] {taskinstance.py:2623} INFO - 1 downstream tasks scheduled from follow-on schedule check
