[2022-11-27T12:47:08.131+0000] {taskinstance.py:1165} INFO - Dependencies all met for <TaskInstance: using_pandas_demo.creatableLoad manual__2022-11-27T12:46:45.121992+00:00 [queued]>
[2022-11-27T12:47:08.143+0000] {taskinstance.py:1165} INFO - Dependencies all met for <TaskInstance: using_pandas_demo.creatableLoad manual__2022-11-27T12:46:45.121992+00:00 [queued]>
[2022-11-27T12:47:08.144+0000] {taskinstance.py:1362} INFO - 
--------------------------------------------------------------------------------
[2022-11-27T12:47:08.144+0000] {taskinstance.py:1363} INFO - Starting attempt 1 of 2
[2022-11-27T12:47:08.144+0000] {taskinstance.py:1364} INFO - 
--------------------------------------------------------------------------------
[2022-11-27T12:47:08.161+0000] {taskinstance.py:1383} INFO - Executing <Task(PythonOperator): creatableLoad> on 2022-11-27 12:46:45.121992+00:00
[2022-11-27T12:47:08.169+0000] {standard_task_runner.py:55} INFO - Started process 1480 to run task
[2022-11-27T12:47:08.175+0000] {standard_task_runner.py:82} INFO - Running: ['***', 'tasks', 'run', 'using_pandas_demo', 'creatableLoad', 'manual__2022-11-27T12:46:45.121992+00:00', '--job-id', '355', '--raw', '--subdir', 'DAGS_FOLDER/dag_pandas_demo.py', '--cfg-path', '/tmp/tmpnp9s5osv']
[2022-11-27T12:47:08.179+0000] {standard_task_runner.py:83} INFO - Job 355: Subtask creatableLoad
[2022-11-27T12:47:08.264+0000] {task_command.py:376} INFO - Running <TaskInstance: using_pandas_demo.creatableLoad manual__2022-11-27T12:46:45.121992+00:00 [running]> on host 1977dd9b5152
[2022-11-27T12:47:08.350+0000] {taskinstance.py:1592} INFO - Exporting the following env vars:
AIRFLOW_CTX_DAG_OWNER=***
AIRFLOW_CTX_DAG_ID=using_pandas_demo
AIRFLOW_CTX_TASK_ID=creatableLoad
AIRFLOW_CTX_EXECUTION_DATE=2022-11-27T12:46:45.121992+00:00
AIRFLOW_CTX_TRY_NUMBER=1
AIRFLOW_CTX_DAG_RUN_ID=manual__2022-11-27T12:46:45.121992+00:00
[2022-11-27T12:47:08.431+0000] {python.py:177} INFO - Done. Returned value was: None
[2022-11-27T12:47:08.442+0000] {taskinstance.py:1406} INFO - Marking task as SUCCESS. dag_id=using_pandas_demo, task_id=creatableLoad, execution_date=20221127T124645, start_date=20221127T124708, end_date=20221127T124708
[2022-11-27T12:47:08.507+0000] {local_task_job.py:159} INFO - Task exited with return code 0
[2022-11-27T12:47:08.530+0000] {taskinstance.py:2623} INFO - 0 downstream tasks scheduled from follow-on schedule check
