[2022-11-29T05:20:03.143+0000] {taskinstance.py:1165} INFO - Dependencies all met for <TaskInstance: dag_try_oop.extractYtApiOperator scheduled__2022-11-28T17:00:00+00:00 [queued]>
[2022-11-29T05:20:03.291+0000] {taskinstance.py:1165} INFO - Dependencies all met for <TaskInstance: dag_try_oop.extractYtApiOperator scheduled__2022-11-28T17:00:00+00:00 [queued]>
[2022-11-29T05:20:03.296+0000] {taskinstance.py:1362} INFO - 
--------------------------------------------------------------------------------
[2022-11-29T05:20:03.304+0000] {taskinstance.py:1363} INFO - Starting attempt 1 of 2
[2022-11-29T05:20:03.305+0000] {taskinstance.py:1364} INFO - 
--------------------------------------------------------------------------------
[2022-11-29T05:20:04.043+0000] {taskinstance.py:1383} INFO - Executing <Task(extractYtApiOperator): extractYtApiOperator> on 2022-11-28 17:00:00+00:00
[2022-11-29T05:20:04.225+0000] {standard_task_runner.py:55} INFO - Started process 93 to run task
[2022-11-29T05:20:04.406+0000] {standard_task_runner.py:82} INFO - Running: ['***', 'tasks', 'run', 'dag_try_oop', 'extractYtApiOperator', 'scheduled__2022-11-28T17:00:00+00:00', '--job-id', '1023', '--raw', '--subdir', 'DAGS_FOLDER/dag_try_oop.py', '--cfg-path', '/tmp/tmpcg0jioii']
[2022-11-29T05:20:04.526+0000] {standard_task_runner.py:83} INFO - Job 1023: Subtask extractYtApiOperator
[2022-11-29T05:20:05.843+0000] {task_command.py:376} INFO - Running <TaskInstance: dag_try_oop.extractYtApiOperator scheduled__2022-11-28T17:00:00+00:00 [running]> on host d386c23477f4
[2022-11-29T05:20:16.106+0000] {taskinstance.py:1592} INFO - Exporting the following env vars:
AIRFLOW_CTX_DAG_OWNER=***
AIRFLOW_CTX_DAG_ID=dag_try_oop
AIRFLOW_CTX_TASK_ID=extractYtApiOperator
AIRFLOW_CTX_EXECUTION_DATE=2022-11-28T17:00:00+00:00
AIRFLOW_CTX_TRY_NUMBER=1
AIRFLOW_CTX_DAG_RUN_ID=scheduled__2022-11-28T17:00:00+00:00
[2022-11-29T05:20:34.781+0000] {local_task_job.py:159} INFO - Task exited with return code Negsignal.SIGKILL
[2022-11-29T05:20:35.222+0000] {taskinstance.py:2623} INFO - 0 downstream tasks scheduled from follow-on schedule check
