[2022-11-28T16:34:39.362+0000] {taskinstance.py:1165} INFO - Dependencies all met for <TaskInstance: dag_try_oop.transformYtApiOperator scheduled__2022-11-28T05:50:00+00:00 [queued]>
[2022-11-28T16:34:39.452+0000] {taskinstance.py:1165} INFO - Dependencies all met for <TaskInstance: dag_try_oop.transformYtApiOperator scheduled__2022-11-28T05:50:00+00:00 [queued]>
[2022-11-28T16:34:39.455+0000] {taskinstance.py:1362} INFO - 
--------------------------------------------------------------------------------
[2022-11-28T16:34:39.468+0000] {taskinstance.py:1363} INFO - Starting attempt 1 of 2
[2022-11-28T16:34:39.469+0000] {taskinstance.py:1364} INFO - 
--------------------------------------------------------------------------------
[2022-11-28T16:34:39.613+0000] {taskinstance.py:1383} INFO - Executing <Task(transformYtApiOperator): transformYtApiOperator> on 2022-11-28 05:50:00+00:00
[2022-11-28T16:34:39.647+0000] {standard_task_runner.py:55} INFO - Started process 1060 to run task
[2022-11-28T16:34:39.691+0000] {standard_task_runner.py:82} INFO - Running: ['***', 'tasks', 'run', 'dag_try_oop', 'transformYtApiOperator', 'scheduled__2022-11-28T05:50:00+00:00', '--job-id', '919', '--raw', '--subdir', 'DAGS_FOLDER/dag_try_oop.py', '--cfg-path', '/tmp/tmpueror0au']
[2022-11-28T16:34:39.717+0000] {standard_task_runner.py:83} INFO - Job 919: Subtask transformYtApiOperator
[2022-11-28T16:34:40.204+0000] {task_command.py:376} INFO - Running <TaskInstance: dag_try_oop.transformYtApiOperator scheduled__2022-11-28T05:50:00+00:00 [running]> on host 1dd759b3e30c
[2022-11-28T16:34:40.865+0000] {taskinstance.py:1592} INFO - Exporting the following env vars:
AIRFLOW_CTX_DAG_OWNER=***
AIRFLOW_CTX_DAG_ID=dag_try_oop
AIRFLOW_CTX_TASK_ID=transformYtApiOperator
AIRFLOW_CTX_EXECUTION_DATE=2022-11-28T05:50:00+00:00
AIRFLOW_CTX_TRY_NUMBER=1
AIRFLOW_CTX_DAG_RUN_ID=scheduled__2022-11-28T05:50:00+00:00
[2022-11-28T16:34:41.342+0000] {taskinstance.py:1406} INFO - Marking task as SUCCESS. dag_id=dag_try_oop, task_id=transformYtApiOperator, execution_date=20221128T055000, start_date=20221128T163439, end_date=20221128T163441
[2022-11-28T16:34:41.487+0000] {local_task_job.py:159} INFO - Task exited with return code 0
[2022-11-28T16:34:41.586+0000] {taskinstance.py:2623} INFO - 1 downstream tasks scheduled from follow-on schedule check
