[2022-11-27T12:30:11.209+0000] {taskinstance.py:1165} INFO - Dependencies all met for <TaskInstance: using_pandas_demo.getDataToLocal manual__2022-11-27T12:30:09.313451+00:00 [queued]>
[2022-11-27T12:30:11.243+0000] {taskinstance.py:1165} INFO - Dependencies all met for <TaskInstance: using_pandas_demo.getDataToLocal manual__2022-11-27T12:30:09.313451+00:00 [queued]>
[2022-11-27T12:30:11.244+0000] {taskinstance.py:1362} INFO - 
--------------------------------------------------------------------------------
[2022-11-27T12:30:11.244+0000] {taskinstance.py:1363} INFO - Starting attempt 1 of 2
[2022-11-27T12:30:11.244+0000] {taskinstance.py:1364} INFO - 
--------------------------------------------------------------------------------
[2022-11-27T12:30:11.337+0000] {taskinstance.py:1383} INFO - Executing <Task(PythonOperator): getDataToLocal> on 2022-11-27 12:30:09.313451+00:00
[2022-11-27T12:30:11.373+0000] {standard_task_runner.py:55} INFO - Started process 656 to run task
[2022-11-27T12:30:11.386+0000] {standard_task_runner.py:82} INFO - Running: ['***', 'tasks', 'run', 'using_pandas_demo', 'getDataToLocal', 'manual__2022-11-27T12:30:09.313451+00:00', '--job-id', '343', '--raw', '--subdir', 'DAGS_FOLDER/dag_pandas_demo.py', '--cfg-path', '/tmp/tmpr6xe3mrt']
[2022-11-27T12:30:11.395+0000] {standard_task_runner.py:83} INFO - Job 343: Subtask getDataToLocal
[2022-11-27T12:30:11.590+0000] {task_command.py:376} INFO - Running <TaskInstance: using_pandas_demo.getDataToLocal manual__2022-11-27T12:30:09.313451+00:00 [running]> on host 1977dd9b5152
[2022-11-27T12:30:11.787+0000] {taskinstance.py:1592} INFO - Exporting the following env vars:
AIRFLOW_CTX_DAG_OWNER=***
AIRFLOW_CTX_DAG_ID=using_pandas_demo
AIRFLOW_CTX_TASK_ID=getDataToLocal
AIRFLOW_CTX_EXECUTION_DATE=2022-11-27T12:30:09.313451+00:00
AIRFLOW_CTX_TRY_NUMBER=1
AIRFLOW_CTX_DAG_RUN_ID=manual__2022-11-27T12:30:09.313451+00:00
[2022-11-27T12:30:17.088+0000] {python.py:177} INFO - Done. Returned value was: None
[2022-11-27T12:30:17.099+0000] {taskinstance.py:1406} INFO - Marking task as SUCCESS. dag_id=using_pandas_demo, task_id=getDataToLocal, execution_date=20221127T123009, start_date=20221127T123011, end_date=20221127T123017
[2022-11-27T12:30:17.146+0000] {local_task_job.py:159} INFO - Task exited with return code 0
[2022-11-27T12:30:17.188+0000] {taskinstance.py:2623} INFO - 1 downstream tasks scheduled from follow-on schedule check
