[2022-11-28T16:25:05.777+0000] {taskinstance.py:1165} INFO - Dependencies all met for <TaskInstance: dag_try_oop.loadYtApiOperator scheduled__2022-11-27T21:30:00+00:00 [queued]>
[2022-11-28T16:25:05.846+0000] {taskinstance.py:1165} INFO - Dependencies all met for <TaskInstance: dag_try_oop.loadYtApiOperator scheduled__2022-11-27T21:30:00+00:00 [queued]>
[2022-11-28T16:25:05.852+0000] {taskinstance.py:1362} INFO - 
--------------------------------------------------------------------------------
[2022-11-28T16:25:05.861+0000] {taskinstance.py:1363} INFO - Starting attempt 1 of 2
[2022-11-28T16:25:05.863+0000] {taskinstance.py:1364} INFO - 
--------------------------------------------------------------------------------
[2022-11-28T16:25:05.954+0000] {taskinstance.py:1383} INFO - Executing <Task(loadYtApiOperator): loadYtApiOperator> on 2022-11-27 21:30:00+00:00
[2022-11-28T16:25:06.038+0000] {standard_task_runner.py:55} INFO - Started process 212 to run task
[2022-11-28T16:25:06.091+0000] {standard_task_runner.py:82} INFO - Running: ['***', 'tasks', 'run', 'dag_try_oop', 'loadYtApiOperator', 'scheduled__2022-11-27T21:30:00+00:00', '--job-id', '737', '--raw', '--subdir', 'DAGS_FOLDER/dag_try_oop.py', '--cfg-path', '/tmp/tmpg6k9g18v']
[2022-11-28T16:25:06.123+0000] {standard_task_runner.py:83} INFO - Job 737: Subtask loadYtApiOperator
[2022-11-28T16:25:06.491+0000] {task_command.py:376} INFO - Running <TaskInstance: dag_try_oop.loadYtApiOperator scheduled__2022-11-27T21:30:00+00:00 [running]> on host 1dd759b3e30c
[2022-11-28T16:25:06.771+0000] {taskinstance.py:1592} INFO - Exporting the following env vars:
AIRFLOW_CTX_DAG_OWNER=***
AIRFLOW_CTX_DAG_ID=dag_try_oop
AIRFLOW_CTX_TASK_ID=loadYtApiOperator
AIRFLOW_CTX_EXECUTION_DATE=2022-11-27T21:30:00+00:00
AIRFLOW_CTX_TRY_NUMBER=1
AIRFLOW_CTX_DAG_RUN_ID=scheduled__2022-11-27T21:30:00+00:00
[2022-11-28T16:25:06.995+0000] {taskinstance.py:1851} ERROR - Task failed with exception
Traceback (most recent call last):
  File "/opt/airflow/plugins/operators/loadYtApiOperator.py", line 70, in execute
    row.split(",")[11])
IndexError: list index out of range
[2022-11-28T16:25:07.096+0000] {taskinstance.py:1406} INFO - Marking task as UP_FOR_RETRY. dag_id=dag_try_oop, task_id=loadYtApiOperator, execution_date=20221127T213000, start_date=20221128T162505, end_date=20221128T162507
[2022-11-28T16:25:07.191+0000] {standard_task_runner.py:105} ERROR - Failed to execute job 737 for task loadYtApiOperator (list index out of range; 212)
[2022-11-28T16:25:07.264+0000] {local_task_job.py:159} INFO - Task exited with return code 1
[2022-11-28T16:25:07.876+0000] {taskinstance.py:2623} INFO - 0 downstream tasks scheduled from follow-on schedule check
