[2022-11-27T10:58:56.693+0000] {taskinstance.py:1165} INFO - Dependencies all met for <TaskInstance: hello_world_dag.hello_world_task manual__2022-11-27T10:33:21.473765+00:00 [queued]>
[2022-11-27T10:58:56.704+0000] {taskinstance.py:1165} INFO - Dependencies all met for <TaskInstance: hello_world_dag.hello_world_task manual__2022-11-27T10:33:21.473765+00:00 [queued]>
[2022-11-27T10:58:56.705+0000] {taskinstance.py:1362} INFO - 
--------------------------------------------------------------------------------
[2022-11-27T10:58:56.705+0000] {taskinstance.py:1363} INFO - Starting attempt 2 of 4
[2022-11-27T10:58:56.705+0000] {taskinstance.py:1364} INFO - 
--------------------------------------------------------------------------------
[2022-11-27T10:58:56.721+0000] {taskinstance.py:1383} INFO - Executing <Task(PythonOperator): hello_world_task> on 2022-11-27 10:33:21.473765+00:00
[2022-11-27T10:58:56.726+0000] {standard_task_runner.py:55} INFO - Started process 193 to run task
[2022-11-27T10:58:56.734+0000] {standard_task_runner.py:82} INFO - Running: ['***', 'tasks', 'run', 'hello_world_dag', 'hello_world_task', 'manual__2022-11-27T10:33:21.473765+00:00', '--job-id', '265', '--raw', '--subdir', 'DAGS_FOLDER/dag_helloworld.py', '--cfg-path', '/tmp/tmpnlbp55te']
[2022-11-27T10:58:56.734+0000] {standard_task_runner.py:83} INFO - Job 265: Subtask hello_world_task
[2022-11-27T10:58:56.799+0000] {task_command.py:376} INFO - Running <TaskInstance: hello_world_dag.hello_world_task manual__2022-11-27T10:33:21.473765+00:00 [running]> on host 3a447a80b3bb
[2022-11-27T10:58:56.872+0000] {taskinstance.py:1592} INFO - Exporting the following env vars:
AIRFLOW_CTX_DAG_OWNER=Ranga
AIRFLOW_CTX_DAG_ID=hello_world_dag
AIRFLOW_CTX_TASK_ID=hello_world_task
AIRFLOW_CTX_EXECUTION_DATE=2022-11-27T10:33:21.473765+00:00
AIRFLOW_CTX_TRY_NUMBER=2
AIRFLOW_CTX_DAG_RUN_ID=manual__2022-11-27T10:33:21.473765+00:00
[2022-11-27T10:58:56.873+0000] {python.py:177} INFO - Done. Returned value was: Hello World!
[2022-11-27T10:58:56.896+0000] {taskinstance.py:1406} INFO - Marking task as SUCCESS. dag_id=hello_world_dag, task_id=hello_world_task, execution_date=20221127T103321, start_date=20221127T105856, end_date=20221127T105856
[2022-11-27T10:58:56.984+0000] {local_task_job.py:159} INFO - Task exited with return code 0
[2022-11-27T10:58:57.013+0000] {taskinstance.py:2623} INFO - 1 downstream tasks scheduled from follow-on schedule check
