[2022-11-27T12:46:46.221+0000] {taskinstance.py:1165} INFO - Dependencies all met for <TaskInstance: using_pandas_demo.getDataToLocal manual__2022-11-27T12:46:45.121992+00:00 [queued]>
[2022-11-27T12:46:46.234+0000] {taskinstance.py:1165} INFO - Dependencies all met for <TaskInstance: using_pandas_demo.getDataToLocal manual__2022-11-27T12:46:45.121992+00:00 [queued]>
[2022-11-27T12:46:46.235+0000] {taskinstance.py:1362} INFO - 
--------------------------------------------------------------------------------
[2022-11-27T12:46:46.235+0000] {taskinstance.py:1363} INFO - Starting attempt 1 of 2
[2022-11-27T12:46:46.235+0000] {taskinstance.py:1364} INFO - 
--------------------------------------------------------------------------------
[2022-11-27T12:46:46.254+0000] {taskinstance.py:1383} INFO - Executing <Task(PythonOperator): getDataToLocal> on 2022-11-27 12:46:45.121992+00:00
[2022-11-27T12:46:46.261+0000] {standard_task_runner.py:55} INFO - Started process 1459 to run task
[2022-11-27T12:46:46.268+0000] {standard_task_runner.py:82} INFO - Running: ['***', 'tasks', 'run', 'using_pandas_demo', 'getDataToLocal', 'manual__2022-11-27T12:46:45.121992+00:00', '--job-id', '354', '--raw', '--subdir', 'DAGS_FOLDER/dag_pandas_demo.py', '--cfg-path', '/tmp/tmpncd4f8pr']
[2022-11-27T12:46:46.271+0000] {standard_task_runner.py:83} INFO - Job 354: Subtask getDataToLocal
[2022-11-27T12:46:46.356+0000] {task_command.py:376} INFO - Running <TaskInstance: using_pandas_demo.getDataToLocal manual__2022-11-27T12:46:45.121992+00:00 [running]> on host 1977dd9b5152
[2022-11-27T12:46:46.440+0000] {taskinstance.py:1592} INFO - Exporting the following env vars:
AIRFLOW_CTX_DAG_OWNER=***
AIRFLOW_CTX_DAG_ID=using_pandas_demo
AIRFLOW_CTX_TASK_ID=getDataToLocal
AIRFLOW_CTX_EXECUTION_DATE=2022-11-27T12:46:45.121992+00:00
AIRFLOW_CTX_TRY_NUMBER=1
AIRFLOW_CTX_DAG_RUN_ID=manual__2022-11-27T12:46:45.121992+00:00
[2022-11-27T12:47:06.656+0000] {python.py:177} INFO - Done. Returned value was: None
[2022-11-27T12:47:06.671+0000] {taskinstance.py:1406} INFO - Marking task as SUCCESS. dag_id=using_pandas_demo, task_id=getDataToLocal, execution_date=20221127T124645, start_date=20221127T124646, end_date=20221127T124706
[2022-11-27T12:47:06.747+0000] {local_task_job.py:159} INFO - Task exited with return code 0
[2022-11-27T12:47:06.782+0000] {taskinstance.py:2623} INFO - 1 downstream tasks scheduled from follow-on schedule check
