[2022-11-27T16:23:32.051+0000] {taskinstance.py:1165} INFO - Dependencies all met for <TaskInstance: dag_youtube_api.creatableLoad manual__2022-11-27T16:18:28.089737+00:00 [queued]>
[2022-11-27T16:23:32.068+0000] {taskinstance.py:1165} INFO - Dependencies all met for <TaskInstance: dag_youtube_api.creatableLoad manual__2022-11-27T16:18:28.089737+00:00 [queued]>
[2022-11-27T16:23:32.069+0000] {taskinstance.py:1362} INFO - 
--------------------------------------------------------------------------------
[2022-11-27T16:23:32.069+0000] {taskinstance.py:1363} INFO - Starting attempt 2 of 2
[2022-11-27T16:23:32.069+0000] {taskinstance.py:1364} INFO - 
--------------------------------------------------------------------------------
[2022-11-27T16:23:32.095+0000] {taskinstance.py:1383} INFO - Executing <Task(PythonOperator): creatableLoad> on 2022-11-27 16:18:28.089737+00:00
[2022-11-27T16:23:32.104+0000] {standard_task_runner.py:55} INFO - Started process 9468 to run task
[2022-11-27T16:23:32.114+0000] {standard_task_runner.py:82} INFO - Running: ['***', 'tasks', 'run', 'dag_youtube_api', 'creatableLoad', 'manual__2022-11-27T16:18:28.089737+00:00', '--job-id', '370', '--raw', '--subdir', 'DAGS_FOLDER/dag_youtube_api.py', '--cfg-path', '/tmp/tmpoyj3m_v4']
[2022-11-27T16:23:32.117+0000] {standard_task_runner.py:83} INFO - Job 370: Subtask creatableLoad
[2022-11-27T16:23:32.333+0000] {task_command.py:376} INFO - Running <TaskInstance: dag_youtube_api.creatableLoad manual__2022-11-27T16:18:28.089737+00:00 [running]> on host 1977dd9b5152
[2022-11-27T16:23:32.549+0000] {taskinstance.py:1592} INFO - Exporting the following env vars:
AIRFLOW_CTX_DAG_OWNER=***
AIRFLOW_CTX_DAG_ID=dag_youtube_api
AIRFLOW_CTX_TASK_ID=creatableLoad
AIRFLOW_CTX_EXECUTION_DATE=2022-11-27T16:18:28.089737+00:00
AIRFLOW_CTX_TRY_NUMBER=2
AIRFLOW_CTX_DAG_RUN_ID=manual__2022-11-27T16:18:28.089737+00:00
[2022-11-27T16:23:32.560+0000] {python.py:177} INFO - Done. Returned value was: None
[2022-11-27T16:23:32.585+0000] {taskinstance.py:1406} INFO - Marking task as SUCCESS. dag_id=dag_youtube_api, task_id=creatableLoad, execution_date=20221127T161828, start_date=20221127T162332, end_date=20221127T162332
[2022-11-27T16:23:32.655+0000] {local_task_job.py:159} INFO - Task exited with return code 0
[2022-11-27T16:23:32.699+0000] {taskinstance.py:2623} INFO - 0 downstream tasks scheduled from follow-on schedule check
