[2022-11-28T04:22:05.081+0000] {taskinstance.py:1165} INFO - Dependencies all met for <TaskInstance: dag_youtube_api.creatableLoad manual__2022-11-28T04:21:53.973377+00:00 [queued]>
[2022-11-28T04:22:05.141+0000] {taskinstance.py:1165} INFO - Dependencies all met for <TaskInstance: dag_youtube_api.creatableLoad manual__2022-11-28T04:21:53.973377+00:00 [queued]>
[2022-11-28T04:22:05.144+0000] {taskinstance.py:1362} INFO - 
--------------------------------------------------------------------------------
[2022-11-28T04:22:05.153+0000] {taskinstance.py:1363} INFO - Starting attempt 1 of 2
[2022-11-28T04:22:05.156+0000] {taskinstance.py:1364} INFO - 
--------------------------------------------------------------------------------
[2022-11-28T04:22:05.279+0000] {taskinstance.py:1383} INFO - Executing <Task(PythonOperator): creatableLoad> on 2022-11-28 04:21:53.973377+00:00
[2022-11-28T04:22:05.309+0000] {standard_task_runner.py:55} INFO - Started process 2123 to run task
[2022-11-28T04:22:05.344+0000] {standard_task_runner.py:82} INFO - Running: ['***', 'tasks', 'run', 'dag_youtube_api', 'creatableLoad', 'manual__2022-11-28T04:21:53.973377+00:00', '--job-id', '456', '--raw', '--subdir', 'DAGS_FOLDER/dag_youtube_api.py', '--cfg-path', '/tmp/tmpyaowmeca']
[2022-11-28T04:22:05.364+0000] {standard_task_runner.py:83} INFO - Job 456: Subtask creatableLoad
[2022-11-28T04:22:05.638+0000] {task_command.py:376} INFO - Running <TaskInstance: dag_youtube_api.creatableLoad manual__2022-11-28T04:21:53.973377+00:00 [running]> on host 1977dd9b5152
[2022-11-28T04:22:05.852+0000] {taskinstance.py:1592} INFO - Exporting the following env vars:
AIRFLOW_CTX_DAG_OWNER=***
AIRFLOW_CTX_DAG_ID=dag_youtube_api
AIRFLOW_CTX_TASK_ID=creatableLoad
AIRFLOW_CTX_EXECUTION_DATE=2022-11-28T04:21:53.973377+00:00
AIRFLOW_CTX_TRY_NUMBER=1
AIRFLOW_CTX_DAG_RUN_ID=manual__2022-11-28T04:21:53.973377+00:00
[2022-11-28T04:22:05.920+0000] {python.py:177} INFO - Done. Returned value was: None
[2022-11-28T04:22:05.943+0000] {taskinstance.py:1406} INFO - Marking task as SUCCESS. dag_id=dag_youtube_api, task_id=creatableLoad, execution_date=20221128T042153, start_date=20221128T042205, end_date=20221128T042205
[2022-11-28T04:22:06.012+0000] {local_task_job.py:159} INFO - Task exited with return code 0
[2022-11-28T04:22:06.065+0000] {taskinstance.py:2623} INFO - 0 downstream tasks scheduled from follow-on schedule check
