[2022-11-28T16:15:16.425+0000] {taskinstance.py:1165} INFO - Dependencies all met for <TaskInstance: dag_try_oop.extractYtApiOperator scheduled__2022-11-27T16:00:00+00:00 [queued]>
[2022-11-28T16:15:16.454+0000] {taskinstance.py:1165} INFO - Dependencies all met for <TaskInstance: dag_try_oop.extractYtApiOperator scheduled__2022-11-27T16:00:00+00:00 [queued]>
[2022-11-28T16:15:16.454+0000] {taskinstance.py:1362} INFO - 
--------------------------------------------------------------------------------
[2022-11-28T16:15:16.454+0000] {taskinstance.py:1363} INFO - Starting attempt 1 of 2
[2022-11-28T16:15:16.454+0000] {taskinstance.py:1364} INFO - 
--------------------------------------------------------------------------------
[2022-11-28T16:15:16.477+0000] {taskinstance.py:1383} INFO - Executing <Task(extractYtApiOperator): extractYtApiOperator> on 2022-11-27 16:00:00+00:00
[2022-11-28T16:15:16.487+0000] {standard_task_runner.py:55} INFO - Started process 829 to run task
[2022-11-28T16:15:16.518+0000] {standard_task_runner.py:82} INFO - Running: ['***', 'tasks', 'run', 'dag_try_oop', 'extractYtApiOperator', 'scheduled__2022-11-27T16:00:00+00:00', '--job-id', '701', '--raw', '--subdir', 'DAGS_FOLDER/dag_try_oop.py', '--cfg-path', '/tmp/tmpq6c5l32q']
[2022-11-28T16:15:16.521+0000] {standard_task_runner.py:83} INFO - Job 701: Subtask extractYtApiOperator
[2022-11-28T16:15:16.681+0000] {task_command.py:376} INFO - Running <TaskInstance: dag_try_oop.extractYtApiOperator scheduled__2022-11-27T16:00:00+00:00 [running]> on host 1dd759b3e30c
[2022-11-28T16:15:16.844+0000] {taskinstance.py:1592} INFO - Exporting the following env vars:
AIRFLOW_CTX_DAG_OWNER=***
AIRFLOW_CTX_DAG_ID=dag_try_oop
AIRFLOW_CTX_TASK_ID=extractYtApiOperator
AIRFLOW_CTX_EXECUTION_DATE=2022-11-27T16:00:00+00:00
AIRFLOW_CTX_TRY_NUMBER=1
AIRFLOW_CTX_DAG_RUN_ID=scheduled__2022-11-27T16:00:00+00:00
[2022-11-28T16:15:18.326+0000] {logging_mixin.py:137} INFO - Writing ID data to file...
