[2022-11-28T16:27:36.388+0000] {taskinstance.py:1165} INFO - Dependencies all met for <TaskInstance: dag_try_oop.extractYtApiOperator scheduled__2022-11-27T16:00:00+00:00 [queued]>
[2022-11-28T16:27:36.418+0000] {taskinstance.py:1165} INFO - Dependencies all met for <TaskInstance: dag_try_oop.extractYtApiOperator scheduled__2022-11-27T16:00:00+00:00 [queued]>
[2022-11-28T16:27:36.418+0000] {taskinstance.py:1362} INFO - 
--------------------------------------------------------------------------------
[2022-11-28T16:27:36.419+0000] {taskinstance.py:1363} INFO - Starting attempt 2 of 2
[2022-11-28T16:27:36.424+0000] {taskinstance.py:1364} INFO - 
--------------------------------------------------------------------------------
[2022-11-28T16:27:36.454+0000] {taskinstance.py:1383} INFO - Executing <Task(extractYtApiOperator): extractYtApiOperator> on 2022-11-27 16:00:00+00:00
[2022-11-28T16:27:36.471+0000] {standard_task_runner.py:55} INFO - Started process 401 to run task
[2022-11-28T16:27:36.487+0000] {standard_task_runner.py:82} INFO - Running: ['***', 'tasks', 'run', 'dag_try_oop', 'extractYtApiOperator', 'scheduled__2022-11-27T16:00:00+00:00', '--job-id', '770', '--raw', '--subdir', 'DAGS_FOLDER/dag_try_oop.py', '--cfg-path', '/tmp/tmpk9f4218m']
[2022-11-28T16:27:36.494+0000] {standard_task_runner.py:83} INFO - Job 770: Subtask extractYtApiOperator
[2022-11-28T16:27:36.664+0000] {task_command.py:376} INFO - Running <TaskInstance: dag_try_oop.extractYtApiOperator scheduled__2022-11-27T16:00:00+00:00 [running]> on host 1dd759b3e30c
[2022-11-28T16:27:36.899+0000] {taskinstance.py:1592} INFO - Exporting the following env vars:
AIRFLOW_CTX_DAG_OWNER=***
AIRFLOW_CTX_DAG_ID=dag_try_oop
AIRFLOW_CTX_TASK_ID=extractYtApiOperator
AIRFLOW_CTX_EXECUTION_DATE=2022-11-27T16:00:00+00:00
AIRFLOW_CTX_TRY_NUMBER=2
AIRFLOW_CTX_DAG_RUN_ID=scheduled__2022-11-27T16:00:00+00:00
[2022-11-28T16:27:38.139+0000] {logging_mixin.py:137} INFO - Writing ID data to file...
[2022-11-28T16:27:39.352+0000] {logging_mixin.py:137} INFO - Writing EG data to file...
[2022-11-28T16:27:40.514+0000] {logging_mixin.py:137} INFO - Writing GB data to file...
[2022-11-28T16:27:40.588+0000] {taskinstance.py:1406} INFO - Marking task as SUCCESS. dag_id=dag_try_oop, task_id=extractYtApiOperator, execution_date=20221127T160000, start_date=20221128T162736, end_date=20221128T162740
[2022-11-28T16:27:40.747+0000] {local_task_job.py:159} INFO - Task exited with return code 0
[2022-11-28T16:27:41.298+0000] {taskinstance.py:2623} INFO - 0 downstream tasks scheduled from follow-on schedule check
