[2022-11-27 09:16:55,568] {processor.py:163} INFO - Started process (PID=2197) to work on /opt/airflow/dags/dag_example.py
[2022-11-27 09:16:55,570] {processor.py:642} INFO - Processing file /opt/airflow/dags/dag_example.py for tasks to queue
[2022-11-27 09:16:55,578] {logging_mixin.py:109} INFO - [2022-11-27 09:16:55,578] {dagbag.py:500} INFO - Filling up the DagBag from /opt/airflow/dags/dag_example.py
[2022-11-27 09:16:55,610] {logging_mixin.py:109} INFO - [2022-11-27 09:16:55,600] {dagbag.py:334} ERROR - Failed to import: /opt/airflow/dags/dag_example.py
Traceback (most recent call last):
  File "/home/airflow/.local/lib/python3.7/site-packages/airflow/models/dagbag.py", line 331, in _load_modules_from_file
    loader.exec_module(new_module)
  File "<frozen importlib._bootstrap_external>", line 728, in exec_module
  File "<frozen importlib._bootstrap>", line 219, in _call_with_frames_removed
  File "/opt/airflow/dags/dag_example.py", line 70, in <module>
    tags=['example'],
TypeError: __init__() got an unexpected keyword argument 'schedule'
[2022-11-27 09:16:55,655] {processor.py:656} WARNING - No viable dags retrieved from /opt/airflow/dags/dag_example.py
[2022-11-27 09:16:55,677] {processor.py:171} INFO - Processing /opt/airflow/dags/dag_example.py took 0.115 seconds
[2022-11-27 09:18:59,823] {processor.py:163} INFO - Started process (PID=39) to work on /opt/airflow/dags/dag_example.py
[2022-11-27 09:18:59,826] {processor.py:642} INFO - Processing file /opt/airflow/dags/dag_example.py for tasks to queue
[2022-11-27 09:18:59,833] {logging_mixin.py:109} INFO - [2022-11-27 09:18:59,832] {dagbag.py:500} INFO - Filling up the DagBag from /opt/airflow/dags/dag_example.py
[2022-11-27 09:18:59,910] {logging_mixin.py:109} INFO - [2022-11-27 09:18:59,902] {dagbag.py:334} ERROR - Failed to import: /opt/airflow/dags/dag_example.py
Traceback (most recent call last):
  File "/home/airflow/.local/lib/python3.7/site-packages/airflow/models/dagbag.py", line 331, in _load_modules_from_file
    loader.exec_module(new_module)
  File "<frozen importlib._bootstrap_external>", line 728, in exec_module
  File "<frozen importlib._bootstrap>", line 219, in _call_with_frames_removed
  File "/opt/airflow/dags/dag_example.py", line 70, in <module>
    tags=['example'],
TypeError: __init__() got an unexpected keyword argument 'schedule'
[2022-11-27 09:18:59,980] {processor.py:656} WARNING - No viable dags retrieved from /opt/airflow/dags/dag_example.py
[2022-11-27 09:19:00,102] {processor.py:171} INFO - Processing /opt/airflow/dags/dag_example.py took 0.285 seconds
[2022-11-27 09:20:20,204] {processor.py:163} INFO - Started process (PID=98) to work on /opt/airflow/dags/dag_example.py
[2022-11-27 09:20:20,264] {processor.py:642} INFO - Processing file /opt/airflow/dags/dag_example.py for tasks to queue
[2022-11-27 09:20:20,307] {logging_mixin.py:109} INFO - [2022-11-27 09:20:20,297] {dagbag.py:500} INFO - Filling up the DagBag from /opt/airflow/dags/dag_example.py
[2022-11-27 09:20:20,935] {logging_mixin.py:109} INFO - [2022-11-27 09:20:20,623] {dagbag.py:334} ERROR - Failed to import: /opt/airflow/dags/dag_example.py
Traceback (most recent call last):
  File "/home/airflow/.local/lib/python3.7/site-packages/airflow/models/dagbag.py", line 331, in _load_modules_from_file
    loader.exec_module(new_module)
  File "<frozen importlib._bootstrap_external>", line 728, in exec_module
  File "<frozen importlib._bootstrap>", line 219, in _call_with_frames_removed
  File "/opt/airflow/dags/dag_example.py", line 70, in <module>
    tags=['example'],
TypeError: __init__() got an unexpected keyword argument 'schedule'
[2022-11-27 09:20:22,895] {processor.py:656} WARNING - No viable dags retrieved from /opt/airflow/dags/dag_example.py
[2022-11-27 09:20:25,606] {processor.py:171} INFO - Processing /opt/airflow/dags/dag_example.py took 5.470 seconds
[2022-11-27 09:23:13,105] {processor.py:163} INFO - Started process (PID=61) to work on /opt/airflow/dags/dag_example.py
[2022-11-27 09:23:13,110] {processor.py:642} INFO - Processing file /opt/airflow/dags/dag_example.py for tasks to queue
[2022-11-27 09:23:13,115] {logging_mixin.py:109} INFO - [2022-11-27 09:23:13,115] {dagbag.py:500} INFO - Filling up the DagBag from /opt/airflow/dags/dag_example.py
[2022-11-27 09:23:13,170] {logging_mixin.py:109} INFO - [2022-11-27 09:23:13,155] {dagbag.py:334} ERROR - Failed to import: /opt/airflow/dags/dag_example.py
Traceback (most recent call last):
  File "/home/airflow/.local/lib/python3.7/site-packages/airflow/models/dagbag.py", line 331, in _load_modules_from_file
    loader.exec_module(new_module)
  File "<frozen importlib._bootstrap_external>", line 728, in exec_module
  File "<frozen importlib._bootstrap>", line 219, in _call_with_frames_removed
  File "/opt/airflow/dags/dag_example.py", line 70, in <module>
    tags=['example'],
TypeError: __init__() got an unexpected keyword argument 'schedule'
[2022-11-27 09:23:13,236] {processor.py:656} WARNING - No viable dags retrieved from /opt/airflow/dags/dag_example.py
[2022-11-27 09:23:13,264] {processor.py:171} INFO - Processing /opt/airflow/dags/dag_example.py took 0.183 seconds
[2022-11-27 09:24:09,880] {processor.py:163} INFO - Started process (PID=118) to work on /opt/airflow/dags/dag_example.py
[2022-11-27 09:24:09,883] {processor.py:642} INFO - Processing file /opt/airflow/dags/dag_example.py for tasks to queue
[2022-11-27 09:24:09,892] {logging_mixin.py:109} INFO - [2022-11-27 09:24:09,884] {dagbag.py:500} INFO - Filling up the DagBag from /opt/airflow/dags/dag_example.py
[2022-11-27 09:24:09,942] {logging_mixin.py:109} INFO - [2022-11-27 09:24:09,909] {dagbag.py:334} ERROR - Failed to import: /opt/airflow/dags/dag_example.py
Traceback (most recent call last):
  File "/home/airflow/.local/lib/python3.7/site-packages/airflow/models/dagbag.py", line 331, in _load_modules_from_file
    loader.exec_module(new_module)
  File "<frozen importlib._bootstrap_external>", line 728, in exec_module
  File "<frozen importlib._bootstrap>", line 219, in _call_with_frames_removed
  File "/opt/airflow/dags/dag_example.py", line 70, in <module>
    tags=['example'],
TypeError: __init__() got an unexpected keyword argument 'schedule'
[2022-11-27 09:24:10,009] {processor.py:656} WARNING - No viable dags retrieved from /opt/airflow/dags/dag_example.py
[2022-11-27 09:24:10,044] {processor.py:171} INFO - Processing /opt/airflow/dags/dag_example.py took 0.201 seconds
[2022-11-27 09:24:40,963] {processor.py:163} INFO - Started process (PID=164) to work on /opt/airflow/dags/dag_example.py
[2022-11-27 09:24:40,967] {processor.py:642} INFO - Processing file /opt/airflow/dags/dag_example.py for tasks to queue
[2022-11-27 09:24:40,979] {logging_mixin.py:109} INFO - [2022-11-27 09:24:40,978] {dagbag.py:500} INFO - Filling up the DagBag from /opt/airflow/dags/dag_example.py
[2022-11-27 09:24:41,101] {logging_mixin.py:109} INFO - [2022-11-27 09:24:41,075] {dagbag.py:334} ERROR - Failed to import: /opt/airflow/dags/dag_example.py
Traceback (most recent call last):
  File "/home/airflow/.local/lib/python3.7/site-packages/airflow/models/dagbag.py", line 331, in _load_modules_from_file
    loader.exec_module(new_module)
  File "<frozen importlib._bootstrap_external>", line 728, in exec_module
  File "<frozen importlib._bootstrap>", line 219, in _call_with_frames_removed
  File "/opt/airflow/dags/dag_example.py", line 70, in <module>
    tags=['example'],
TypeError: __init__() got an unexpected keyword argument 'schedule'
[2022-11-27 09:24:41,412] {processor.py:656} WARNING - No viable dags retrieved from /opt/airflow/dags/dag_example.py
[2022-11-27 09:24:41,584] {processor.py:171} INFO - Processing /opt/airflow/dags/dag_example.py took 0.675 seconds
[2022-11-27 09:25:11,875] {processor.py:163} INFO - Started process (PID=207) to work on /opt/airflow/dags/dag_example.py
[2022-11-27 09:25:11,876] {processor.py:642} INFO - Processing file /opt/airflow/dags/dag_example.py for tasks to queue
[2022-11-27 09:25:11,877] {logging_mixin.py:109} INFO - [2022-11-27 09:25:11,877] {dagbag.py:500} INFO - Filling up the DagBag from /opt/airflow/dags/dag_example.py
[2022-11-27 09:25:11,887] {logging_mixin.py:109} INFO - [2022-11-27 09:25:11,885] {dagbag.py:334} ERROR - Failed to import: /opt/airflow/dags/dag_example.py
Traceback (most recent call last):
  File "/home/airflow/.local/lib/python3.7/site-packages/airflow/models/dagbag.py", line 331, in _load_modules_from_file
    loader.exec_module(new_module)
  File "<frozen importlib._bootstrap_external>", line 728, in exec_module
  File "<frozen importlib._bootstrap>", line 219, in _call_with_frames_removed
  File "/opt/airflow/dags/dag_example.py", line 70, in <module>
    tags=['example'],
TypeError: __init__() got an unexpected keyword argument 'schedule'
[2022-11-27 09:25:11,912] {processor.py:656} WARNING - No viable dags retrieved from /opt/airflow/dags/dag_example.py
[2022-11-27 09:25:11,923] {processor.py:171} INFO - Processing /opt/airflow/dags/dag_example.py took 0.054 seconds
[2022-11-27 09:25:42,509] {processor.py:163} INFO - Started process (PID=266) to work on /opt/airflow/dags/dag_example.py
[2022-11-27 09:25:42,517] {processor.py:642} INFO - Processing file /opt/airflow/dags/dag_example.py for tasks to queue
[2022-11-27 09:25:42,519] {logging_mixin.py:109} INFO - [2022-11-27 09:25:42,519] {dagbag.py:500} INFO - Filling up the DagBag from /opt/airflow/dags/dag_example.py
[2022-11-27 09:25:42,550] {logging_mixin.py:109} INFO - [2022-11-27 09:25:42,546] {dagbag.py:334} ERROR - Failed to import: /opt/airflow/dags/dag_example.py
Traceback (most recent call last):
  File "/home/airflow/.local/lib/python3.7/site-packages/airflow/models/dagbag.py", line 331, in _load_modules_from_file
    loader.exec_module(new_module)
  File "<frozen importlib._bootstrap_external>", line 728, in exec_module
  File "<frozen importlib._bootstrap>", line 219, in _call_with_frames_removed
  File "/opt/airflow/dags/dag_example.py", line 70, in <module>
    tags=['example'],
TypeError: __init__() got an unexpected keyword argument 'schedule'
[2022-11-27 09:25:42,605] {processor.py:656} WARNING - No viable dags retrieved from /opt/airflow/dags/dag_example.py
[2022-11-27 09:25:42,616] {processor.py:171} INFO - Processing /opt/airflow/dags/dag_example.py took 0.110 seconds
[2022-11-27 09:26:56,458] {processor.py:163} INFO - Started process (PID=37) to work on /opt/airflow/dags/dag_example.py
[2022-11-27 09:26:56,472] {processor.py:642} INFO - Processing file /opt/airflow/dags/dag_example.py for tasks to queue
[2022-11-27 09:26:56,478] {logging_mixin.py:109} INFO - [2022-11-27 09:26:56,472] {dagbag.py:500} INFO - Filling up the DagBag from /opt/airflow/dags/dag_example.py
[2022-11-27 09:26:56,514] {logging_mixin.py:109} INFO - [2022-11-27 09:26:56,506] {dagbag.py:334} ERROR - Failed to import: /opt/airflow/dags/dag_example.py
Traceback (most recent call last):
  File "/home/airflow/.local/lib/python3.7/site-packages/airflow/models/dagbag.py", line 331, in _load_modules_from_file
    loader.exec_module(new_module)
  File "<frozen importlib._bootstrap_external>", line 728, in exec_module
  File "<frozen importlib._bootstrap>", line 219, in _call_with_frames_removed
  File "/opt/airflow/dags/dag_example.py", line 70, in <module>
    tags=['example'],
TypeError: __init__() got an unexpected keyword argument 'schedule'
[2022-11-27 09:26:56,576] {processor.py:656} WARNING - No viable dags retrieved from /opt/airflow/dags/dag_example.py
[2022-11-27 09:26:56,601] {processor.py:171} INFO - Processing /opt/airflow/dags/dag_example.py took 0.149 seconds
[2022-11-27 09:27:27,040] {processor.py:163} INFO - Started process (PID=87) to work on /opt/airflow/dags/dag_example.py
[2022-11-27 09:27:27,042] {processor.py:642} INFO - Processing file /opt/airflow/dags/dag_example.py for tasks to queue
[2022-11-27 09:27:27,067] {logging_mixin.py:109} INFO - [2022-11-27 09:27:27,067] {dagbag.py:500} INFO - Filling up the DagBag from /opt/airflow/dags/dag_example.py
[2022-11-27 09:27:27,085] {logging_mixin.py:109} INFO - [2022-11-27 09:27:27,081] {dagbag.py:334} ERROR - Failed to import: /opt/airflow/dags/dag_example.py
Traceback (most recent call last):
  File "/home/airflow/.local/lib/python3.7/site-packages/airflow/models/dagbag.py", line 331, in _load_modules_from_file
    loader.exec_module(new_module)
  File "<frozen importlib._bootstrap_external>", line 728, in exec_module
  File "<frozen importlib._bootstrap>", line 219, in _call_with_frames_removed
  File "/opt/airflow/dags/dag_example.py", line 70, in <module>
    tags=['example'],
TypeError: __init__() got an unexpected keyword argument 'schedule'
[2022-11-27 09:27:27,115] {processor.py:656} WARNING - No viable dags retrieved from /opt/airflow/dags/dag_example.py
[2022-11-27 09:27:27,145] {processor.py:171} INFO - Processing /opt/airflow/dags/dag_example.py took 0.115 seconds
