[2022-11-27T16:28:39.517+0000] {taskinstance.py:1165} INFO - Dependencies all met for <TaskInstance: dag_youtube_api.creatableLoad manual__2022-11-27T16:28:37.260159+00:00 [queued]>
[2022-11-27T16:28:39.539+0000] {taskinstance.py:1165} INFO - Dependencies all met for <TaskInstance: dag_youtube_api.creatableLoad manual__2022-11-27T16:28:37.260159+00:00 [queued]>
[2022-11-27T16:28:39.540+0000] {taskinstance.py:1362} INFO - 
--------------------------------------------------------------------------------
[2022-11-27T16:28:39.540+0000] {taskinstance.py:1363} INFO - Starting attempt 1 of 2
[2022-11-27T16:28:39.541+0000] {taskinstance.py:1364} INFO - 
--------------------------------------------------------------------------------
[2022-11-27T16:28:39.575+0000] {taskinstance.py:1383} INFO - Executing <Task(PythonOperator): creatableLoad> on 2022-11-27 16:28:37.260159+00:00
[2022-11-27T16:28:39.585+0000] {standard_task_runner.py:55} INFO - Started process 9715 to run task
[2022-11-27T16:28:39.598+0000] {standard_task_runner.py:82} INFO - Running: ['***', 'tasks', 'run', 'dag_youtube_api', 'creatableLoad', 'manual__2022-11-27T16:28:37.260159+00:00', '--job-id', '374', '--raw', '--subdir', 'DAGS_FOLDER/dag_youtube_api.py', '--cfg-path', '/tmp/tmp0h0atejo']
[2022-11-27T16:28:39.608+0000] {standard_task_runner.py:83} INFO - Job 374: Subtask creatableLoad
[2022-11-27T16:28:39.714+0000] {task_command.py:376} INFO - Running <TaskInstance: dag_youtube_api.creatableLoad manual__2022-11-27T16:28:37.260159+00:00 [running]> on host 1977dd9b5152
[2022-11-27T16:28:39.841+0000] {taskinstance.py:1592} INFO - Exporting the following env vars:
AIRFLOW_CTX_DAG_OWNER=***
AIRFLOW_CTX_DAG_ID=dag_youtube_api
AIRFLOW_CTX_TASK_ID=creatableLoad
AIRFLOW_CTX_EXECUTION_DATE=2022-11-27T16:28:37.260159+00:00
AIRFLOW_CTX_TRY_NUMBER=1
AIRFLOW_CTX_DAG_RUN_ID=manual__2022-11-27T16:28:37.260159+00:00
[2022-11-27T16:28:39.846+0000] {python.py:177} INFO - Done. Returned value was: None
[2022-11-27T16:28:39.863+0000] {taskinstance.py:1406} INFO - Marking task as SUCCESS. dag_id=dag_youtube_api, task_id=creatableLoad, execution_date=20221127T162837, start_date=20221127T162839, end_date=20221127T162839
[2022-11-27T16:28:39.930+0000] {local_task_job.py:159} INFO - Task exited with return code 0
[2022-11-27T16:28:39.956+0000] {taskinstance.py:2623} INFO - 0 downstream tasks scheduled from follow-on schedule check
