[2022-11-28T16:30:34.250+0000] {taskinstance.py:1165} INFO - Dependencies all met for <TaskInstance: dag_try_oop.extractYtApiOperator scheduled__2022-11-28T04:30:00+00:00 [queued]>
[2022-11-28T16:30:34.556+0000] {taskinstance.py:1165} INFO - Dependencies all met for <TaskInstance: dag_try_oop.extractYtApiOperator scheduled__2022-11-28T04:30:00+00:00 [queued]>
[2022-11-28T16:30:34.565+0000] {taskinstance.py:1362} INFO - 
--------------------------------------------------------------------------------
[2022-11-28T16:30:34.578+0000] {taskinstance.py:1363} INFO - Starting attempt 1 of 2
[2022-11-28T16:30:34.591+0000] {taskinstance.py:1364} INFO - 
--------------------------------------------------------------------------------
[2022-11-28T16:30:34.922+0000] {taskinstance.py:1383} INFO - Executing <Task(extractYtApiOperator): extractYtApiOperator> on 2022-11-28 04:30:00+00:00
[2022-11-28T16:30:35.076+0000] {standard_task_runner.py:55} INFO - Started process 666 to run task
[2022-11-28T16:30:35.172+0000] {standard_task_runner.py:82} INFO - Running: ['***', 'tasks', 'run', 'dag_try_oop', 'extractYtApiOperator', 'scheduled__2022-11-28T04:30:00+00:00', '--job-id', '828', '--raw', '--subdir', 'DAGS_FOLDER/dag_try_oop.py', '--cfg-path', '/tmp/tmp5iyo6mr9']
[2022-11-28T16:30:35.225+0000] {standard_task_runner.py:83} INFO - Job 828: Subtask extractYtApiOperator
[2022-11-28T16:30:36.293+0000] {task_command.py:376} INFO - Running <TaskInstance: dag_try_oop.extractYtApiOperator scheduled__2022-11-28T04:30:00+00:00 [running]> on host 1dd759b3e30c
[2022-11-28T16:30:37.661+0000] {taskinstance.py:1592} INFO - Exporting the following env vars:
AIRFLOW_CTX_DAG_OWNER=***
AIRFLOW_CTX_DAG_ID=dag_try_oop
AIRFLOW_CTX_TASK_ID=extractYtApiOperator
AIRFLOW_CTX_EXECUTION_DATE=2022-11-28T04:30:00+00:00
AIRFLOW_CTX_TRY_NUMBER=1
AIRFLOW_CTX_DAG_RUN_ID=scheduled__2022-11-28T04:30:00+00:00
[2022-11-28T16:30:39.966+0000] {logging_mixin.py:137} INFO - Writing ID data to file...
[2022-11-28T16:30:42.080+0000] {logging_mixin.py:137} INFO - Writing EG data to file...
[2022-11-28T16:30:43.406+0000] {logging_mixin.py:137} INFO - Writing GB data to file...
[2022-11-28T16:30:43.540+0000] {taskinstance.py:1406} INFO - Marking task as SUCCESS. dag_id=dag_try_oop, task_id=extractYtApiOperator, execution_date=20221128T043000, start_date=20221128T163034, end_date=20221128T163043
[2022-11-28T16:30:43.916+0000] {local_task_job.py:159} INFO - Task exited with return code 0
[2022-11-28T16:30:44.894+0000] {taskinstance.py:2623} INFO - 0 downstream tasks scheduled from follow-on schedule check
