[2022-11-28T04:25:10.196+0000] {taskinstance.py:1165} INFO - Dependencies all met for <TaskInstance: dag_youtube_api.creatableLoad manual__2022-11-28T04:19:56.716943+00:00 [queued]>
[2022-11-28T04:25:10.214+0000] {taskinstance.py:1165} INFO - Dependencies all met for <TaskInstance: dag_youtube_api.creatableLoad manual__2022-11-28T04:19:56.716943+00:00 [queued]>
[2022-11-28T04:25:10.215+0000] {taskinstance.py:1362} INFO - 
--------------------------------------------------------------------------------
[2022-11-28T04:25:10.215+0000] {taskinstance.py:1363} INFO - Starting attempt 2 of 2
[2022-11-28T04:25:10.216+0000] {taskinstance.py:1364} INFO - 
--------------------------------------------------------------------------------
[2022-11-28T04:25:10.244+0000] {taskinstance.py:1383} INFO - Executing <Task(PythonOperator): creatableLoad> on 2022-11-28 04:19:56.716943+00:00
[2022-11-28T04:25:10.259+0000] {standard_task_runner.py:55} INFO - Started process 2260 to run task
[2022-11-28T04:25:10.267+0000] {standard_task_runner.py:82} INFO - Running: ['***', 'tasks', 'run', 'dag_youtube_api', 'creatableLoad', 'manual__2022-11-28T04:19:56.716943+00:00', '--job-id', '459', '--raw', '--subdir', 'DAGS_FOLDER/dag_youtube_api.py', '--cfg-path', '/tmp/tmpbpm3zqa6']
[2022-11-28T04:25:10.274+0000] {standard_task_runner.py:83} INFO - Job 459: Subtask creatableLoad
[2022-11-28T04:25:10.469+0000] {task_command.py:376} INFO - Running <TaskInstance: dag_youtube_api.creatableLoad manual__2022-11-28T04:19:56.716943+00:00 [running]> on host 1977dd9b5152
[2022-11-28T04:25:10.668+0000] {taskinstance.py:1592} INFO - Exporting the following env vars:
AIRFLOW_CTX_DAG_OWNER=***
AIRFLOW_CTX_DAG_ID=dag_youtube_api
AIRFLOW_CTX_TASK_ID=creatableLoad
AIRFLOW_CTX_EXECUTION_DATE=2022-11-28T04:19:56.716943+00:00
AIRFLOW_CTX_TRY_NUMBER=2
AIRFLOW_CTX_DAG_RUN_ID=manual__2022-11-28T04:19:56.716943+00:00
[2022-11-28T04:25:10.737+0000] {python.py:177} INFO - Done. Returned value was: None
[2022-11-28T04:25:10.758+0000] {taskinstance.py:1406} INFO - Marking task as SUCCESS. dag_id=dag_youtube_api, task_id=creatableLoad, execution_date=20221128T041956, start_date=20221128T042510, end_date=20221128T042510
[2022-11-28T04:25:10.844+0000] {local_task_job.py:159} INFO - Task exited with return code 0
[2022-11-28T04:25:10.888+0000] {taskinstance.py:2623} INFO - 0 downstream tasks scheduled from follow-on schedule check
