[2022-11-28T10:29:29.013+0000] {taskinstance.py:1165} INFO - Dependencies all met for <TaskInstance: dag_youtube_api.getDataToLocal manual__2022-11-28T10:29:26.746287+00:00 [queued]>
[2022-11-28T10:29:29.028+0000] {taskinstance.py:1165} INFO - Dependencies all met for <TaskInstance: dag_youtube_api.getDataToLocal manual__2022-11-28T10:29:26.746287+00:00 [queued]>
[2022-11-28T10:29:29.029+0000] {taskinstance.py:1362} INFO - 
--------------------------------------------------------------------------------
[2022-11-28T10:29:29.029+0000] {taskinstance.py:1363} INFO - Starting attempt 1 of 2
[2022-11-28T10:29:29.030+0000] {taskinstance.py:1364} INFO - 
--------------------------------------------------------------------------------
[2022-11-28T10:29:29.069+0000] {taskinstance.py:1383} INFO - Executing <Task(PythonOperator): getDataToLocal> on 2022-11-28 10:29:26.746287+00:00
[2022-11-28T10:29:29.086+0000] {standard_task_runner.py:55} INFO - Started process 5457 to run task
[2022-11-28T10:29:29.098+0000] {standard_task_runner.py:82} INFO - Running: ['***', 'tasks', 'run', 'dag_youtube_api', 'getDataToLocal', 'manual__2022-11-28T10:29:26.746287+00:00', '--job-id', '558', '--raw', '--subdir', 'DAGS_FOLDER/dag_youtube_api.py', '--cfg-path', '/tmp/tmpmljcseia']
[2022-11-28T10:29:29.108+0000] {standard_task_runner.py:83} INFO - Job 558: Subtask getDataToLocal
[2022-11-28T10:29:29.227+0000] {task_command.py:376} INFO - Running <TaskInstance: dag_youtube_api.getDataToLocal manual__2022-11-28T10:29:26.746287+00:00 [running]> on host 8af950e53524
[2022-11-28T10:29:29.361+0000] {taskinstance.py:1592} INFO - Exporting the following env vars:
AIRFLOW_CTX_DAG_OWNER=***
AIRFLOW_CTX_DAG_ID=dag_youtube_api
AIRFLOW_CTX_TASK_ID=getDataToLocal
AIRFLOW_CTX_EXECUTION_DATE=2022-11-28T10:29:26.746287+00:00
AIRFLOW_CTX_TRY_NUMBER=1
AIRFLOW_CTX_DAG_RUN_ID=manual__2022-11-28T10:29:26.746287+00:00
[2022-11-28T10:29:30.650+0000] {logging_mixin.py:137} INFO - Writing ID data to file...
[2022-11-28T10:29:32.633+0000] {logging_mixin.py:137} INFO - Writing EG data to file...
[2022-11-28T10:29:33.891+0000] {logging_mixin.py:137} INFO - Writing GB data to file...
[2022-11-28T10:29:33.898+0000] {python.py:177} INFO - Done. Returned value was: None
[2022-11-28T10:29:33.917+0000] {taskinstance.py:1406} INFO - Marking task as SUCCESS. dag_id=dag_youtube_api, task_id=getDataToLocal, execution_date=20221128T102926, start_date=20221128T102929, end_date=20221128T102933
[2022-11-28T10:29:33.977+0000] {local_task_job.py:159} INFO - Task exited with return code 0
[2022-11-28T10:29:34.069+0000] {taskinstance.py:2623} INFO - 1 downstream tasks scheduled from follow-on schedule check
