[2022-11-28T03:50:21.800+0000] {taskinstance.py:1165} INFO - Dependencies all met for <TaskInstance: dag_youtube_api.getDataToLocal manual__2022-11-28T03:50:16.862931+00:00 [queued]>
[2022-11-28T03:50:21.861+0000] {taskinstance.py:1165} INFO - Dependencies all met for <TaskInstance: dag_youtube_api.getDataToLocal manual__2022-11-28T03:50:16.862931+00:00 [queued]>
[2022-11-28T03:50:21.864+0000] {taskinstance.py:1362} INFO - 
--------------------------------------------------------------------------------
[2022-11-28T03:50:21.869+0000] {taskinstance.py:1363} INFO - Starting attempt 1 of 2
[2022-11-28T03:50:21.870+0000] {taskinstance.py:1364} INFO - 
--------------------------------------------------------------------------------
[2022-11-28T03:50:21.977+0000] {taskinstance.py:1383} INFO - Executing <Task(PythonOperator): getDataToLocal> on 2022-11-28 03:50:16.862931+00:00
[2022-11-28T03:50:22.106+0000] {standard_task_runner.py:55} INFO - Started process 647 to run task
[2022-11-28T03:50:22.159+0000] {standard_task_runner.py:82} INFO - Running: ['***', 'tasks', 'run', 'dag_youtube_api', 'getDataToLocal', 'manual__2022-11-28T03:50:16.862931+00:00', '--job-id', '436', '--raw', '--subdir', 'DAGS_FOLDER/dag_youtube_api.py', '--cfg-path', '/tmp/tmpwzc9m3d2']
[2022-11-28T03:50:22.179+0000] {standard_task_runner.py:83} INFO - Job 436: Subtask getDataToLocal
[2022-11-28T03:50:22.550+0000] {task_command.py:376} INFO - Running <TaskInstance: dag_youtube_api.getDataToLocal manual__2022-11-28T03:50:16.862931+00:00 [running]> on host 1977dd9b5152
[2022-11-28T03:50:22.913+0000] {taskinstance.py:1592} INFO - Exporting the following env vars:
AIRFLOW_CTX_DAG_OWNER=***
AIRFLOW_CTX_DAG_ID=dag_youtube_api
AIRFLOW_CTX_TASK_ID=getDataToLocal
AIRFLOW_CTX_EXECUTION_DATE=2022-11-28T03:50:16.862931+00:00
AIRFLOW_CTX_TRY_NUMBER=1
AIRFLOW_CTX_DAG_RUN_ID=manual__2022-11-28T03:50:16.862931+00:00
[2022-11-28T03:50:24.348+0000] {logging_mixin.py:137} INFO - Writing ID data to file...
[2022-11-28T03:50:24.376+0000] {python.py:177} INFO - Done. Returned value was: None
[2022-11-28T03:50:24.409+0000] {taskinstance.py:1406} INFO - Marking task as SUCCESS. dag_id=dag_youtube_api, task_id=getDataToLocal, execution_date=20221128T035016, start_date=20221128T035021, end_date=20221128T035024
[2022-11-28T03:50:24.579+0000] {local_task_job.py:159} INFO - Task exited with return code 0
[2022-11-28T03:50:24.676+0000] {taskinstance.py:2623} INFO - 0 downstream tasks scheduled from follow-on schedule check
