[2022-11-28T04:20:05.290+0000] {taskinstance.py:1165} INFO - Dependencies all met for <TaskInstance: dag_youtube_api.transform manual__2022-11-28T04:19:56.716943+00:00 [queued]>
[2022-11-28T04:20:05.334+0000] {taskinstance.py:1165} INFO - Dependencies all met for <TaskInstance: dag_youtube_api.transform manual__2022-11-28T04:19:56.716943+00:00 [queued]>
[2022-11-28T04:20:05.334+0000] {taskinstance.py:1362} INFO - 
--------------------------------------------------------------------------------
[2022-11-28T04:20:05.344+0000] {taskinstance.py:1363} INFO - Starting attempt 1 of 2
[2022-11-28T04:20:05.345+0000] {taskinstance.py:1364} INFO - 
--------------------------------------------------------------------------------
[2022-11-28T04:20:05.389+0000] {taskinstance.py:1383} INFO - Executing <Task(PythonOperator): transform> on 2022-11-28 04:19:56.716943+00:00
[2022-11-28T04:20:05.410+0000] {standard_task_runner.py:55} INFO - Started process 2023 to run task
[2022-11-28T04:20:05.435+0000] {standard_task_runner.py:82} INFO - Running: ['***', 'tasks', 'run', 'dag_youtube_api', 'transform', 'manual__2022-11-28T04:19:56.716943+00:00', '--job-id', '452', '--raw', '--subdir', 'DAGS_FOLDER/dag_youtube_api.py', '--cfg-path', '/tmp/tmpdwe925hz']
[2022-11-28T04:20:05.450+0000] {standard_task_runner.py:83} INFO - Job 452: Subtask transform
[2022-11-28T04:20:05.646+0000] {task_command.py:376} INFO - Running <TaskInstance: dag_youtube_api.transform manual__2022-11-28T04:19:56.716943+00:00 [running]> on host 1977dd9b5152
[2022-11-28T04:20:05.849+0000] {taskinstance.py:1592} INFO - Exporting the following env vars:
AIRFLOW_CTX_DAG_OWNER=***
AIRFLOW_CTX_DAG_ID=dag_youtube_api
AIRFLOW_CTX_TASK_ID=transform
AIRFLOW_CTX_EXECUTION_DATE=2022-11-28T04:19:56.716943+00:00
AIRFLOW_CTX_TRY_NUMBER=1
AIRFLOW_CTX_DAG_RUN_ID=manual__2022-11-28T04:19:56.716943+00:00
[2022-11-28T04:20:05.898+0000] {python.py:177} INFO - Done. Returned value was: None
[2022-11-28T04:20:05.916+0000] {taskinstance.py:1406} INFO - Marking task as SUCCESS. dag_id=dag_youtube_api, task_id=transform, execution_date=20221128T041956, start_date=20221128T042005, end_date=20221128T042005
[2022-11-28T04:20:06.001+0000] {local_task_job.py:159} INFO - Task exited with return code 0
[2022-11-28T04:20:06.156+0000] {taskinstance.py:2623} INFO - 0 downstream tasks scheduled from follow-on schedule check
