[2022-11-28T03:37:49.986+0000] {taskinstance.py:1165} INFO - Dependencies all met for <TaskInstance: dag_youtube_api.creatableLoad scheduled__2022-11-27T00:00:00+00:00 [queued]>
[2022-11-28T03:37:50.058+0000] {taskinstance.py:1165} INFO - Dependencies all met for <TaskInstance: dag_youtube_api.creatableLoad scheduled__2022-11-27T00:00:00+00:00 [queued]>
[2022-11-28T03:37:50.064+0000] {taskinstance.py:1362} INFO - 
--------------------------------------------------------------------------------
[2022-11-28T03:37:50.065+0000] {taskinstance.py:1363} INFO - Starting attempt 1 of 2
[2022-11-28T03:37:50.067+0000] {taskinstance.py:1364} INFO - 
--------------------------------------------------------------------------------
[2022-11-28T03:37:50.170+0000] {taskinstance.py:1383} INFO - Executing <Task(PythonOperator): creatableLoad> on 2022-11-27 00:00:00+00:00
[2022-11-28T03:37:50.199+0000] {standard_task_runner.py:55} INFO - Started process 80 to run task
[2022-11-28T03:37:50.218+0000] {standard_task_runner.py:82} INFO - Running: ['***', 'tasks', 'run', 'dag_youtube_api', 'creatableLoad', 'scheduled__2022-11-27T00:00:00+00:00', '--job-id', '427', '--raw', '--subdir', 'DAGS_FOLDER/dag_youtube_api.py', '--cfg-path', '/tmp/tmp11975hce']
[2022-11-28T03:37:50.226+0000] {standard_task_runner.py:83} INFO - Job 427: Subtask creatableLoad
[2022-11-28T03:37:50.790+0000] {task_command.py:376} INFO - Running <TaskInstance: dag_youtube_api.creatableLoad scheduled__2022-11-27T00:00:00+00:00 [running]> on host 1977dd9b5152
[2022-11-28T03:37:52.937+0000] {taskinstance.py:1592} INFO - Exporting the following env vars:
AIRFLOW_CTX_DAG_OWNER=***
AIRFLOW_CTX_DAG_ID=dag_youtube_api
AIRFLOW_CTX_TASK_ID=creatableLoad
AIRFLOW_CTX_EXECUTION_DATE=2022-11-27T00:00:00+00:00
AIRFLOW_CTX_TRY_NUMBER=1
AIRFLOW_CTX_DAG_RUN_ID=scheduled__2022-11-27T00:00:00+00:00
[2022-11-28T03:37:53.280+0000] {taskinstance.py:1851} ERROR - Task failed with exception
Traceback (most recent call last):
  File "/home/airflow/.local/lib/python3.7/site-packages/airflow/operators/python.py", line 175, in execute
    return_value = self.execute_callable()
  File "/home/airflow/.local/lib/python3.7/site-packages/airflow/operators/python.py", line 193, in execute_callable
    return self.python_callable(*self.op_args, **self.op_kwargs)
  File "/opt/airflow/dags/dag_youtube_api.py", line 178, in creatableLoad
    row.split(",")[10])
psycopg2.errors.StringDataRightTruncation: value too long for type character varying(100)

[2022-11-28T03:37:53.391+0000] {taskinstance.py:1406} INFO - Marking task as UP_FOR_RETRY. dag_id=dag_youtube_api, task_id=creatableLoad, execution_date=20221127T000000, start_date=20221128T033749, end_date=20221128T033753
[2022-11-28T03:37:53.452+0000] {standard_task_runner.py:105} ERROR - Failed to execute job 427 for task creatableLoad (value too long for type character varying(100)
; 80)
[2022-11-28T03:37:53.535+0000] {local_task_job.py:159} INFO - Task exited with return code 1
[2022-11-28T03:37:53.693+0000] {taskinstance.py:2623} INFO - 0 downstream tasks scheduled from follow-on schedule check
