[2022-11-28T16:13:49.669+0000] {taskinstance.py:1165} INFO - Dependencies all met for <TaskInstance: dag_try_oop.extractYtApiOperator manual__2022-11-28T16:06:46.783075+00:00 [queued]>
[2022-11-28T16:13:50.125+0000] {taskinstance.py:1165} INFO - Dependencies all met for <TaskInstance: dag_try_oop.extractYtApiOperator manual__2022-11-28T16:06:46.783075+00:00 [queued]>
[2022-11-28T16:13:50.133+0000] {taskinstance.py:1362} INFO - 
--------------------------------------------------------------------------------
[2022-11-28T16:13:50.143+0000] {taskinstance.py:1363} INFO - Starting attempt 1 of 2
[2022-11-28T16:13:50.159+0000] {taskinstance.py:1364} INFO - 
--------------------------------------------------------------------------------
[2022-11-28T16:13:50.718+0000] {taskinstance.py:1383} INFO - Executing <Task(extractYtApiOperator): extractYtApiOperator> on 2022-11-28 16:06:46.783075+00:00
[2022-11-28T16:13:50.881+0000] {standard_task_runner.py:55} INFO - Started process 750 to run task
[2022-11-28T16:13:51.014+0000] {standard_task_runner.py:82} INFO - Running: ['***', 'tasks', 'run', 'dag_try_oop', 'extractYtApiOperator', 'manual__2022-11-28T16:06:46.783075+00:00', '--job-id', '693', '--raw', '--subdir', 'DAGS_FOLDER/dag_try_oop.py', '--cfg-path', '/tmp/tmpi1epn4mk']
[2022-11-28T16:13:51.059+0000] {standard_task_runner.py:83} INFO - Job 693: Subtask extractYtApiOperator
[2022-11-28T16:13:51.976+0000] {task_command.py:376} INFO - Running <TaskInstance: dag_try_oop.extractYtApiOperator manual__2022-11-28T16:06:46.783075+00:00 [running]> on host 1dd759b3e30c
[2022-11-28T16:13:52.563+0000] {taskinstance.py:1592} INFO - Exporting the following env vars:
AIRFLOW_CTX_DAG_OWNER=***
AIRFLOW_CTX_DAG_ID=dag_try_oop
AIRFLOW_CTX_TASK_ID=extractYtApiOperator
AIRFLOW_CTX_EXECUTION_DATE=2022-11-28T16:06:46.783075+00:00
AIRFLOW_CTX_TRY_NUMBER=1
AIRFLOW_CTX_DAG_RUN_ID=manual__2022-11-28T16:06:46.783075+00:00
[2022-11-28T16:13:54.170+0000] {logging_mixin.py:137} INFO - Writing ID data to file...
[2022-11-28T16:13:55.467+0000] {logging_mixin.py:137} INFO - Writing EG data to file...
[2022-11-28T16:13:56.774+0000] {logging_mixin.py:137} INFO - Writing GB data to file...
[2022-11-28T16:13:56.807+0000] {taskinstance.py:1406} INFO - Marking task as SUCCESS. dag_id=dag_try_oop, task_id=extractYtApiOperator, execution_date=20221128T160646, start_date=20221128T161349, end_date=20221128T161356
[2022-11-28T16:13:56.924+0000] {local_task_job.py:159} INFO - Task exited with return code 0
[2022-11-28T16:13:57.052+0000] {taskinstance.py:2623} INFO - 1 downstream tasks scheduled from follow-on schedule check
