[2022-11-27T11:18:01.923+0000] {taskinstance.py:1165} INFO - Dependencies all met for <TaskInstance: hello_world_dag.hello_world_task scheduled__2022-11-27T11:17:00+00:00 [queued]>
[2022-11-27T11:18:01.933+0000] {taskinstance.py:1165} INFO - Dependencies all met for <TaskInstance: hello_world_dag.hello_world_task scheduled__2022-11-27T11:17:00+00:00 [queued]>
[2022-11-27T11:18:01.933+0000] {taskinstance.py:1362} INFO - 
--------------------------------------------------------------------------------
[2022-11-27T11:18:01.934+0000] {taskinstance.py:1363} INFO - Starting attempt 1 of 4
[2022-11-27T11:18:01.934+0000] {taskinstance.py:1364} INFO - 
--------------------------------------------------------------------------------
[2022-11-27T11:18:01.951+0000] {taskinstance.py:1383} INFO - Executing <Task(PythonOperator): hello_world_task> on 2022-11-27 11:17:00+00:00
[2022-11-27T11:18:01.956+0000] {standard_task_runner.py:55} INFO - Started process 1123 to run task
[2022-11-27T11:18:01.964+0000] {standard_task_runner.py:82} INFO - Running: ['***', 'tasks', 'run', 'hello_world_dag', 'hello_world_task', 'scheduled__2022-11-27T11:17:00+00:00', '--job-id', '286', '--raw', '--subdir', 'DAGS_FOLDER/dag_helloworld.py', '--cfg-path', '/tmp/tmpu_46dslw']
[2022-11-27T11:18:01.966+0000] {standard_task_runner.py:83} INFO - Job 286: Subtask hello_world_task
[2022-11-27T11:18:02.076+0000] {task_command.py:376} INFO - Running <TaskInstance: hello_world_dag.hello_world_task scheduled__2022-11-27T11:17:00+00:00 [running]> on host 3a447a80b3bb
[2022-11-27T11:18:02.164+0000] {taskinstance.py:1592} INFO - Exporting the following env vars:
AIRFLOW_CTX_DAG_OWNER=wiweka
AIRFLOW_CTX_DAG_ID=hello_world_dag
AIRFLOW_CTX_TASK_ID=hello_world_task
AIRFLOW_CTX_EXECUTION_DATE=2022-11-27T11:17:00+00:00
AIRFLOW_CTX_TRY_NUMBER=1
AIRFLOW_CTX_DAG_RUN_ID=scheduled__2022-11-27T11:17:00+00:00
[2022-11-27T11:18:06.696+0000] {logging_mixin.py:137} INFO - <http.client.HTTPResponse object at 0x7fc774920110>
[2022-11-27T11:18:06.718+0000] {python.py:177} INFO - Done. Returned value was: None
[2022-11-27T11:18:06.731+0000] {taskinstance.py:1406} INFO - Marking task as SUCCESS. dag_id=hello_world_dag, task_id=hello_world_task, execution_date=20221127T111700, start_date=20221127T111801, end_date=20221127T111806
[2022-11-27T11:18:06.810+0000] {local_task_job.py:159} INFO - Task exited with return code 0
[2022-11-27T11:18:06.835+0000] {taskinstance.py:2623} INFO - 1 downstream tasks scheduled from follow-on schedule check
