[2022-11-28T16:30:08.991+0000] {taskinstance.py:1165} INFO - Dependencies all met for <TaskInstance: dag_try_oop.loadYtApiOperator scheduled__2022-11-28T03:50:00+00:00 [queued]>
[2022-11-28T16:30:09.129+0000] {taskinstance.py:1165} INFO - Dependencies all met for <TaskInstance: dag_try_oop.loadYtApiOperator scheduled__2022-11-28T03:50:00+00:00 [queued]>
[2022-11-28T16:30:09.130+0000] {taskinstance.py:1362} INFO - 
--------------------------------------------------------------------------------
[2022-11-28T16:30:09.130+0000] {taskinstance.py:1363} INFO - Starting attempt 1 of 2
[2022-11-28T16:30:09.142+0000] {taskinstance.py:1364} INFO - 
--------------------------------------------------------------------------------
[2022-11-28T16:30:09.384+0000] {taskinstance.py:1383} INFO - Executing <Task(loadYtApiOperator): loadYtApiOperator> on 2022-11-28 03:50:00+00:00
[2022-11-28T16:30:09.504+0000] {standard_task_runner.py:55} INFO - Started process 625 to run task
[2022-11-28T16:30:09.683+0000] {standard_task_runner.py:82} INFO - Running: ['***', 'tasks', 'run', 'dag_try_oop', 'loadYtApiOperator', 'scheduled__2022-11-28T03:50:00+00:00', '--job-id', '819', '--raw', '--subdir', 'DAGS_FOLDER/dag_try_oop.py', '--cfg-path', '/tmp/tmpsdq1bhjq']
[2022-11-28T16:30:09.783+0000] {standard_task_runner.py:83} INFO - Job 819: Subtask loadYtApiOperator
[2022-11-28T16:30:10.851+0000] {task_command.py:376} INFO - Running <TaskInstance: dag_try_oop.loadYtApiOperator scheduled__2022-11-28T03:50:00+00:00 [running]> on host 1dd759b3e30c
[2022-11-28T16:30:11.952+0000] {taskinstance.py:1592} INFO - Exporting the following env vars:
AIRFLOW_CTX_DAG_OWNER=***
AIRFLOW_CTX_DAG_ID=dag_try_oop
AIRFLOW_CTX_TASK_ID=loadYtApiOperator
AIRFLOW_CTX_EXECUTION_DATE=2022-11-28T03:50:00+00:00
AIRFLOW_CTX_TRY_NUMBER=1
AIRFLOW_CTX_DAG_RUN_ID=scheduled__2022-11-28T03:50:00+00:00
[2022-11-28T16:30:12.485+0000] {taskinstance.py:1406} INFO - Marking task as SUCCESS. dag_id=dag_try_oop, task_id=loadYtApiOperator, execution_date=20221128T035000, start_date=20221128T163009, end_date=20221128T163012
[2022-11-28T16:30:12.678+0000] {local_task_job.py:159} INFO - Task exited with return code 0
[2022-11-28T16:30:13.124+0000] {taskinstance.py:2623} INFO - 0 downstream tasks scheduled from follow-on schedule check
