[2022-11-27T11:15:26.583+0000] {taskinstance.py:1165} INFO - Dependencies all met for <TaskInstance: hello_world_dag.hello_world_task manual__2022-11-27T11:15:19.159013+00:00 [queued]>
[2022-11-27T11:15:26.629+0000] {taskinstance.py:1165} INFO - Dependencies all met for <TaskInstance: hello_world_dag.hello_world_task manual__2022-11-27T11:15:19.159013+00:00 [queued]>
[2022-11-27T11:15:26.630+0000] {taskinstance.py:1362} INFO - 
--------------------------------------------------------------------------------
[2022-11-27T11:15:26.630+0000] {taskinstance.py:1363} INFO - Starting attempt 1 of 4
[2022-11-27T11:15:26.631+0000] {taskinstance.py:1364} INFO - 
--------------------------------------------------------------------------------
[2022-11-27T11:15:26.677+0000] {taskinstance.py:1383} INFO - Executing <Task(PythonOperator): hello_world_task> on 2022-11-27 11:15:19.159013+00:00
[2022-11-27T11:15:26.689+0000] {standard_task_runner.py:55} INFO - Started process 994 to run task
[2022-11-27T11:15:26.714+0000] {standard_task_runner.py:82} INFO - Running: ['***', 'tasks', 'run', 'hello_world_dag', 'hello_world_task', 'manual__2022-11-27T11:15:19.159013+00:00', '--job-id', '280', '--raw', '--subdir', 'DAGS_FOLDER/dag_helloworld.py', '--cfg-path', '/tmp/tmpae0spi65']
[2022-11-27T11:15:26.718+0000] {standard_task_runner.py:83} INFO - Job 280: Subtask hello_world_task
[2022-11-27T11:15:26.907+0000] {task_command.py:376} INFO - Running <TaskInstance: hello_world_dag.hello_world_task manual__2022-11-27T11:15:19.159013+00:00 [running]> on host 3a447a80b3bb
[2022-11-27T11:15:27.184+0000] {taskinstance.py:1592} INFO - Exporting the following env vars:
AIRFLOW_CTX_DAG_OWNER=wiweka
AIRFLOW_CTX_DAG_ID=hello_world_dag
AIRFLOW_CTX_TASK_ID=hello_world_task
AIRFLOW_CTX_EXECUTION_DATE=2022-11-27T11:15:19.159013+00:00
AIRFLOW_CTX_TRY_NUMBER=1
AIRFLOW_CTX_DAG_RUN_ID=manual__2022-11-27T11:15:19.159013+00:00
[2022-11-27T11:15:31.528+0000] {logging_mixin.py:137} INFO - <http.client.HTTPResponse object at 0x7fc7749600d0>
[2022-11-27T11:15:31.611+0000] {python.py:177} INFO - Done. Returned value was: None
[2022-11-27T11:15:31.638+0000] {taskinstance.py:1406} INFO - Marking task as SUCCESS. dag_id=hello_world_dag, task_id=hello_world_task, execution_date=20221127T111519, start_date=20221127T111526, end_date=20221127T111531
[2022-11-27T11:15:31.847+0000] {local_task_job.py:159} INFO - Task exited with return code 0
[2022-11-27T11:15:31.935+0000] {taskinstance.py:2623} INFO - 0 downstream tasks scheduled from follow-on schedule check
