[2022-11-27T16:18:30.041+0000] {taskinstance.py:1165} INFO - Dependencies all met for <TaskInstance: dag_youtube_api.getDataToLocal manual__2022-11-27T16:18:28.089737+00:00 [queued]>
[2022-11-27T16:18:30.087+0000] {taskinstance.py:1165} INFO - Dependencies all met for <TaskInstance: dag_youtube_api.getDataToLocal manual__2022-11-27T16:18:28.089737+00:00 [queued]>
[2022-11-27T16:18:30.087+0000] {taskinstance.py:1362} INFO - 
--------------------------------------------------------------------------------
[2022-11-27T16:18:30.088+0000] {taskinstance.py:1363} INFO - Starting attempt 1 of 2
[2022-11-27T16:18:30.088+0000] {taskinstance.py:1364} INFO - 
--------------------------------------------------------------------------------
[2022-11-27T16:18:30.117+0000] {taskinstance.py:1383} INFO - Executing <Task(PythonOperator): getDataToLocal> on 2022-11-27 16:18:28.089737+00:00
[2022-11-27T16:18:30.125+0000] {standard_task_runner.py:55} INFO - Started process 9253 to run task
[2022-11-27T16:18:30.134+0000] {standard_task_runner.py:82} INFO - Running: ['***', 'tasks', 'run', 'dag_youtube_api', 'getDataToLocal', 'manual__2022-11-27T16:18:28.089737+00:00', '--job-id', '368', '--raw', '--subdir', 'DAGS_FOLDER/dag_youtube_api.py', '--cfg-path', '/tmp/tmpjg8ge9qk']
[2022-11-27T16:18:30.138+0000] {standard_task_runner.py:83} INFO - Job 368: Subtask getDataToLocal
[2022-11-27T16:18:30.356+0000] {task_command.py:376} INFO - Running <TaskInstance: dag_youtube_api.getDataToLocal manual__2022-11-27T16:18:28.089737+00:00 [running]> on host 1977dd9b5152
[2022-11-27T16:18:30.789+0000] {taskinstance.py:1592} INFO - Exporting the following env vars:
AIRFLOW_CTX_DAG_OWNER=***
AIRFLOW_CTX_DAG_ID=dag_youtube_api
AIRFLOW_CTX_TASK_ID=getDataToLocal
AIRFLOW_CTX_EXECUTION_DATE=2022-11-27T16:18:28.089737+00:00
AIRFLOW_CTX_TRY_NUMBER=1
AIRFLOW_CTX_DAG_RUN_ID=manual__2022-11-27T16:18:28.089737+00:00
[2022-11-27T16:18:32.403+0000] {logging_mixin.py:137} INFO - Writing ID data to file...
[2022-11-27T16:18:32.474+0000] {python.py:177} INFO - Done. Returned value was: None
[2022-11-27T16:18:32.505+0000] {taskinstance.py:1406} INFO - Marking task as SUCCESS. dag_id=dag_youtube_api, task_id=getDataToLocal, execution_date=20221127T161828, start_date=20221127T161830, end_date=20221127T161832
[2022-11-27T16:18:32.711+0000] {local_task_job.py:159} INFO - Task exited with return code 0
[2022-11-27T16:18:32.844+0000] {taskinstance.py:2623} INFO - 0 downstream tasks scheduled from follow-on schedule check
