[2022-11-28T16:29:44.105+0000] {taskinstance.py:1165} INFO - Dependencies all met for <TaskInstance: dag_try_oop.transformYtApiOperator scheduled__2022-11-28T00:00:00+00:00 [queued]>
[2022-11-28T16:29:44.175+0000] {taskinstance.py:1165} INFO - Dependencies all met for <TaskInstance: dag_try_oop.transformYtApiOperator scheduled__2022-11-28T00:00:00+00:00 [queued]>
[2022-11-28T16:29:44.185+0000] {taskinstance.py:1362} INFO - 
--------------------------------------------------------------------------------
[2022-11-28T16:29:44.197+0000] {taskinstance.py:1363} INFO - Starting attempt 1 of 2
[2022-11-28T16:29:44.209+0000] {taskinstance.py:1364} INFO - 
--------------------------------------------------------------------------------
[2022-11-28T16:29:45.456+0000] {taskinstance.py:1383} INFO - Executing <Task(transformYtApiOperator): transformYtApiOperator> on 2022-11-28 00:00:00+00:00
[2022-11-28T16:29:45.829+0000] {standard_task_runner.py:55} INFO - Started process 587 to run task
[2022-11-28T16:29:46.117+0000] {standard_task_runner.py:82} INFO - Running: ['***', 'tasks', 'run', 'dag_try_oop', 'transformYtApiOperator', 'scheduled__2022-11-28T00:00:00+00:00', '--job-id', '809', '--raw', '--subdir', 'DAGS_FOLDER/dag_try_oop.py', '--cfg-path', '/tmp/tmpzp3ilqmz']
[2022-11-28T16:29:46.264+0000] {standard_task_runner.py:83} INFO - Job 809: Subtask transformYtApiOperator
[2022-11-28T16:29:49.095+0000] {task_command.py:376} INFO - Running <TaskInstance: dag_try_oop.transformYtApiOperator scheduled__2022-11-28T00:00:00+00:00 [running]> on host 1dd759b3e30c
[2022-11-28T16:29:51.276+0000] {taskinstance.py:1592} INFO - Exporting the following env vars:
AIRFLOW_CTX_DAG_OWNER=***
AIRFLOW_CTX_DAG_ID=dag_try_oop
AIRFLOW_CTX_TASK_ID=transformYtApiOperator
AIRFLOW_CTX_EXECUTION_DATE=2022-11-28T00:00:00+00:00
AIRFLOW_CTX_TRY_NUMBER=1
AIRFLOW_CTX_DAG_RUN_ID=scheduled__2022-11-28T00:00:00+00:00
[2022-11-28T16:29:53.097+0000] {taskinstance.py:1406} INFO - Marking task as SUCCESS. dag_id=dag_try_oop, task_id=transformYtApiOperator, execution_date=20221128T000000, start_date=20221128T162944, end_date=20221128T162953
[2022-11-28T16:29:53.609+0000] {local_task_job.py:159} INFO - Task exited with return code 0
[2022-11-28T16:29:55.197+0000] {taskinstance.py:2623} INFO - 1 downstream tasks scheduled from follow-on schedule check
[2022-11-29T06:39:24.885+0000] {taskinstance.py:1165} INFO - Dependencies all met for <TaskInstance: dag_try_oop.transformYtApiOperator scheduled__2022-11-28T00:00:00+00:00 [queued]>
[2022-11-29T06:39:24.920+0000] {taskinstance.py:1165} INFO - Dependencies all met for <TaskInstance: dag_try_oop.transformYtApiOperator scheduled__2022-11-28T00:00:00+00:00 [queued]>
[2022-11-29T06:39:24.922+0000] {taskinstance.py:1362} INFO - 
--------------------------------------------------------------------------------
[2022-11-29T06:39:24.923+0000] {taskinstance.py:1363} INFO - Starting attempt 1 of 2
[2022-11-29T06:39:24.923+0000] {taskinstance.py:1364} INFO - 
--------------------------------------------------------------------------------
[2022-11-29T06:39:24.959+0000] {taskinstance.py:1383} INFO - Executing <Task(transformYtApiOperator): transformYtApiOperator> on 2022-11-28 00:00:00+00:00
[2022-11-29T06:39:24.968+0000] {standard_task_runner.py:55} INFO - Started process 172 to run task
[2022-11-29T06:39:24.990+0000] {standard_task_runner.py:82} INFO - Running: ['***', 'tasks', 'run', 'dag_try_oop', 'transformYtApiOperator', 'scheduled__2022-11-28T00:00:00+00:00', '--job-id', '1093', '--raw', '--subdir', 'DAGS_FOLDER/dag_try_oop.py', '--cfg-path', '/tmp/tmpgztjy1ye']
[2022-11-29T06:39:24.997+0000] {standard_task_runner.py:83} INFO - Job 1093: Subtask transformYtApiOperator
[2022-11-29T06:39:25.161+0000] {task_command.py:376} INFO - Running <TaskInstance: dag_try_oop.transformYtApiOperator scheduled__2022-11-28T00:00:00+00:00 [running]> on host dceef233476f
[2022-11-29T06:39:25.323+0000] {taskinstance.py:1592} INFO - Exporting the following env vars:
AIRFLOW_CTX_DAG_OWNER=***
AIRFLOW_CTX_DAG_ID=dag_try_oop
AIRFLOW_CTX_TASK_ID=transformYtApiOperator
AIRFLOW_CTX_EXECUTION_DATE=2022-11-28T00:00:00+00:00
AIRFLOW_CTX_TRY_NUMBER=1
AIRFLOW_CTX_DAG_RUN_ID=scheduled__2022-11-28T00:00:00+00:00
[2022-11-29T06:39:25.452+0000] {taskinstance.py:1406} INFO - Marking task as SUCCESS. dag_id=dag_try_oop, task_id=transformYtApiOperator, execution_date=20221128T000000, start_date=20221129T063924, end_date=20221129T063925
[2022-11-29T06:39:25.524+0000] {local_task_job.py:159} INFO - Task exited with return code 0
[2022-11-29T06:39:25.586+0000] {taskinstance.py:2623} INFO - 1 downstream tasks scheduled from follow-on schedule check
