[2022-11-28T08:55:50.998+0000] {taskinstance.py:1165} INFO - Dependencies all met for <TaskInstance: dag_youtube_api.transform manual__2022-11-28T08:55:42.975006+00:00 [queued]>
[2022-11-28T08:55:51.018+0000] {taskinstance.py:1165} INFO - Dependencies all met for <TaskInstance: dag_youtube_api.transform manual__2022-11-28T08:55:42.975006+00:00 [queued]>
[2022-11-28T08:55:51.018+0000] {taskinstance.py:1362} INFO - 
--------------------------------------------------------------------------------
[2022-11-28T08:55:51.018+0000] {taskinstance.py:1363} INFO - Starting attempt 1 of 2
[2022-11-28T08:55:51.019+0000] {taskinstance.py:1364} INFO - 
--------------------------------------------------------------------------------
[2022-11-28T08:55:51.050+0000] {taskinstance.py:1383} INFO - Executing <Task(PythonOperator): transform> on 2022-11-28 08:55:42.975006+00:00
[2022-11-28T08:55:51.058+0000] {standard_task_runner.py:55} INFO - Started process 1369 to run task
[2022-11-28T08:55:51.071+0000] {standard_task_runner.py:82} INFO - Running: ['***', 'tasks', 'run', 'dag_youtube_api', 'transform', 'manual__2022-11-28T08:55:42.975006+00:00', '--job-id', '523', '--raw', '--subdir', 'DAGS_FOLDER/dag_youtube_api.py', '--cfg-path', '/tmp/tmpn26ksxrt']
[2022-11-28T08:55:51.077+0000] {standard_task_runner.py:83} INFO - Job 523: Subtask transform
[2022-11-28T08:55:51.209+0000] {task_command.py:376} INFO - Running <TaskInstance: dag_youtube_api.transform manual__2022-11-28T08:55:42.975006+00:00 [running]> on host 8af950e53524
[2022-11-28T08:55:51.334+0000] {taskinstance.py:1592} INFO - Exporting the following env vars:
AIRFLOW_CTX_DAG_OWNER=***
AIRFLOW_CTX_DAG_ID=dag_youtube_api
AIRFLOW_CTX_TASK_ID=transform
AIRFLOW_CTX_EXECUTION_DATE=2022-11-28T08:55:42.975006+00:00
AIRFLOW_CTX_TRY_NUMBER=1
AIRFLOW_CTX_DAG_RUN_ID=manual__2022-11-28T08:55:42.975006+00:00
[2022-11-28T08:55:51.387+0000] {python.py:177} INFO - Done. Returned value was: None
[2022-11-28T08:55:51.400+0000] {taskinstance.py:1406} INFO - Marking task as SUCCESS. dag_id=dag_youtube_api, task_id=transform, execution_date=20221128T085542, start_date=20221128T085551, end_date=20221128T085551
[2022-11-28T08:55:51.437+0000] {local_task_job.py:159} INFO - Task exited with return code 0
[2022-11-28T08:55:51.468+0000] {taskinstance.py:2623} INFO - 1 downstream tasks scheduled from follow-on schedule check
