[2022-11-28T15:51:54.362+0000] {taskinstance.py:1165} INFO - Dependencies all met for <TaskInstance: dag_try_oop.extractYtApiOperator manual__2022-11-28T15:51:41.985525+00:00 [queued]>
[2022-11-28T15:51:54.424+0000] {taskinstance.py:1165} INFO - Dependencies all met for <TaskInstance: dag_try_oop.extractYtApiOperator manual__2022-11-28T15:51:41.985525+00:00 [queued]>
[2022-11-28T15:51:54.424+0000] {taskinstance.py:1362} INFO - 
--------------------------------------------------------------------------------
[2022-11-28T15:51:54.427+0000] {taskinstance.py:1363} INFO - Starting attempt 1 of 2
[2022-11-28T15:51:54.427+0000] {taskinstance.py:1364} INFO - 
--------------------------------------------------------------------------------
[2022-11-28T15:51:54.512+0000] {taskinstance.py:1383} INFO - Executing <Task(extractYtApiOperator): extractYtApiOperator> on 2022-11-28 15:51:41.985525+00:00
[2022-11-28T15:51:54.534+0000] {standard_task_runner.py:55} INFO - Started process 123 to run task
[2022-11-28T15:51:54.568+0000] {standard_task_runner.py:82} INFO - Running: ['***', 'tasks', 'run', 'dag_try_oop', 'extractYtApiOperator', 'manual__2022-11-28T15:51:41.985525+00:00', '--job-id', '672', '--raw', '--subdir', 'DAGS_FOLDER/dag_try_oop.py', '--cfg-path', '/tmp/tmpvq4dgn4e']
[2022-11-28T15:51:54.575+0000] {standard_task_runner.py:83} INFO - Job 672: Subtask extractYtApiOperator
[2022-11-28T15:51:54.798+0000] {task_command.py:376} INFO - Running <TaskInstance: dag_try_oop.extractYtApiOperator manual__2022-11-28T15:51:41.985525+00:00 [running]> on host 1dd759b3e30c
[2022-11-28T15:51:55.116+0000] {taskinstance.py:1592} INFO - Exporting the following env vars:
AIRFLOW_CTX_DAG_OWNER=***
AIRFLOW_CTX_DAG_ID=dag_try_oop
AIRFLOW_CTX_TASK_ID=extractYtApiOperator
AIRFLOW_CTX_EXECUTION_DATE=2022-11-28T15:51:41.985525+00:00
AIRFLOW_CTX_TRY_NUMBER=1
AIRFLOW_CTX_DAG_RUN_ID=manual__2022-11-28T15:51:41.985525+00:00
[2022-11-28T15:51:56.608+0000] {logging_mixin.py:137} INFO - Writing ID data to file...
[2022-11-28T15:51:57.861+0000] {logging_mixin.py:137} INFO - Writing EG data to file...
[2022-11-28T15:51:59.178+0000] {logging_mixin.py:137} INFO - Writing GB data to file...
[2022-11-28T15:51:59.216+0000] {taskinstance.py:1406} INFO - Marking task as SUCCESS. dag_id=dag_try_oop, task_id=extractYtApiOperator, execution_date=20221128T155141, start_date=20221128T155154, end_date=20221128T155159
[2022-11-28T15:51:59.315+0000] {local_task_job.py:159} INFO - Task exited with return code 0
[2022-11-28T15:51:59.352+0000] {taskinstance.py:2623} INFO - 1 downstream tasks scheduled from follow-on schedule check
