[2022-11-29T06:45:52.308+0000] {taskinstance.py:1165} INFO - Dependencies all met for <TaskInstance: dag_try_oop.extractYtApiOperator manual__2022-11-29T06:45:49.973027+00:00 [queued]>
[2022-11-29T06:45:52.319+0000] {taskinstance.py:1165} INFO - Dependencies all met for <TaskInstance: dag_try_oop.extractYtApiOperator manual__2022-11-29T06:45:49.973027+00:00 [queued]>
[2022-11-29T06:45:52.319+0000] {taskinstance.py:1362} INFO - 
--------------------------------------------------------------------------------
[2022-11-29T06:45:52.319+0000] {taskinstance.py:1363} INFO - Starting attempt 1 of 2
[2022-11-29T06:45:52.320+0000] {taskinstance.py:1364} INFO - 
--------------------------------------------------------------------------------
[2022-11-29T06:45:52.347+0000] {taskinstance.py:1383} INFO - Executing <Task(extractYtApiOperator): extractYtApiOperator> on 2022-11-29 06:45:49.973027+00:00
[2022-11-29T06:45:52.357+0000] {standard_task_runner.py:55} INFO - Started process 480 to run task
[2022-11-29T06:45:52.366+0000] {standard_task_runner.py:82} INFO - Running: ['***', 'tasks', 'run', 'dag_try_oop', 'extractYtApiOperator', 'manual__2022-11-29T06:45:49.973027+00:00', '--job-id', '1095', '--raw', '--subdir', 'DAGS_FOLDER/dag_try_oop.py', '--cfg-path', '/tmp/tmp1woiwday']
[2022-11-29T06:45:52.369+0000] {standard_task_runner.py:83} INFO - Job 1095: Subtask extractYtApiOperator
[2022-11-29T06:45:52.496+0000] {task_command.py:376} INFO - Running <TaskInstance: dag_try_oop.extractYtApiOperator manual__2022-11-29T06:45:49.973027+00:00 [running]> on host dceef233476f
[2022-11-29T06:45:52.601+0000] {taskinstance.py:1592} INFO - Exporting the following env vars:
AIRFLOW_CTX_DAG_OWNER=***
AIRFLOW_CTX_DAG_ID=dag_try_oop
AIRFLOW_CTX_TASK_ID=extractYtApiOperator
AIRFLOW_CTX_EXECUTION_DATE=2022-11-29T06:45:49.973027+00:00
AIRFLOW_CTX_TRY_NUMBER=1
AIRFLOW_CTX_DAG_RUN_ID=manual__2022-11-29T06:45:49.973027+00:00
[2022-11-29T06:45:54.345+0000] {logging_mixin.py:137} INFO - Writing ID data to file...
[2022-11-29T06:45:55.794+0000] {logging_mixin.py:137} INFO - Writing EG data to file...
[2022-11-29T06:45:57.109+0000] {logging_mixin.py:137} INFO - Writing GB data to file...
[2022-11-29T06:45:57.128+0000] {taskinstance.py:1406} INFO - Marking task as SUCCESS. dag_id=dag_try_oop, task_id=extractYtApiOperator, execution_date=20221129T064549, start_date=20221129T064552, end_date=20221129T064557
[2022-11-29T06:45:57.212+0000] {local_task_job.py:159} INFO - Task exited with return code 0
[2022-11-29T06:45:57.338+0000] {taskinstance.py:2623} INFO - 1 downstream tasks scheduled from follow-on schedule check
