[2022-11-27T11:58:04.761+0000] {taskinstance.py:1165} INFO - Dependencies all met for <TaskInstance: using_pandas_demo.getDataToLocal manual__2022-11-27T11:58:03.390018+00:00 [queued]>
[2022-11-27T11:58:04.776+0000] {taskinstance.py:1165} INFO - Dependencies all met for <TaskInstance: using_pandas_demo.getDataToLocal manual__2022-11-27T11:58:03.390018+00:00 [queued]>
[2022-11-27T11:58:04.776+0000] {taskinstance.py:1362} INFO - 
--------------------------------------------------------------------------------
[2022-11-27T11:58:04.777+0000] {taskinstance.py:1363} INFO - Starting attempt 1 of 2
[2022-11-27T11:58:04.777+0000] {taskinstance.py:1364} INFO - 
--------------------------------------------------------------------------------
[2022-11-27T11:58:04.799+0000] {taskinstance.py:1383} INFO - Executing <Task(PythonOperator): getDataToLocal> on 2022-11-27 11:58:03.390018+00:00
[2022-11-27T11:58:04.805+0000] {standard_task_runner.py:55} INFO - Started process 1018 to run task
[2022-11-27T11:58:04.815+0000] {standard_task_runner.py:82} INFO - Running: ['***', 'tasks', 'run', 'using_pandas_demo', 'getDataToLocal', 'manual__2022-11-27T11:58:03.390018+00:00', '--job-id', '325', '--raw', '--subdir', 'DAGS_FOLDER/dag_pandas_demo.py', '--cfg-path', '/tmp/tmpyrtbowtk']
[2022-11-27T11:58:04.820+0000] {standard_task_runner.py:83} INFO - Job 325: Subtask getDataToLocal
[2022-11-27T11:58:04.944+0000] {task_command.py:376} INFO - Running <TaskInstance: using_pandas_demo.getDataToLocal manual__2022-11-27T11:58:03.390018+00:00 [running]> on host 8063ad561fea
[2022-11-27T11:58:05.095+0000] {taskinstance.py:1592} INFO - Exporting the following env vars:
AIRFLOW_CTX_DAG_OWNER=***
AIRFLOW_CTX_DAG_ID=using_pandas_demo
AIRFLOW_CTX_TASK_ID=getDataToLocal
AIRFLOW_CTX_EXECUTION_DATE=2022-11-27T11:58:03.390018+00:00
AIRFLOW_CTX_TRY_NUMBER=1
AIRFLOW_CTX_DAG_RUN_ID=manual__2022-11-27T11:58:03.390018+00:00
[2022-11-27T11:58:14.367+0000] {taskinstance.py:1851} ERROR - Task failed with exception
Traceback (most recent call last):
  File "/home/airflow/.local/lib/python3.7/site-packages/airflow/operators/python.py", line 175, in execute
    return_value = self.execute_callable()
  File "/home/airflow/.local/lib/python3.7/site-packages/airflow/operators/python.py", line 193, in execute_callable
    return self.python_callable(*self.op_args, **self.op_kwargs)
  File "/opt/airflow/dags/dag_pandas_demo.py", line 36, in getDataToLocal
    df.to_csv("/home/wiweka/Downloads/drivers.csv", sep=',' ,escapechar='\\', quoting=csv.QUOTE_ALL, encoding='utf-8' )
NameError: name 'csv' is not defined
[2022-11-27T11:58:14.381+0000] {taskinstance.py:1406} INFO - Marking task as UP_FOR_RETRY. dag_id=using_pandas_demo, task_id=getDataToLocal, execution_date=20221127T115803, start_date=20221127T115804, end_date=20221127T115814
[2022-11-27T11:58:14.409+0000] {standard_task_runner.py:105} ERROR - Failed to execute job 325 for task getDataToLocal (name 'csv' is not defined; 1018)
[2022-11-27T11:58:14.476+0000] {local_task_job.py:159} INFO - Task exited with return code 1
[2022-11-27T11:58:14.555+0000] {taskinstance.py:2623} INFO - 0 downstream tasks scheduled from follow-on schedule check
