[2022-11-28T16:29:21.766+0000] {taskinstance.py:1165} INFO - Dependencies all met for <TaskInstance: dag_try_oop.extractYtApiOperator scheduled__2022-11-28T00:00:00+00:00 [queued]>
[2022-11-28T16:29:21.931+0000] {taskinstance.py:1165} INFO - Dependencies all met for <TaskInstance: dag_try_oop.extractYtApiOperator scheduled__2022-11-28T00:00:00+00:00 [queued]>
[2022-11-28T16:29:21.934+0000] {taskinstance.py:1362} INFO - 
--------------------------------------------------------------------------------
[2022-11-28T16:29:21.939+0000] {taskinstance.py:1363} INFO - Starting attempt 2 of 2
[2022-11-28T16:29:21.946+0000] {taskinstance.py:1364} INFO - 
--------------------------------------------------------------------------------
[2022-11-28T16:29:22.374+0000] {taskinstance.py:1383} INFO - Executing <Task(extractYtApiOperator): extractYtApiOperator> on 2022-11-28 00:00:00+00:00
[2022-11-28T16:29:22.392+0000] {standard_task_runner.py:55} INFO - Started process 547 to run task
[2022-11-28T16:29:22.486+0000] {standard_task_runner.py:82} INFO - Running: ['***', 'tasks', 'run', 'dag_try_oop', 'extractYtApiOperator', 'scheduled__2022-11-28T00:00:00+00:00', '--job-id', '798', '--raw', '--subdir', 'DAGS_FOLDER/dag_try_oop.py', '--cfg-path', '/tmp/tmpnn2i4ay4']
[2022-11-28T16:29:22.507+0000] {standard_task_runner.py:83} INFO - Job 798: Subtask extractYtApiOperator
[2022-11-28T16:29:23.364+0000] {task_command.py:376} INFO - Running <TaskInstance: dag_try_oop.extractYtApiOperator scheduled__2022-11-28T00:00:00+00:00 [running]> on host 1dd759b3e30c
[2022-11-28T16:29:24.938+0000] {taskinstance.py:1592} INFO - Exporting the following env vars:
AIRFLOW_CTX_DAG_OWNER=***
AIRFLOW_CTX_DAG_ID=dag_try_oop
AIRFLOW_CTX_TASK_ID=extractYtApiOperator
AIRFLOW_CTX_EXECUTION_DATE=2022-11-28T00:00:00+00:00
AIRFLOW_CTX_TRY_NUMBER=2
AIRFLOW_CTX_DAG_RUN_ID=scheduled__2022-11-28T00:00:00+00:00
[2022-11-28T16:29:26.504+0000] {logging_mixin.py:137} INFO - Writing ID data to file...
[2022-11-28T16:29:28.164+0000] {logging_mixin.py:137} INFO - Writing EG data to file...
[2022-11-28T16:29:30.147+0000] {logging_mixin.py:137} INFO - Writing GB data to file...
[2022-11-28T16:29:30.451+0000] {taskinstance.py:1406} INFO - Marking task as SUCCESS. dag_id=dag_try_oop, task_id=extractYtApiOperator, execution_date=20221128T000000, start_date=20221128T162921, end_date=20221128T162930
[2022-11-28T16:29:32.860+0000] {local_task_job.py:159} INFO - Task exited with return code 0
[2022-11-28T16:29:33.519+0000] {taskinstance.py:2623} INFO - 1 downstream tasks scheduled from follow-on schedule check
