[2022-11-28T09:02:18.836+0000] {taskinstance.py:1165} INFO - Dependencies all met for <TaskInstance: dag_youtube_api.creatableLoad manual__2022-11-28T09:02:06.010361+00:00 [queued]>
[2022-11-28T09:02:18.852+0000] {taskinstance.py:1165} INFO - Dependencies all met for <TaskInstance: dag_youtube_api.creatableLoad manual__2022-11-28T09:02:06.010361+00:00 [queued]>
[2022-11-28T09:02:18.853+0000] {taskinstance.py:1362} INFO - 
--------------------------------------------------------------------------------
[2022-11-28T09:02:18.853+0000] {taskinstance.py:1363} INFO - Starting attempt 1 of 2
[2022-11-28T09:02:18.853+0000] {taskinstance.py:1364} INFO - 
--------------------------------------------------------------------------------
[2022-11-28T09:02:18.874+0000] {taskinstance.py:1383} INFO - Executing <Task(PythonOperator): creatableLoad> on 2022-11-28 09:02:06.010361+00:00
[2022-11-28T09:02:18.908+0000] {standard_task_runner.py:55} INFO - Started process 1645 to run task
[2022-11-28T09:02:18.946+0000] {standard_task_runner.py:82} INFO - Running: ['***', 'tasks', 'run', 'dag_youtube_api', 'creatableLoad', 'manual__2022-11-28T09:02:06.010361+00:00', '--job-id', '531', '--raw', '--subdir', 'DAGS_FOLDER/dag_youtube_api.py', '--cfg-path', '/tmp/tmp7olyvrne']
[2022-11-28T09:02:18.959+0000] {standard_task_runner.py:83} INFO - Job 531: Subtask creatableLoad
[2022-11-28T09:02:19.222+0000] {task_command.py:376} INFO - Running <TaskInstance: dag_youtube_api.creatableLoad manual__2022-11-28T09:02:06.010361+00:00 [running]> on host 8af950e53524
[2022-11-28T09:02:19.554+0000] {taskinstance.py:1592} INFO - Exporting the following env vars:
AIRFLOW_CTX_DAG_OWNER=***
AIRFLOW_CTX_DAG_ID=dag_youtube_api
AIRFLOW_CTX_TASK_ID=creatableLoad
AIRFLOW_CTX_EXECUTION_DATE=2022-11-28T09:02:06.010361+00:00
AIRFLOW_CTX_TRY_NUMBER=1
AIRFLOW_CTX_DAG_RUN_ID=manual__2022-11-28T09:02:06.010361+00:00
[2022-11-28T09:02:19.744+0000] {python.py:177} INFO - Done. Returned value was: None
[2022-11-28T09:02:19.775+0000] {taskinstance.py:1406} INFO - Marking task as SUCCESS. dag_id=dag_youtube_api, task_id=creatableLoad, execution_date=20221128T090206, start_date=20221128T090218, end_date=20221128T090219
[2022-11-28T09:02:19.926+0000] {local_task_job.py:159} INFO - Task exited with return code 0
[2022-11-28T09:02:20.060+0000] {taskinstance.py:2623} INFO - 0 downstream tasks scheduled from follow-on schedule check
