[2022-11-27T11:39:02.593+0000] {taskinstance.py:1165} INFO - Dependencies all met for <TaskInstance: hello_world_dag.hello_world_task scheduled__2022-11-27T11:38:00+00:00 [queued]>
[2022-11-27T11:39:02.604+0000] {taskinstance.py:1165} INFO - Dependencies all met for <TaskInstance: hello_world_dag.hello_world_task scheduled__2022-11-27T11:38:00+00:00 [queued]>
[2022-11-27T11:39:02.605+0000] {taskinstance.py:1362} INFO - 
--------------------------------------------------------------------------------
[2022-11-27T11:39:02.605+0000] {taskinstance.py:1363} INFO - Starting attempt 1 of 4
[2022-11-27T11:39:02.605+0000] {taskinstance.py:1364} INFO - 
--------------------------------------------------------------------------------
[2022-11-27T11:39:02.621+0000] {taskinstance.py:1383} INFO - Executing <Task(PythonOperator): hello_world_task> on 2022-11-27 11:38:00+00:00
[2022-11-27T11:39:02.626+0000] {standard_task_runner.py:55} INFO - Started process 91 to run task
[2022-11-27T11:39:02.630+0000] {standard_task_runner.py:82} INFO - Running: ['***', 'tasks', 'run', 'hello_world_dag', 'hello_world_task', 'scheduled__2022-11-27T11:38:00+00:00', '--job-id', '308', '--raw', '--subdir', 'DAGS_FOLDER/dag_helloworld.py', '--cfg-path', '/tmp/tmp2uul_vsi']
[2022-11-27T11:39:02.632+0000] {standard_task_runner.py:83} INFO - Job 308: Subtask hello_world_task
[2022-11-27T11:39:02.697+0000] {task_command.py:376} INFO - Running <TaskInstance: hello_world_dag.hello_world_task scheduled__2022-11-27T11:38:00+00:00 [running]> on host 8063ad561fea
[2022-11-27T11:39:02.764+0000] {taskinstance.py:1592} INFO - Exporting the following env vars:
AIRFLOW_CTX_DAG_OWNER=wiweka
AIRFLOW_CTX_DAG_ID=hello_world_dag
AIRFLOW_CTX_TASK_ID=hello_world_task
AIRFLOW_CTX_EXECUTION_DATE=2022-11-27T11:38:00+00:00
AIRFLOW_CTX_TRY_NUMBER=1
AIRFLOW_CTX_DAG_RUN_ID=scheduled__2022-11-27T11:38:00+00:00
[2022-11-27T11:39:04.220+0000] {logging_mixin.py:137} INFO - <http.client.HTTPResponse object at 0x7f9d3ed94810>
[2022-11-27T11:39:04.310+0000] {logging_mixin.py:137} INFO - <http.client.HTTPResponse object at 0x7f9d3ed94810>
[2022-11-27T11:39:04.313+0000] {python.py:177} INFO - Done. Returned value was: None
[2022-11-27T11:39:04.347+0000] {taskinstance.py:1406} INFO - Marking task as SUCCESS. dag_id=hello_world_dag, task_id=hello_world_task, execution_date=20221127T113800, start_date=20221127T113902, end_date=20221127T113904
[2022-11-27T11:39:04.425+0000] {local_task_job.py:159} INFO - Task exited with return code 0
[2022-11-27T11:39:04.485+0000] {taskinstance.py:2623} INFO - 1 downstream tasks scheduled from follow-on schedule check
