[2022-11-27T12:33:35.287+0000] {taskinstance.py:1165} INFO - Dependencies all met for <TaskInstance: using_pandas_demo.getDataToLocal manual__2022-11-27T12:33:32.562953+00:00 [queued]>
[2022-11-27T12:33:35.312+0000] {taskinstance.py:1165} INFO - Dependencies all met for <TaskInstance: using_pandas_demo.getDataToLocal manual__2022-11-27T12:33:32.562953+00:00 [queued]>
[2022-11-27T12:33:35.313+0000] {taskinstance.py:1362} INFO - 
--------------------------------------------------------------------------------
[2022-11-27T12:33:35.313+0000] {taskinstance.py:1363} INFO - Starting attempt 1 of 2
[2022-11-27T12:33:35.313+0000] {taskinstance.py:1364} INFO - 
--------------------------------------------------------------------------------
[2022-11-27T12:33:35.338+0000] {taskinstance.py:1383} INFO - Executing <Task(PythonOperator): getDataToLocal> on 2022-11-27 12:33:32.562953+00:00
[2022-11-27T12:33:35.350+0000] {standard_task_runner.py:55} INFO - Started process 816 to run task
[2022-11-27T12:33:35.361+0000] {standard_task_runner.py:82} INFO - Running: ['***', 'tasks', 'run', 'using_pandas_demo', 'getDataToLocal', 'manual__2022-11-27T12:33:32.562953+00:00', '--job-id', '345', '--raw', '--subdir', 'DAGS_FOLDER/dag_pandas_demo.py', '--cfg-path', '/tmp/tmpkm3xcrvh']
[2022-11-27T12:33:35.377+0000] {standard_task_runner.py:83} INFO - Job 345: Subtask getDataToLocal
[2022-11-27T12:33:35.503+0000] {task_command.py:376} INFO - Running <TaskInstance: using_pandas_demo.getDataToLocal manual__2022-11-27T12:33:32.562953+00:00 [running]> on host 1977dd9b5152
[2022-11-27T12:33:35.730+0000] {taskinstance.py:1592} INFO - Exporting the following env vars:
AIRFLOW_CTX_DAG_OWNER=***
AIRFLOW_CTX_DAG_ID=using_pandas_demo
AIRFLOW_CTX_TASK_ID=getDataToLocal
AIRFLOW_CTX_EXECUTION_DATE=2022-11-27T12:33:32.562953+00:00
AIRFLOW_CTX_TRY_NUMBER=1
AIRFLOW_CTX_DAG_RUN_ID=manual__2022-11-27T12:33:32.562953+00:00
[2022-11-27T12:33:39.266+0000] {python.py:177} INFO - Done. Returned value was: None
[2022-11-27T12:33:39.279+0000] {taskinstance.py:1406} INFO - Marking task as SUCCESS. dag_id=using_pandas_demo, task_id=getDataToLocal, execution_date=20221127T123332, start_date=20221127T123335, end_date=20221127T123339
[2022-11-27T12:33:39.323+0000] {local_task_job.py:159} INFO - Task exited with return code 0
[2022-11-27T12:33:39.360+0000] {taskinstance.py:2623} INFO - 1 downstream tasks scheduled from follow-on schedule check
