[2022-11-28T08:55:02.793+0000] {taskinstance.py:1165} INFO - Dependencies all met for <TaskInstance: dag_youtube_api.transform manual__2022-11-28T08:49:52.733978+00:00 [queued]>
[2022-11-28T08:55:02.847+0000] {taskinstance.py:1165} INFO - Dependencies all met for <TaskInstance: dag_youtube_api.transform manual__2022-11-28T08:49:52.733978+00:00 [queued]>
[2022-11-28T08:55:02.857+0000] {taskinstance.py:1362} INFO - 
--------------------------------------------------------------------------------
[2022-11-28T08:55:02.858+0000] {taskinstance.py:1363} INFO - Starting attempt 2 of 2
[2022-11-28T08:55:02.861+0000] {taskinstance.py:1364} INFO - 
--------------------------------------------------------------------------------
[2022-11-28T08:55:02.893+0000] {taskinstance.py:1383} INFO - Executing <Task(PythonOperator): transform> on 2022-11-28 08:49:52.733978+00:00
[2022-11-28T08:55:02.911+0000] {standard_task_runner.py:55} INFO - Started process 1325 to run task
[2022-11-28T08:55:02.923+0000] {standard_task_runner.py:82} INFO - Running: ['***', 'tasks', 'run', 'dag_youtube_api', 'transform', 'manual__2022-11-28T08:49:52.733978+00:00', '--job-id', '520', '--raw', '--subdir', 'DAGS_FOLDER/dag_youtube_api.py', '--cfg-path', '/tmp/tmpn5bq1j26']
[2022-11-28T08:55:02.926+0000] {standard_task_runner.py:83} INFO - Job 520: Subtask transform
[2022-11-28T08:55:03.111+0000] {task_command.py:376} INFO - Running <TaskInstance: dag_youtube_api.transform manual__2022-11-28T08:49:52.733978+00:00 [running]> on host 8af950e53524
[2022-11-28T08:55:03.258+0000] {taskinstance.py:1592} INFO - Exporting the following env vars:
AIRFLOW_CTX_DAG_OWNER=***
AIRFLOW_CTX_DAG_ID=dag_youtube_api
AIRFLOW_CTX_TASK_ID=transform
AIRFLOW_CTX_EXECUTION_DATE=2022-11-28T08:49:52.733978+00:00
AIRFLOW_CTX_TRY_NUMBER=2
AIRFLOW_CTX_DAG_RUN_ID=manual__2022-11-28T08:49:52.733978+00:00
[2022-11-28T08:55:03.313+0000] {python.py:177} INFO - Done. Returned value was: None
[2022-11-28T08:55:03.331+0000] {taskinstance.py:1406} INFO - Marking task as SUCCESS. dag_id=dag_youtube_api, task_id=transform, execution_date=20221128T084952, start_date=20221128T085502, end_date=20221128T085503
[2022-11-28T08:55:03.411+0000] {local_task_job.py:159} INFO - Task exited with return code 0
[2022-11-28T08:55:03.470+0000] {taskinstance.py:2623} INFO - 1 downstream tasks scheduled from follow-on schedule check
