[2022-11-28T16:14:27.024+0000] {taskinstance.py:1165} INFO - Dependencies all met for <TaskInstance: dag_try_oop.transformYtApiOperator manual__2022-11-28T16:06:46.783075+00:00 [queued]>
[2022-11-28T16:14:27.365+0000] {taskinstance.py:1165} INFO - Dependencies all met for <TaskInstance: dag_try_oop.transformYtApiOperator manual__2022-11-28T16:06:46.783075+00:00 [queued]>
[2022-11-28T16:14:27.369+0000] {taskinstance.py:1362} INFO - 
--------------------------------------------------------------------------------
[2022-11-28T16:14:27.370+0000] {taskinstance.py:1363} INFO - Starting attempt 1 of 2
[2022-11-28T16:14:27.371+0000] {taskinstance.py:1364} INFO - 
--------------------------------------------------------------------------------
[2022-11-28T16:14:27.528+0000] {taskinstance.py:1383} INFO - Executing <Task(transformYtApiOperator): transformYtApiOperator> on 2022-11-28 16:06:46.783075+00:00
[2022-11-28T16:14:27.605+0000] {standard_task_runner.py:55} INFO - Started process 776 to run task
[2022-11-28T16:14:27.650+0000] {standard_task_runner.py:82} INFO - Running: ['***', 'tasks', 'run', 'dag_try_oop', 'transformYtApiOperator', 'manual__2022-11-28T16:06:46.783075+00:00', '--job-id', '696', '--raw', '--subdir', 'DAGS_FOLDER/dag_try_oop.py', '--cfg-path', '/tmp/tmpfa85ew4h']
[2022-11-28T16:14:27.690+0000] {standard_task_runner.py:83} INFO - Job 696: Subtask transformYtApiOperator
[2022-11-28T16:14:27.973+0000] {task_command.py:376} INFO - Running <TaskInstance: dag_try_oop.transformYtApiOperator manual__2022-11-28T16:06:46.783075+00:00 [running]> on host 1dd759b3e30c
[2022-11-28T16:14:28.711+0000] {taskinstance.py:1592} INFO - Exporting the following env vars:
AIRFLOW_CTX_DAG_OWNER=***
AIRFLOW_CTX_DAG_ID=dag_try_oop
AIRFLOW_CTX_TASK_ID=transformYtApiOperator
AIRFLOW_CTX_EXECUTION_DATE=2022-11-28T16:06:46.783075+00:00
AIRFLOW_CTX_TRY_NUMBER=1
AIRFLOW_CTX_DAG_RUN_ID=manual__2022-11-28T16:06:46.783075+00:00
[2022-11-28T16:14:29.253+0000] {taskinstance.py:1406} INFO - Marking task as SUCCESS. dag_id=dag_try_oop, task_id=transformYtApiOperator, execution_date=20221128T160646, start_date=20221128T161427, end_date=20221128T161429
[2022-11-28T16:14:29.418+0000] {local_task_job.py:159} INFO - Task exited with return code 0
[2022-11-28T16:14:29.627+0000] {taskinstance.py:2623} INFO - 1 downstream tasks scheduled from follow-on schedule check
