[2022-11-28T16:28:44.811+0000] {taskinstance.py:1165} INFO - Dependencies all met for <TaskInstance: dag_try_oop.loadYtApiOperator scheduled__2022-11-27T19:30:00+00:00 [queued]>
[2022-11-28T16:28:44.916+0000] {taskinstance.py:1165} INFO - Dependencies all met for <TaskInstance: dag_try_oop.loadYtApiOperator scheduled__2022-11-27T19:30:00+00:00 [queued]>
[2022-11-28T16:28:44.922+0000] {taskinstance.py:1362} INFO - 
--------------------------------------------------------------------------------
[2022-11-28T16:28:44.923+0000] {taskinstance.py:1363} INFO - Starting attempt 1 of 2
[2022-11-28T16:28:44.935+0000] {taskinstance.py:1364} INFO - 
--------------------------------------------------------------------------------
[2022-11-28T16:28:45.046+0000] {taskinstance.py:1383} INFO - Executing <Task(loadYtApiOperator): loadYtApiOperator> on 2022-11-27 19:30:00+00:00
[2022-11-28T16:28:45.082+0000] {standard_task_runner.py:55} INFO - Started process 484 to run task
[2022-11-28T16:28:45.119+0000] {standard_task_runner.py:82} INFO - Running: ['***', 'tasks', 'run', 'dag_try_oop', 'loadYtApiOperator', 'scheduled__2022-11-27T19:30:00+00:00', '--job-id', '787', '--raw', '--subdir', 'DAGS_FOLDER/dag_try_oop.py', '--cfg-path', '/tmp/tmp_e2b0e3i']
[2022-11-28T16:28:45.156+0000] {standard_task_runner.py:83} INFO - Job 787: Subtask loadYtApiOperator
[2022-11-28T16:28:45.380+0000] {task_command.py:376} INFO - Running <TaskInstance: dag_try_oop.loadYtApiOperator scheduled__2022-11-27T19:30:00+00:00 [running]> on host 1dd759b3e30c
[2022-11-28T16:28:45.753+0000] {taskinstance.py:1592} INFO - Exporting the following env vars:
AIRFLOW_CTX_DAG_OWNER=***
AIRFLOW_CTX_DAG_ID=dag_try_oop
AIRFLOW_CTX_TASK_ID=loadYtApiOperator
AIRFLOW_CTX_EXECUTION_DATE=2022-11-27T19:30:00+00:00
AIRFLOW_CTX_TRY_NUMBER=1
AIRFLOW_CTX_DAG_RUN_ID=scheduled__2022-11-27T19:30:00+00:00
[2022-11-28T16:28:46.061+0000] {taskinstance.py:1406} INFO - Marking task as SUCCESS. dag_id=dag_try_oop, task_id=loadYtApiOperator, execution_date=20221127T193000, start_date=20221128T162844, end_date=20221128T162846
[2022-11-28T16:28:46.200+0000] {local_task_job.py:159} INFO - Task exited with return code 0
[2022-11-28T16:28:46.658+0000] {taskinstance.py:2623} INFO - 1 downstream tasks scheduled from follow-on schedule check
