[2022-11-28T16:29:41.691+0000] {taskinstance.py:1165} INFO - Dependencies all met for <TaskInstance: dag_try_oop.extractYtApiOperator scheduled__2022-11-28T03:00:00+00:00 [queued]>
[2022-11-28T16:29:42.123+0000] {taskinstance.py:1165} INFO - Dependencies all met for <TaskInstance: dag_try_oop.extractYtApiOperator scheduled__2022-11-28T03:00:00+00:00 [queued]>
[2022-11-28T16:29:42.143+0000] {taskinstance.py:1362} INFO - 
--------------------------------------------------------------------------------
[2022-11-28T16:29:42.151+0000] {taskinstance.py:1363} INFO - Starting attempt 2 of 2
[2022-11-28T16:29:42.162+0000] {taskinstance.py:1364} INFO - 
--------------------------------------------------------------------------------
[2022-11-28T16:29:42.595+0000] {taskinstance.py:1383} INFO - Executing <Task(extractYtApiOperator): extractYtApiOperator> on 2022-11-28 03:00:00+00:00
[2022-11-28T16:29:42.633+0000] {standard_task_runner.py:55} INFO - Started process 583 to run task
[2022-11-28T16:29:42.657+0000] {standard_task_runner.py:82} INFO - Running: ['***', 'tasks', 'run', 'dag_try_oop', 'extractYtApiOperator', 'scheduled__2022-11-28T03:00:00+00:00', '--job-id', '806', '--raw', '--subdir', 'DAGS_FOLDER/dag_try_oop.py', '--cfg-path', '/tmp/tmpzyv1l7lk']
[2022-11-28T16:29:42.702+0000] {standard_task_runner.py:83} INFO - Job 806: Subtask extractYtApiOperator
[2022-11-28T16:29:44.220+0000] {task_command.py:376} INFO - Running <TaskInstance: dag_try_oop.extractYtApiOperator scheduled__2022-11-28T03:00:00+00:00 [running]> on host 1dd759b3e30c
[2022-11-28T16:29:46.269+0000] {taskinstance.py:1592} INFO - Exporting the following env vars:
AIRFLOW_CTX_DAG_OWNER=***
AIRFLOW_CTX_DAG_ID=dag_try_oop
AIRFLOW_CTX_TASK_ID=extractYtApiOperator
AIRFLOW_CTX_EXECUTION_DATE=2022-11-28T03:00:00+00:00
AIRFLOW_CTX_TRY_NUMBER=2
AIRFLOW_CTX_DAG_RUN_ID=scheduled__2022-11-28T03:00:00+00:00
[2022-11-28T16:29:50.305+0000] {logging_mixin.py:137} INFO - Writing ID data to file...
[2022-11-28T16:29:53.225+0000] {logging_mixin.py:137} INFO - Writing EG data to file...
[2022-11-28T16:29:55.642+0000] {logging_mixin.py:137} INFO - Writing GB data to file...
[2022-11-28T16:29:55.840+0000] {taskinstance.py:1406} INFO - Marking task as SUCCESS. dag_id=dag_try_oop, task_id=extractYtApiOperator, execution_date=20221128T030000, start_date=20221128T162941, end_date=20221128T162955
[2022-11-28T16:29:56.777+0000] {local_task_job.py:159} INFO - Task exited with return code 0
[2022-11-28T16:29:57.122+0000] {taskinstance.py:2623} INFO - 1 downstream tasks scheduled from follow-on schedule check
