[2022-11-28T16:30:13.449+0000] {taskinstance.py:1165} INFO - Dependencies all met for <TaskInstance: dag_try_oop.extractYtApiOperator scheduled__2022-11-27T22:10:00+00:00 [queued]>
[2022-11-28T16:30:13.542+0000] {taskinstance.py:1165} INFO - Dependencies all met for <TaskInstance: dag_try_oop.extractYtApiOperator scheduled__2022-11-27T22:10:00+00:00 [queued]>
[2022-11-28T16:30:13.544+0000] {taskinstance.py:1362} INFO - 
--------------------------------------------------------------------------------
[2022-11-28T16:30:13.545+0000] {taskinstance.py:1363} INFO - Starting attempt 1 of 2
[2022-11-28T16:30:13.545+0000] {taskinstance.py:1364} INFO - 
--------------------------------------------------------------------------------
[2022-11-28T16:30:13.943+0000] {taskinstance.py:1383} INFO - Executing <Task(extractYtApiOperator): extractYtApiOperator> on 2022-11-27 22:10:00+00:00
[2022-11-28T16:30:14.017+0000] {standard_task_runner.py:55} INFO - Started process 630 to run task
[2022-11-28T16:30:14.119+0000] {standard_task_runner.py:82} INFO - Running: ['***', 'tasks', 'run', 'dag_try_oop', 'extractYtApiOperator', 'scheduled__2022-11-27T22:10:00+00:00', '--job-id', '820', '--raw', '--subdir', 'DAGS_FOLDER/dag_try_oop.py', '--cfg-path', '/tmp/tmpe45_sew8']
[2022-11-28T16:30:14.168+0000] {standard_task_runner.py:83} INFO - Job 820: Subtask extractYtApiOperator
[2022-11-28T16:30:14.857+0000] {task_command.py:376} INFO - Running <TaskInstance: dag_try_oop.extractYtApiOperator scheduled__2022-11-27T22:10:00+00:00 [running]> on host 1dd759b3e30c
[2022-11-28T16:30:15.408+0000] {taskinstance.py:1592} INFO - Exporting the following env vars:
AIRFLOW_CTX_DAG_OWNER=***
AIRFLOW_CTX_DAG_ID=dag_try_oop
AIRFLOW_CTX_TASK_ID=extractYtApiOperator
AIRFLOW_CTX_EXECUTION_DATE=2022-11-27T22:10:00+00:00
AIRFLOW_CTX_TRY_NUMBER=1
AIRFLOW_CTX_DAG_RUN_ID=scheduled__2022-11-27T22:10:00+00:00
[2022-11-28T16:30:16.812+0000] {logging_mixin.py:137} INFO - Writing ID data to file...
[2022-11-28T16:30:18.440+0000] {logging_mixin.py:137} INFO - Writing EG data to file...
[2022-11-28T16:30:20.243+0000] {logging_mixin.py:137} INFO - Writing GB data to file...
[2022-11-28T16:30:20.404+0000] {taskinstance.py:1406} INFO - Marking task as SUCCESS. dag_id=dag_try_oop, task_id=extractYtApiOperator, execution_date=20221127T221000, start_date=20221128T163013, end_date=20221128T163020
[2022-11-28T16:30:21.182+0000] {local_task_job.py:159} INFO - Task exited with return code 0
[2022-11-28T16:30:21.665+0000] {taskinstance.py:2623} INFO - 0 downstream tasks scheduled from follow-on schedule check
