[2022-11-28T16:22:38.231+0000] {taskinstance.py:1165} INFO - Dependencies all met for <TaskInstance: dag_try_oop.extractYtApiOperator scheduled__2022-11-27T20:00:00+00:00 [queued]>
[2022-11-28T16:22:38.276+0000] {taskinstance.py:1165} INFO - Dependencies all met for <TaskInstance: dag_try_oop.extractYtApiOperator scheduled__2022-11-27T20:00:00+00:00 [queued]>
[2022-11-28T16:22:38.281+0000] {taskinstance.py:1362} INFO - 
--------------------------------------------------------------------------------
[2022-11-28T16:22:38.282+0000] {taskinstance.py:1363} INFO - Starting attempt 1 of 2
[2022-11-28T16:22:38.282+0000] {taskinstance.py:1364} INFO - 
--------------------------------------------------------------------------------
[2022-11-28T16:22:38.861+0000] {taskinstance.py:1383} INFO - Executing <Task(extractYtApiOperator): extractYtApiOperator> on 2022-11-27 20:00:00+00:00
[2022-11-28T16:22:38.909+0000] {standard_task_runner.py:55} INFO - Started process 75 to run task
[2022-11-28T16:22:38.910+0000] {standard_task_runner.py:82} INFO - Running: ['***', 'tasks', 'run', 'dag_try_oop', 'extractYtApiOperator', 'scheduled__2022-11-27T20:00:00+00:00', '--job-id', '710', '--raw', '--subdir', 'DAGS_FOLDER/dag_try_oop.py', '--cfg-path', '/tmp/tmplseq4jz5']
[2022-11-28T16:22:38.927+0000] {standard_task_runner.py:83} INFO - Job 710: Subtask extractYtApiOperator
[2022-11-28T16:22:39.428+0000] {task_command.py:376} INFO - Running <TaskInstance: dag_try_oop.extractYtApiOperator scheduled__2022-11-27T20:00:00+00:00 [running]> on host 1dd759b3e30c
[2022-11-28T16:22:40.264+0000] {taskinstance.py:1592} INFO - Exporting the following env vars:
AIRFLOW_CTX_DAG_OWNER=***
AIRFLOW_CTX_DAG_ID=dag_try_oop
AIRFLOW_CTX_TASK_ID=extractYtApiOperator
AIRFLOW_CTX_EXECUTION_DATE=2022-11-27T20:00:00+00:00
AIRFLOW_CTX_TRY_NUMBER=1
AIRFLOW_CTX_DAG_RUN_ID=scheduled__2022-11-27T20:00:00+00:00
[2022-11-28T16:22:42.419+0000] {logging_mixin.py:137} INFO - Writing ID data to file...
[2022-11-28T16:22:45.011+0000] {logging_mixin.py:137} INFO - Writing EG data to file...
[2022-11-28T16:22:46.601+0000] {logging_mixin.py:137} INFO - Writing GB data to file...
[2022-11-28T16:22:46.713+0000] {taskinstance.py:1406} INFO - Marking task as SUCCESS. dag_id=dag_try_oop, task_id=extractYtApiOperator, execution_date=20221127T200000, start_date=20221128T162238, end_date=20221128T162246
[2022-11-28T16:22:47.032+0000] {local_task_job.py:159} INFO - Task exited with return code 0
[2022-11-28T16:22:48.328+0000] {taskinstance.py:2623} INFO - 0 downstream tasks scheduled from follow-on schedule check
