[2022-11-28T16:24:38.168+0000] {taskinstance.py:1165} INFO - Dependencies all met for <TaskInstance: dag_try_oop.extractYtApiOperator scheduled__2022-11-27T21:20:00+00:00 [queued]>
[2022-11-28T16:24:38.195+0000] {taskinstance.py:1165} INFO - Dependencies all met for <TaskInstance: dag_try_oop.extractYtApiOperator scheduled__2022-11-27T21:20:00+00:00 [queued]>
[2022-11-28T16:24:38.196+0000] {taskinstance.py:1362} INFO - 
--------------------------------------------------------------------------------
[2022-11-28T16:24:38.196+0000] {taskinstance.py:1363} INFO - Starting attempt 1 of 2
[2022-11-28T16:24:38.196+0000] {taskinstance.py:1364} INFO - 
--------------------------------------------------------------------------------
[2022-11-28T16:24:38.212+0000] {taskinstance.py:1383} INFO - Executing <Task(extractYtApiOperator): extractYtApiOperator> on 2022-11-27 21:20:00+00:00
[2022-11-28T16:24:38.218+0000] {standard_task_runner.py:55} INFO - Started process 160 to run task
[2022-11-28T16:24:38.227+0000] {standard_task_runner.py:82} INFO - Running: ['***', 'tasks', 'run', 'dag_try_oop', 'extractYtApiOperator', 'scheduled__2022-11-27T21:20:00+00:00', '--job-id', '726', '--raw', '--subdir', 'DAGS_FOLDER/dag_try_oop.py', '--cfg-path', '/tmp/tmp3ex9jqhy']
[2022-11-28T16:24:38.232+0000] {standard_task_runner.py:83} INFO - Job 726: Subtask extractYtApiOperator
[2022-11-28T16:24:38.353+0000] {task_command.py:376} INFO - Running <TaskInstance: dag_try_oop.extractYtApiOperator scheduled__2022-11-27T21:20:00+00:00 [running]> on host 1dd759b3e30c
[2022-11-28T16:24:38.485+0000] {taskinstance.py:1592} INFO - Exporting the following env vars:
AIRFLOW_CTX_DAG_OWNER=***
AIRFLOW_CTX_DAG_ID=dag_try_oop
AIRFLOW_CTX_TASK_ID=extractYtApiOperator
AIRFLOW_CTX_EXECUTION_DATE=2022-11-27T21:20:00+00:00
AIRFLOW_CTX_TRY_NUMBER=1
AIRFLOW_CTX_DAG_RUN_ID=scheduled__2022-11-27T21:20:00+00:00
[2022-11-28T16:24:39.571+0000] {logging_mixin.py:137} INFO - Writing ID data to file...
[2022-11-28T16:24:41.124+0000] {logging_mixin.py:137} INFO - Writing EG data to file...
[2022-11-28T16:24:42.170+0000] {logging_mixin.py:137} INFO - Writing GB data to file...
[2022-11-28T16:24:42.187+0000] {taskinstance.py:1406} INFO - Marking task as SUCCESS. dag_id=dag_try_oop, task_id=extractYtApiOperator, execution_date=20221127T212000, start_date=20221128T162438, end_date=20221128T162442
[2022-11-28T16:24:42.254+0000] {local_task_job.py:159} INFO - Task exited with return code 0
[2022-11-28T16:24:42.310+0000] {taskinstance.py:2623} INFO - 1 downstream tasks scheduled from follow-on schedule check
