[2022-11-27T15:55:33.914+0000] {taskinstance.py:1165} INFO - Dependencies all met for <TaskInstance: dag_youtube_api.getDataToLocal manual__2022-11-27T15:55:31.859664+00:00 [queued]>
[2022-11-27T15:55:33.945+0000] {taskinstance.py:1165} INFO - Dependencies all met for <TaskInstance: dag_youtube_api.getDataToLocal manual__2022-11-27T15:55:31.859664+00:00 [queued]>
[2022-11-27T15:55:33.951+0000] {taskinstance.py:1362} INFO - 
--------------------------------------------------------------------------------
[2022-11-27T15:55:33.952+0000] {taskinstance.py:1363} INFO - Starting attempt 1 of 2
[2022-11-27T15:55:33.952+0000] {taskinstance.py:1364} INFO - 
--------------------------------------------------------------------------------
[2022-11-27T15:55:33.988+0000] {taskinstance.py:1383} INFO - Executing <Task(PythonOperator): getDataToLocal> on 2022-11-27 15:55:31.859664+00:00
[2022-11-27T15:55:34.004+0000] {standard_task_runner.py:55} INFO - Started process 8170 to run task
[2022-11-27T15:55:34.020+0000] {standard_task_runner.py:82} INFO - Running: ['***', 'tasks', 'run', 'dag_youtube_api', 'getDataToLocal', 'manual__2022-11-27T15:55:31.859664+00:00', '--job-id', '359', '--raw', '--subdir', 'DAGS_FOLDER/dag_youtube_api.py', '--cfg-path', '/tmp/tmp6ix0k9jk']
[2022-11-27T15:55:34.028+0000] {standard_task_runner.py:83} INFO - Job 359: Subtask getDataToLocal
[2022-11-27T15:55:34.195+0000] {task_command.py:376} INFO - Running <TaskInstance: dag_youtube_api.getDataToLocal manual__2022-11-27T15:55:31.859664+00:00 [running]> on host 1977dd9b5152
[2022-11-27T15:55:34.347+0000] {taskinstance.py:1592} INFO - Exporting the following env vars:
AIRFLOW_CTX_DAG_OWNER=***
AIRFLOW_CTX_DAG_ID=dag_youtube_api
AIRFLOW_CTX_TASK_ID=getDataToLocal
AIRFLOW_CTX_EXECUTION_DATE=2022-11-27T15:55:31.859664+00:00
AIRFLOW_CTX_TRY_NUMBER=1
AIRFLOW_CTX_DAG_RUN_ID=manual__2022-11-27T15:55:31.859664+00:00
[2022-11-27T15:55:34.350+0000] {python.py:177} INFO - Done. Returned value was: None
[2022-11-27T15:55:34.370+0000] {taskinstance.py:1406} INFO - Marking task as SUCCESS. dag_id=dag_youtube_api, task_id=getDataToLocal, execution_date=20221127T155531, start_date=20221127T155533, end_date=20221127T155534
[2022-11-27T15:55:34.435+0000] {local_task_job.py:159} INFO - Task exited with return code 0
[2022-11-27T15:55:34.506+0000] {taskinstance.py:2623} INFO - 0 downstream tasks scheduled from follow-on schedule check
