[2022-11-28T09:19:23.386+0000] {taskinstance.py:1165} INFO - Dependencies all met for <TaskInstance: dag_youtube_api.transform manual__2022-11-28T09:18:41.585995+00:00 [queued]>
[2022-11-28T09:19:23.420+0000] {taskinstance.py:1165} INFO - Dependencies all met for <TaskInstance: dag_youtube_api.transform manual__2022-11-28T09:18:41.585995+00:00 [queued]>
[2022-11-28T09:19:23.420+0000] {taskinstance.py:1362} INFO - 
--------------------------------------------------------------------------------
[2022-11-28T09:19:23.421+0000] {taskinstance.py:1363} INFO - Starting attempt 1 of 2
[2022-11-28T09:19:23.421+0000] {taskinstance.py:1364} INFO - 
--------------------------------------------------------------------------------
[2022-11-28T09:19:23.467+0000] {taskinstance.py:1383} INFO - Executing <Task(PythonOperator): transform> on 2022-11-28 09:18:41.585995+00:00
[2022-11-28T09:19:23.486+0000] {standard_task_runner.py:55} INFO - Started process 2344 to run task
[2022-11-28T09:19:23.508+0000] {standard_task_runner.py:82} INFO - Running: ['***', 'tasks', 'run', 'dag_youtube_api', 'transform', 'manual__2022-11-28T09:18:41.585995+00:00', '--job-id', '544', '--raw', '--subdir', 'DAGS_FOLDER/dag_youtube_api.py', '--cfg-path', '/tmp/tmprwjx2_j9']
[2022-11-28T09:19:23.515+0000] {standard_task_runner.py:83} INFO - Job 544: Subtask transform
[2022-11-28T09:19:23.721+0000] {task_command.py:376} INFO - Running <TaskInstance: dag_youtube_api.transform manual__2022-11-28T09:18:41.585995+00:00 [running]> on host 8af950e53524
[2022-11-28T09:19:23.932+0000] {taskinstance.py:1592} INFO - Exporting the following env vars:
AIRFLOW_CTX_DAG_OWNER=***
AIRFLOW_CTX_DAG_ID=dag_youtube_api
AIRFLOW_CTX_TASK_ID=transform
AIRFLOW_CTX_EXECUTION_DATE=2022-11-28T09:18:41.585995+00:00
AIRFLOW_CTX_TRY_NUMBER=1
AIRFLOW_CTX_DAG_RUN_ID=manual__2022-11-28T09:18:41.585995+00:00
[2022-11-28T09:19:23.991+0000] {taskinstance.py:1851} ERROR - Task failed with exception
Traceback (most recent call last):
  File "/home/airflow/.local/lib/python3.7/site-packages/airflow/operators/python.py", line 175, in execute
    return_value = self.execute_callable()
  File "/home/airflow/.local/lib/python3.7/site-packages/airflow/operators/python.py", line 193, in execute_callable
    return self.python_callable(*self.op_args, **self.op_kwargs)
  File "/opt/airflow/dags/dag_youtube_api.py", line 144, in transform
    data['tags'] = data['tags'].apply(cleaning_text)
  File "/home/airflow/.local/lib/python3.7/site-packages/pandas/core/series.py", line 4357, in apply
    return SeriesApply(self, func, convert_dtype, args, kwargs).apply()
  File "/home/airflow/.local/lib/python3.7/site-packages/pandas/core/apply.py", line 1043, in apply
    return self.apply_standard()
  File "/home/airflow/.local/lib/python3.7/site-packages/pandas/core/apply.py", line 1101, in apply_standard
    convert=self.convert_dtype,
  File "pandas/_libs/lib.pyx", line 2859, in pandas._libs.lib.map_infer
  File "/opt/airflow/dags/dag_youtube_api.py", line 129, in cleaning_text
    text = re.sub(r'[^\w\s]', '', text)
  File "/usr/local/lib/python3.7/re.py", line 194, in sub
    return _compile(pattern, flags).sub(repl, string, count)
TypeError: expected string or bytes-like object
[2022-11-28T09:19:24.021+0000] {taskinstance.py:1406} INFO - Marking task as UP_FOR_RETRY. dag_id=dag_youtube_api, task_id=transform, execution_date=20221128T091841, start_date=20221128T091923, end_date=20221128T091924
[2022-11-28T09:19:24.052+0000] {standard_task_runner.py:105} ERROR - Failed to execute job 544 for task transform (expected string or bytes-like object; 2344)
[2022-11-28T09:19:24.103+0000] {local_task_job.py:159} INFO - Task exited with return code 1
[2022-11-28T09:19:24.193+0000] {taskinstance.py:2623} INFO - 0 downstream tasks scheduled from follow-on schedule check
