[2022-11-28T09:24:50.023+0000] {taskinstance.py:1165} INFO - Dependencies all met for <TaskInstance: dag_youtube_api.transform manual__2022-11-28T09:18:41.585995+00:00 [queued]>
[2022-11-28T09:24:50.061+0000] {taskinstance.py:1165} INFO - Dependencies all met for <TaskInstance: dag_youtube_api.transform manual__2022-11-28T09:18:41.585995+00:00 [queued]>
[2022-11-28T09:24:50.063+0000] {taskinstance.py:1362} INFO - 
--------------------------------------------------------------------------------
[2022-11-28T09:24:50.066+0000] {taskinstance.py:1363} INFO - Starting attempt 2 of 2
[2022-11-28T09:24:50.068+0000] {taskinstance.py:1364} INFO - 
--------------------------------------------------------------------------------
[2022-11-28T09:24:50.139+0000] {taskinstance.py:1383} INFO - Executing <Task(PythonOperator): transform> on 2022-11-28 09:18:41.585995+00:00
[2022-11-28T09:24:50.159+0000] {standard_task_runner.py:55} INFO - Started process 2516 to run task
[2022-11-28T09:24:50.171+0000] {standard_task_runner.py:82} INFO - Running: ['***', 'tasks', 'run', 'dag_youtube_api', 'transform', 'manual__2022-11-28T09:18:41.585995+00:00', '--job-id', '547', '--raw', '--subdir', 'DAGS_FOLDER/dag_youtube_api.py', '--cfg-path', '/tmp/tmp52m1cfr2']
[2022-11-28T09:24:50.176+0000] {standard_task_runner.py:83} INFO - Job 547: Subtask transform
[2022-11-28T09:24:50.380+0000] {task_command.py:376} INFO - Running <TaskInstance: dag_youtube_api.transform manual__2022-11-28T09:18:41.585995+00:00 [running]> on host 8af950e53524
[2022-11-28T09:24:50.550+0000] {taskinstance.py:1592} INFO - Exporting the following env vars:
AIRFLOW_CTX_DAG_OWNER=***
AIRFLOW_CTX_DAG_ID=dag_youtube_api
AIRFLOW_CTX_TASK_ID=transform
AIRFLOW_CTX_EXECUTION_DATE=2022-11-28T09:18:41.585995+00:00
AIRFLOW_CTX_TRY_NUMBER=2
AIRFLOW_CTX_DAG_RUN_ID=manual__2022-11-28T09:18:41.585995+00:00
[2022-11-28T09:24:50.553+0000] {python.py:177} INFO - Done. Returned value was: None
[2022-11-28T09:24:50.579+0000] {taskinstance.py:1406} INFO - Marking task as SUCCESS. dag_id=dag_youtube_api, task_id=transform, execution_date=20221128T091841, start_date=20221128T092450, end_date=20221128T092450
[2022-11-28T09:24:50.669+0000] {local_task_job.py:159} INFO - Task exited with return code 0
[2022-11-28T09:24:50.720+0000] {taskinstance.py:2623} INFO - 1 downstream tasks scheduled from follow-on schedule check
