[2022-11-28T16:34:14.341+0000] {taskinstance.py:1165} INFO - Dependencies all met for <TaskInstance: dag_try_oop.transformYtApiOperator scheduled__2022-11-28T01:50:00+00:00 [queued]>
[2022-11-28T16:34:14.420+0000] {taskinstance.py:1165} INFO - Dependencies all met for <TaskInstance: dag_try_oop.transformYtApiOperator scheduled__2022-11-28T01:50:00+00:00 [queued]>
[2022-11-28T16:34:14.422+0000] {taskinstance.py:1362} INFO - 
--------------------------------------------------------------------------------
[2022-11-28T16:34:14.423+0000] {taskinstance.py:1363} INFO - Starting attempt 1 of 2
[2022-11-28T16:34:14.423+0000] {taskinstance.py:1364} INFO - 
--------------------------------------------------------------------------------
[2022-11-28T16:34:14.506+0000] {taskinstance.py:1383} INFO - Executing <Task(transformYtApiOperator): transformYtApiOperator> on 2022-11-28 01:50:00+00:00
[2022-11-28T16:34:14.520+0000] {standard_task_runner.py:55} INFO - Started process 1016 to run task
[2022-11-28T16:34:14.538+0000] {standard_task_runner.py:82} INFO - Running: ['***', 'tasks', 'run', 'dag_try_oop', 'transformYtApiOperator', 'scheduled__2022-11-28T01:50:00+00:00', '--job-id', '908', '--raw', '--subdir', 'DAGS_FOLDER/dag_try_oop.py', '--cfg-path', '/tmp/tmpkkaiii8q']
[2022-11-28T16:34:14.546+0000] {standard_task_runner.py:83} INFO - Job 908: Subtask transformYtApiOperator
[2022-11-28T16:34:14.785+0000] {task_command.py:376} INFO - Running <TaskInstance: dag_try_oop.transformYtApiOperator scheduled__2022-11-28T01:50:00+00:00 [running]> on host 1dd759b3e30c
[2022-11-28T16:34:14.967+0000] {taskinstance.py:1592} INFO - Exporting the following env vars:
AIRFLOW_CTX_DAG_OWNER=***
AIRFLOW_CTX_DAG_ID=dag_try_oop
AIRFLOW_CTX_TASK_ID=transformYtApiOperator
AIRFLOW_CTX_EXECUTION_DATE=2022-11-28T01:50:00+00:00
AIRFLOW_CTX_TRY_NUMBER=1
AIRFLOW_CTX_DAG_RUN_ID=scheduled__2022-11-28T01:50:00+00:00
[2022-11-28T16:34:15.120+0000] {taskinstance.py:1406} INFO - Marking task as SUCCESS. dag_id=dag_try_oop, task_id=transformYtApiOperator, execution_date=20221128T015000, start_date=20221128T163414, end_date=20221128T163415
[2022-11-28T16:34:15.229+0000] {local_task_job.py:159} INFO - Task exited with return code 0
[2022-11-28T16:34:15.349+0000] {taskinstance.py:2623} INFO - 1 downstream tasks scheduled from follow-on schedule check
