[2022-11-28T08:59:39.618+0000] {taskinstance.py:1165} INFO - Dependencies all met for <TaskInstance: dag_youtube_api.creatableLoad manual__2022-11-28T08:54:26.582373+00:00 [queued]>
[2022-11-28T08:59:39.632+0000] {taskinstance.py:1165} INFO - Dependencies all met for <TaskInstance: dag_youtube_api.creatableLoad manual__2022-11-28T08:54:26.582373+00:00 [queued]>
[2022-11-28T08:59:39.633+0000] {taskinstance.py:1362} INFO - 
--------------------------------------------------------------------------------
[2022-11-28T08:59:39.634+0000] {taskinstance.py:1363} INFO - Starting attempt 2 of 2
[2022-11-28T08:59:39.634+0000] {taskinstance.py:1364} INFO - 
--------------------------------------------------------------------------------
[2022-11-28T08:59:39.705+0000] {taskinstance.py:1383} INFO - Executing <Task(PythonOperator): creatableLoad> on 2022-11-28 08:54:26.582373+00:00
[2022-11-28T08:59:39.717+0000] {standard_task_runner.py:55} INFO - Started process 1541 to run task
[2022-11-28T08:59:39.724+0000] {standard_task_runner.py:82} INFO - Running: ['***', 'tasks', 'run', 'dag_youtube_api', 'creatableLoad', 'manual__2022-11-28T08:54:26.582373+00:00', '--job-id', '525', '--raw', '--subdir', 'DAGS_FOLDER/dag_youtube_api.py', '--cfg-path', '/tmp/tmp0bfdabhk']
[2022-11-28T08:59:39.739+0000] {standard_task_runner.py:83} INFO - Job 525: Subtask creatableLoad
[2022-11-28T08:59:39.842+0000] {task_command.py:376} INFO - Running <TaskInstance: dag_youtube_api.creatableLoad manual__2022-11-28T08:54:26.582373+00:00 [running]> on host 8af950e53524
[2022-11-28T08:59:39.913+0000] {taskinstance.py:1592} INFO - Exporting the following env vars:
AIRFLOW_CTX_DAG_OWNER=***
AIRFLOW_CTX_DAG_ID=dag_youtube_api
AIRFLOW_CTX_TASK_ID=creatableLoad
AIRFLOW_CTX_EXECUTION_DATE=2022-11-28T08:54:26.582373+00:00
AIRFLOW_CTX_TRY_NUMBER=2
AIRFLOW_CTX_DAG_RUN_ID=manual__2022-11-28T08:54:26.582373+00:00
[2022-11-28T08:59:39.963+0000] {python.py:177} INFO - Done. Returned value was: None
[2022-11-28T08:59:39.974+0000] {taskinstance.py:1406} INFO - Marking task as SUCCESS. dag_id=dag_youtube_api, task_id=creatableLoad, execution_date=20221128T085426, start_date=20221128T085939, end_date=20221128T085939
[2022-11-28T08:59:40.021+0000] {local_task_job.py:159} INFO - Task exited with return code 0
[2022-11-28T08:59:40.054+0000] {taskinstance.py:2623} INFO - 0 downstream tasks scheduled from follow-on schedule check
