[2022-11-28T08:54:38.050+0000] {taskinstance.py:1165} INFO - Dependencies all met for <TaskInstance: dag_youtube_api.creatableLoad manual__2022-11-28T08:54:26.582373+00:00 [queued]>
[2022-11-28T08:54:38.070+0000] {taskinstance.py:1165} INFO - Dependencies all met for <TaskInstance: dag_youtube_api.creatableLoad manual__2022-11-28T08:54:26.582373+00:00 [queued]>
[2022-11-28T08:54:38.071+0000] {taskinstance.py:1362} INFO - 
--------------------------------------------------------------------------------
[2022-11-28T08:54:38.071+0000] {taskinstance.py:1363} INFO - Starting attempt 1 of 2
[2022-11-28T08:54:38.071+0000] {taskinstance.py:1364} INFO - 
--------------------------------------------------------------------------------
[2022-11-28T08:54:38.097+0000] {taskinstance.py:1383} INFO - Executing <Task(PythonOperator): creatableLoad> on 2022-11-28 08:54:26.582373+00:00
[2022-11-28T08:54:38.106+0000] {standard_task_runner.py:55} INFO - Started process 1304 to run task
[2022-11-28T08:54:38.118+0000] {standard_task_runner.py:82} INFO - Running: ['***', 'tasks', 'run', 'dag_youtube_api', 'creatableLoad', 'manual__2022-11-28T08:54:26.582373+00:00', '--job-id', '519', '--raw', '--subdir', 'DAGS_FOLDER/dag_youtube_api.py', '--cfg-path', '/tmp/tmp3rzidxze']
[2022-11-28T08:54:38.122+0000] {standard_task_runner.py:83} INFO - Job 519: Subtask creatableLoad
[2022-11-28T08:54:38.235+0000] {task_command.py:376} INFO - Running <TaskInstance: dag_youtube_api.creatableLoad manual__2022-11-28T08:54:26.582373+00:00 [running]> on host 8af950e53524
[2022-11-28T08:54:38.396+0000] {taskinstance.py:1592} INFO - Exporting the following env vars:
AIRFLOW_CTX_DAG_OWNER=***
AIRFLOW_CTX_DAG_ID=dag_youtube_api
AIRFLOW_CTX_TASK_ID=creatableLoad
AIRFLOW_CTX_EXECUTION_DATE=2022-11-28T08:54:26.582373+00:00
AIRFLOW_CTX_TRY_NUMBER=1
AIRFLOW_CTX_DAG_RUN_ID=manual__2022-11-28T08:54:26.582373+00:00
[2022-11-28T08:54:38.414+0000] {taskinstance.py:1851} ERROR - Task failed with exception
Traceback (most recent call last):
  File "/home/airflow/.local/lib/python3.7/site-packages/airflow/operators/python.py", line 175, in execute
    return_value = self.execute_callable()
  File "/home/airflow/.local/lib/python3.7/site-packages/airflow/operators/python.py", line 193, in execute_callable
    return self.python_callable(*self.op_args, **self.op_kwargs)
  File "/opt/airflow/dags/dag_youtube_api.py", line 183, in creatableLoad
    """
psycopg2.errors.UndefinedTable: relation "youtube_id" does not exist

[2022-11-28T08:54:38.454+0000] {taskinstance.py:1406} INFO - Marking task as UP_FOR_RETRY. dag_id=dag_youtube_api, task_id=creatableLoad, execution_date=20221128T085426, start_date=20221128T085438, end_date=20221128T085438
[2022-11-28T08:54:38.499+0000] {standard_task_runner.py:105} ERROR - Failed to execute job 519 for task creatableLoad (relation "youtube_id" does not exist
; 1304)
[2022-11-28T08:54:38.576+0000] {local_task_job.py:159} INFO - Task exited with return code 1
[2022-11-28T08:54:38.620+0000] {taskinstance.py:2623} INFO - 0 downstream tasks scheduled from follow-on schedule check
