[2022-11-28T08:54:29.475+0000] {taskinstance.py:1165} INFO - Dependencies all met for <TaskInstance: dag_youtube_api.getDataToLocal manual__2022-11-28T08:54:26.582373+00:00 [queued]>
[2022-11-28T08:54:29.521+0000] {taskinstance.py:1165} INFO - Dependencies all met for <TaskInstance: dag_youtube_api.getDataToLocal manual__2022-11-28T08:54:26.582373+00:00 [queued]>
[2022-11-28T08:54:29.523+0000] {taskinstance.py:1362} INFO - 
--------------------------------------------------------------------------------
[2022-11-28T08:54:29.523+0000] {taskinstance.py:1363} INFO - Starting attempt 1 of 2
[2022-11-28T08:54:29.524+0000] {taskinstance.py:1364} INFO - 
--------------------------------------------------------------------------------
[2022-11-28T08:54:29.581+0000] {taskinstance.py:1383} INFO - Executing <Task(PythonOperator): getDataToLocal> on 2022-11-28 08:54:26.582373+00:00
[2022-11-28T08:54:29.594+0000] {standard_task_runner.py:55} INFO - Started process 1296 to run task
[2022-11-28T08:54:29.613+0000] {standard_task_runner.py:82} INFO - Running: ['***', 'tasks', 'run', 'dag_youtube_api', 'getDataToLocal', 'manual__2022-11-28T08:54:26.582373+00:00', '--job-id', '517', '--raw', '--subdir', 'DAGS_FOLDER/dag_youtube_api.py', '--cfg-path', '/tmp/tmpkltzw0cm']
[2022-11-28T08:54:29.620+0000] {standard_task_runner.py:83} INFO - Job 517: Subtask getDataToLocal
[2022-11-28T08:54:29.866+0000] {task_command.py:376} INFO - Running <TaskInstance: dag_youtube_api.getDataToLocal manual__2022-11-28T08:54:26.582373+00:00 [running]> on host 8af950e53524
[2022-11-28T08:54:30.021+0000] {taskinstance.py:1592} INFO - Exporting the following env vars:
AIRFLOW_CTX_DAG_OWNER=***
AIRFLOW_CTX_DAG_ID=dag_youtube_api
AIRFLOW_CTX_TASK_ID=getDataToLocal
AIRFLOW_CTX_EXECUTION_DATE=2022-11-28T08:54:26.582373+00:00
AIRFLOW_CTX_TRY_NUMBER=1
AIRFLOW_CTX_DAG_RUN_ID=manual__2022-11-28T08:54:26.582373+00:00
[2022-11-28T08:54:31.304+0000] {logging_mixin.py:137} INFO - Writing ID data to file...
[2022-11-28T08:54:31.633+0000] {logging_mixin.py:137} INFO - {'code': 400, 'message': 'The <code>regionCode</code> parameter specifies an invalid region code.', 'errors': [{'message': 'The <code>regionCode</code> parameter specifies an invalid region code.', 'domain': 'youtube.parameter', 'reason': 'invalidRegionCode', 'location': 'regionCode', 'locationType': 'parameter'}]}
[2022-11-28T08:54:31.640+0000] {logging_mixin.py:137} INFO - Writing EN data to file...
[2022-11-28T08:54:31.657+0000] {python.py:177} INFO - Done. Returned value was: None
[2022-11-28T08:54:31.767+0000] {taskinstance.py:1406} INFO - Marking task as SUCCESS. dag_id=dag_youtube_api, task_id=getDataToLocal, execution_date=20221128T085426, start_date=20221128T085429, end_date=20221128T085431
[2022-11-28T08:54:31.877+0000] {local_task_job.py:159} INFO - Task exited with return code 0
[2022-11-28T08:54:32.026+0000] {taskinstance.py:2623} INFO - 1 downstream tasks scheduled from follow-on schedule check
