[2022-11-27T16:02:26.633+0000] {taskinstance.py:1165} INFO - Dependencies all met for <TaskInstance: dag_youtube_api.getDataToLocal manual__2022-11-27T16:02:24.948035+00:00 [queued]>
[2022-11-27T16:02:26.645+0000] {taskinstance.py:1165} INFO - Dependencies all met for <TaskInstance: dag_youtube_api.getDataToLocal manual__2022-11-27T16:02:24.948035+00:00 [queued]>
[2022-11-27T16:02:26.646+0000] {taskinstance.py:1362} INFO - 
--------------------------------------------------------------------------------
[2022-11-27T16:02:26.646+0000] {taskinstance.py:1363} INFO - Starting attempt 1 of 2
[2022-11-27T16:02:26.646+0000] {taskinstance.py:1364} INFO - 
--------------------------------------------------------------------------------
[2022-11-27T16:02:26.663+0000] {taskinstance.py:1383} INFO - Executing <Task(PythonOperator): getDataToLocal> on 2022-11-27 16:02:24.948035+00:00
[2022-11-27T16:02:26.669+0000] {standard_task_runner.py:55} INFO - Started process 8499 to run task
[2022-11-27T16:02:26.675+0000] {standard_task_runner.py:82} INFO - Running: ['***', 'tasks', 'run', 'dag_youtube_api', 'getDataToLocal', 'manual__2022-11-27T16:02:24.948035+00:00', '--job-id', '364', '--raw', '--subdir', 'DAGS_FOLDER/dag_youtube_api.py', '--cfg-path', '/tmp/tmpg05f7shi']
[2022-11-27T16:02:26.678+0000] {standard_task_runner.py:83} INFO - Job 364: Subtask getDataToLocal
[2022-11-27T16:02:26.764+0000] {task_command.py:376} INFO - Running <TaskInstance: dag_youtube_api.getDataToLocal manual__2022-11-27T16:02:24.948035+00:00 [running]> on host 1977dd9b5152
[2022-11-27T16:02:26.849+0000] {taskinstance.py:1592} INFO - Exporting the following env vars:
AIRFLOW_CTX_DAG_OWNER=***
AIRFLOW_CTX_DAG_ID=dag_youtube_api
AIRFLOW_CTX_TASK_ID=getDataToLocal
AIRFLOW_CTX_EXECUTION_DATE=2022-11-27T16:02:24.948035+00:00
AIRFLOW_CTX_TRY_NUMBER=1
AIRFLOW_CTX_DAG_RUN_ID=manual__2022-11-27T16:02:24.948035+00:00
[2022-11-27T16:02:28.064+0000] {logging_mixin.py:137} INFO - Writing ID data to file...
[2022-11-27T16:02:28.067+0000] {python.py:177} INFO - Done. Returned value was: None
[2022-11-27T16:02:28.091+0000] {taskinstance.py:1406} INFO - Marking task as SUCCESS. dag_id=dag_youtube_api, task_id=getDataToLocal, execution_date=20221127T160224, start_date=20221127T160226, end_date=20221127T160228
[2022-11-27T16:02:28.172+0000] {local_task_job.py:159} INFO - Task exited with return code 0
[2022-11-27T16:02:28.215+0000] {taskinstance.py:2623} INFO - 0 downstream tasks scheduled from follow-on schedule check
