[2022-11-27T16:36:25.212+0000] {taskinstance.py:1165} INFO - Dependencies all met for <TaskInstance: dag_youtube_api.getDataToLocal manual__2022-11-27T16:36:18.561164+00:00 [queued]>
[2022-11-27T16:36:25.315+0000] {taskinstance.py:1165} INFO - Dependencies all met for <TaskInstance: dag_youtube_api.getDataToLocal manual__2022-11-27T16:36:18.561164+00:00 [queued]>
[2022-11-27T16:36:25.320+0000] {taskinstance.py:1362} INFO - 
--------------------------------------------------------------------------------
[2022-11-27T16:36:25.321+0000] {taskinstance.py:1363} INFO - Starting attempt 1 of 2
[2022-11-27T16:36:25.321+0000] {taskinstance.py:1364} INFO - 
--------------------------------------------------------------------------------
[2022-11-27T16:36:25.445+0000] {taskinstance.py:1383} INFO - Executing <Task(PythonOperator): getDataToLocal> on 2022-11-27 16:36:18.561164+00:00
[2022-11-27T16:36:25.487+0000] {standard_task_runner.py:55} INFO - Started process 10037 to run task
[2022-11-27T16:36:25.588+0000] {standard_task_runner.py:82} INFO - Running: ['***', 'tasks', 'run', 'dag_youtube_api', 'getDataToLocal', 'manual__2022-11-27T16:36:18.561164+00:00', '--job-id', '386', '--raw', '--subdir', 'DAGS_FOLDER/dag_youtube_api.py', '--cfg-path', '/tmp/tmp1qktkt3_']
[2022-11-27T16:36:25.623+0000] {standard_task_runner.py:83} INFO - Job 386: Subtask getDataToLocal
[2022-11-27T16:36:26.859+0000] {task_command.py:376} INFO - Running <TaskInstance: dag_youtube_api.getDataToLocal manual__2022-11-27T16:36:18.561164+00:00 [running]> on host 1977dd9b5152
[2022-11-27T16:36:27.849+0000] {taskinstance.py:1592} INFO - Exporting the following env vars:
AIRFLOW_CTX_DAG_OWNER=***
AIRFLOW_CTX_DAG_ID=dag_youtube_api
AIRFLOW_CTX_TASK_ID=getDataToLocal
AIRFLOW_CTX_EXECUTION_DATE=2022-11-27T16:36:18.561164+00:00
AIRFLOW_CTX_TRY_NUMBER=1
AIRFLOW_CTX_DAG_RUN_ID=manual__2022-11-27T16:36:18.561164+00:00
[2022-11-27T16:36:29.990+0000] {logging_mixin.py:137} INFO - Writing ID data to file...
[2022-11-27T16:36:30.026+0000] {python.py:177} INFO - Done. Returned value was: None
[2022-11-27T16:36:30.072+0000] {taskinstance.py:1406} INFO - Marking task as SUCCESS. dag_id=dag_youtube_api, task_id=getDataToLocal, execution_date=20221127T163618, start_date=20221127T163625, end_date=20221127T163630
[2022-11-27T16:36:30.548+0000] {local_task_job.py:159} INFO - Task exited with return code 0
[2022-11-27T16:36:30.675+0000] {taskinstance.py:2623} INFO - 0 downstream tasks scheduled from follow-on schedule check
