[2022-11-28T08:40:11.730+0000] {taskinstance.py:1165} INFO - Dependencies all met for <TaskInstance: dag_youtube_api.transform manual__2022-11-28T08:40:07.337052+00:00 [queued]>
[2022-11-28T08:40:11.741+0000] {taskinstance.py:1165} INFO - Dependencies all met for <TaskInstance: dag_youtube_api.transform manual__2022-11-28T08:40:07.337052+00:00 [queued]>
[2022-11-28T08:40:11.741+0000] {taskinstance.py:1362} INFO - 
--------------------------------------------------------------------------------
[2022-11-28T08:40:11.741+0000] {taskinstance.py:1363} INFO - Starting attempt 1 of 2
[2022-11-28T08:40:11.741+0000] {taskinstance.py:1364} INFO - 
--------------------------------------------------------------------------------
[2022-11-28T08:40:11.757+0000] {taskinstance.py:1383} INFO - Executing <Task(PythonOperator): transform> on 2022-11-28 08:40:07.337052+00:00
[2022-11-28T08:40:11.766+0000] {standard_task_runner.py:55} INFO - Started process 640 to run task
[2022-11-28T08:40:11.771+0000] {standard_task_runner.py:82} INFO - Running: ['***', 'tasks', 'run', 'dag_youtube_api', 'transform', 'manual__2022-11-28T08:40:07.337052+00:00', '--job-id', '503', '--raw', '--subdir', 'DAGS_FOLDER/dag_youtube_api.py', '--cfg-path', '/tmp/tmpx9v4yidz']
[2022-11-28T08:40:11.773+0000] {standard_task_runner.py:83} INFO - Job 503: Subtask transform
[2022-11-28T08:40:11.883+0000] {task_command.py:376} INFO - Running <TaskInstance: dag_youtube_api.transform manual__2022-11-28T08:40:07.337052+00:00 [running]> on host 8af950e53524
[2022-11-28T08:40:11.988+0000] {taskinstance.py:1592} INFO - Exporting the following env vars:
AIRFLOW_CTX_DAG_OWNER=***
AIRFLOW_CTX_DAG_ID=dag_youtube_api
AIRFLOW_CTX_TASK_ID=transform
AIRFLOW_CTX_EXECUTION_DATE=2022-11-28T08:40:07.337052+00:00
AIRFLOW_CTX_TRY_NUMBER=1
AIRFLOW_CTX_DAG_RUN_ID=manual__2022-11-28T08:40:07.337052+00:00
[2022-11-28T08:40:11.991+0000] {logging_mixin.py:137} INFO - v
[2022-11-28T08:40:11.991+0000] {logging_mixin.py:137} INFO - v
[2022-11-28T08:40:11.991+0000] {logging_mixin.py:137} INFO - v
[2022-11-28T08:40:12.017+0000] {python.py:177} INFO - Done. Returned value was: None
[2022-11-28T08:40:12.029+0000] {taskinstance.py:1406} INFO - Marking task as SUCCESS. dag_id=dag_youtube_api, task_id=transform, execution_date=20221128T084007, start_date=20221128T084011, end_date=20221128T084012
[2022-11-28T08:40:12.063+0000] {local_task_job.py:159} INFO - Task exited with return code 0
[2022-11-28T08:40:12.088+0000] {taskinstance.py:2623} INFO - 1 downstream tasks scheduled from follow-on schedule check
