[2022-11-28T16:36:50.950+0000] {taskinstance.py:1165} INFO - Dependencies all met for <TaskInstance: dag_try_oop.loadYtApiOperator scheduled__2022-11-28T05:40:00+00:00 [queued]>
[2022-11-28T16:36:51.016+0000] {taskinstance.py:1165} INFO - Dependencies all met for <TaskInstance: dag_try_oop.loadYtApiOperator scheduled__2022-11-28T05:40:00+00:00 [queued]>
[2022-11-28T16:36:51.021+0000] {taskinstance.py:1362} INFO - 
--------------------------------------------------------------------------------
[2022-11-28T16:36:51.023+0000] {taskinstance.py:1363} INFO - Starting attempt 1 of 2
[2022-11-28T16:36:51.026+0000] {taskinstance.py:1364} INFO - 
--------------------------------------------------------------------------------
[2022-11-28T16:36:51.058+0000] {taskinstance.py:1383} INFO - Executing <Task(loadYtApiOperator): loadYtApiOperator> on 2022-11-28 05:40:00+00:00
[2022-11-28T16:36:51.130+0000] {standard_task_runner.py:82} INFO - Running: ['***', 'tasks', 'run', 'dag_try_oop', 'loadYtApiOperator', 'scheduled__2022-11-28T05:40:00+00:00', '--job-id', '962', '--raw', '--subdir', 'DAGS_FOLDER/dag_try_oop.py', '--cfg-path', '/tmp/tmpckoky0jb']
[2022-11-28T16:36:51.148+0000] {standard_task_runner.py:83} INFO - Job 962: Subtask loadYtApiOperator
[2022-11-28T16:36:51.113+0000] {standard_task_runner.py:55} INFO - Started process 1245 to run task
[2022-11-28T16:36:51.357+0000] {task_command.py:376} INFO - Running <TaskInstance: dag_try_oop.loadYtApiOperator scheduled__2022-11-28T05:40:00+00:00 [running]> on host 1dd759b3e30c
[2022-11-28T16:36:51.628+0000] {taskinstance.py:1592} INFO - Exporting the following env vars:
AIRFLOW_CTX_DAG_OWNER=***
AIRFLOW_CTX_DAG_ID=dag_try_oop
AIRFLOW_CTX_TASK_ID=loadYtApiOperator
AIRFLOW_CTX_EXECUTION_DATE=2022-11-28T05:40:00+00:00
AIRFLOW_CTX_TRY_NUMBER=1
AIRFLOW_CTX_DAG_RUN_ID=scheduled__2022-11-28T05:40:00+00:00
[2022-11-28T16:36:51.969+0000] {taskinstance.py:1406} INFO - Marking task as SUCCESS. dag_id=dag_try_oop, task_id=loadYtApiOperator, execution_date=20221128T054000, start_date=20221128T163650, end_date=20221128T163651
[2022-11-28T16:36:52.055+0000] {local_task_job.py:159} INFO - Task exited with return code 0
[2022-11-28T16:36:52.114+0000] {taskinstance.py:2623} INFO - 1 downstream tasks scheduled from follow-on schedule check
