[2022-11-28T16:37:08.157+0000] {taskinstance.py:1165} INFO - Dependencies all met for <TaskInstance: dag_try_oop.loadYtApiOperator scheduled__2022-11-28T04:50:00+00:00 [queued]>
[2022-11-28T16:37:08.176+0000] {taskinstance.py:1165} INFO - Dependencies all met for <TaskInstance: dag_try_oop.loadYtApiOperator scheduled__2022-11-28T04:50:00+00:00 [queued]>
[2022-11-28T16:37:08.182+0000] {taskinstance.py:1362} INFO - 
--------------------------------------------------------------------------------
[2022-11-28T16:37:08.183+0000] {taskinstance.py:1363} INFO - Starting attempt 2 of 2
[2022-11-28T16:37:08.183+0000] {taskinstance.py:1364} INFO - 
--------------------------------------------------------------------------------
[2022-11-28T16:37:08.235+0000] {taskinstance.py:1383} INFO - Executing <Task(loadYtApiOperator): loadYtApiOperator> on 2022-11-28 04:50:00+00:00
[2022-11-28T16:37:08.247+0000] {standard_task_runner.py:55} INFO - Started process 1256 to run task
[2022-11-28T16:37:08.260+0000] {standard_task_runner.py:82} INFO - Running: ['***', 'tasks', 'run', 'dag_try_oop', 'loadYtApiOperator', 'scheduled__2022-11-28T04:50:00+00:00', '--job-id', '963', '--raw', '--subdir', 'DAGS_FOLDER/dag_try_oop.py', '--cfg-path', '/tmp/tmp7i26d6ef']
[2022-11-28T16:37:08.263+0000] {standard_task_runner.py:83} INFO - Job 963: Subtask loadYtApiOperator
[2022-11-28T16:37:08.378+0000] {task_command.py:376} INFO - Running <TaskInstance: dag_try_oop.loadYtApiOperator scheduled__2022-11-28T04:50:00+00:00 [running]> on host 1dd759b3e30c
[2022-11-28T16:37:08.479+0000] {taskinstance.py:1592} INFO - Exporting the following env vars:
AIRFLOW_CTX_DAG_OWNER=***
AIRFLOW_CTX_DAG_ID=dag_try_oop
AIRFLOW_CTX_TASK_ID=loadYtApiOperator
AIRFLOW_CTX_EXECUTION_DATE=2022-11-28T04:50:00+00:00
AIRFLOW_CTX_TRY_NUMBER=2
AIRFLOW_CTX_DAG_RUN_ID=scheduled__2022-11-28T04:50:00+00:00
[2022-11-28T16:37:08.758+0000] {taskinstance.py:1406} INFO - Marking task as SUCCESS. dag_id=dag_try_oop, task_id=loadYtApiOperator, execution_date=20221128T045000, start_date=20221128T163708, end_date=20221128T163708
[2022-11-28T16:37:08.831+0000] {local_task_job.py:159} INFO - Task exited with return code 0
[2022-11-28T16:37:08.914+0000] {taskinstance.py:2623} INFO - 1 downstream tasks scheduled from follow-on schedule check
