[2022-11-29T06:46:01.249+0000] {taskinstance.py:1165} INFO - Dependencies all met for <TaskInstance: dag_try_oop.loadYtApiOperator manual__2022-11-29T06:45:49.973027+00:00 [queued]>
[2022-11-29T06:46:01.263+0000] {taskinstance.py:1165} INFO - Dependencies all met for <TaskInstance: dag_try_oop.loadYtApiOperator manual__2022-11-29T06:45:49.973027+00:00 [queued]>
[2022-11-29T06:46:01.264+0000] {taskinstance.py:1362} INFO - 
--------------------------------------------------------------------------------
[2022-11-29T06:46:01.264+0000] {taskinstance.py:1363} INFO - Starting attempt 1 of 2
[2022-11-29T06:46:01.264+0000] {taskinstance.py:1364} INFO - 
--------------------------------------------------------------------------------
[2022-11-29T06:46:01.284+0000] {taskinstance.py:1383} INFO - Executing <Task(loadYtApiOperator): loadYtApiOperator> on 2022-11-29 06:45:49.973027+00:00
[2022-11-29T06:46:01.294+0000] {standard_task_runner.py:55} INFO - Started process 495 to run task
[2022-11-29T06:46:01.301+0000] {standard_task_runner.py:82} INFO - Running: ['***', 'tasks', 'run', 'dag_try_oop', 'loadYtApiOperator', 'manual__2022-11-29T06:45:49.973027+00:00', '--job-id', '1097', '--raw', '--subdir', 'DAGS_FOLDER/dag_try_oop.py', '--cfg-path', '/tmp/tmp57vjhwdn']
[2022-11-29T06:46:01.306+0000] {standard_task_runner.py:83} INFO - Job 1097: Subtask loadYtApiOperator
[2022-11-29T06:46:01.427+0000] {task_command.py:376} INFO - Running <TaskInstance: dag_try_oop.loadYtApiOperator manual__2022-11-29T06:45:49.973027+00:00 [running]> on host dceef233476f
[2022-11-29T06:46:01.567+0000] {taskinstance.py:1592} INFO - Exporting the following env vars:
AIRFLOW_CTX_DAG_OWNER=***
AIRFLOW_CTX_DAG_ID=dag_try_oop
AIRFLOW_CTX_TASK_ID=loadYtApiOperator
AIRFLOW_CTX_EXECUTION_DATE=2022-11-29T06:45:49.973027+00:00
AIRFLOW_CTX_TRY_NUMBER=1
AIRFLOW_CTX_DAG_RUN_ID=manual__2022-11-29T06:45:49.973027+00:00
[2022-11-29T06:46:01.702+0000] {taskinstance.py:1406} INFO - Marking task as SUCCESS. dag_id=dag_try_oop, task_id=loadYtApiOperator, execution_date=20221129T064549, start_date=20221129T064601, end_date=20221129T064601
[2022-11-29T06:46:01.757+0000] {local_task_job.py:159} INFO - Task exited with return code 0
[2022-11-29T06:46:01.807+0000] {taskinstance.py:2623} INFO - 1 downstream tasks scheduled from follow-on schedule check
