[2022-11-27T12:17:37.635+0000] {taskinstance.py:1165} INFO - Dependencies all met for <TaskInstance: using_pandas_demo.getDataToLocal manual__2022-11-27T12:11:46.182516+00:00 [queued]>
[2022-11-27T12:17:37.652+0000] {taskinstance.py:1165} INFO - Dependencies all met for <TaskInstance: using_pandas_demo.getDataToLocal manual__2022-11-27T12:11:46.182516+00:00 [queued]>
[2022-11-27T12:17:37.653+0000] {taskinstance.py:1362} INFO - 
--------------------------------------------------------------------------------
[2022-11-27T12:17:37.653+0000] {taskinstance.py:1363} INFO - Starting attempt 2 of 2
[2022-11-27T12:17:37.653+0000] {taskinstance.py:1364} INFO - 
--------------------------------------------------------------------------------
[2022-11-27T12:17:37.680+0000] {taskinstance.py:1383} INFO - Executing <Task(PythonOperator): getDataToLocal> on 2022-11-27 12:11:46.182516+00:00
[2022-11-27T12:17:37.686+0000] {standard_task_runner.py:55} INFO - Started process 60 to run task
[2022-11-27T12:17:37.690+0000] {standard_task_runner.py:82} INFO - Running: ['***', 'tasks', 'run', 'using_pandas_demo', 'getDataToLocal', 'manual__2022-11-27T12:11:46.182516+00:00', '--job-id', '338', '--raw', '--subdir', 'DAGS_FOLDER/dag_pandas_demo.py', '--cfg-path', '/tmp/tmpgog8v695']
[2022-11-27T12:17:37.697+0000] {standard_task_runner.py:83} INFO - Job 338: Subtask getDataToLocal
[2022-11-27T12:17:37.798+0000] {task_command.py:376} INFO - Running <TaskInstance: using_pandas_demo.getDataToLocal manual__2022-11-27T12:11:46.182516+00:00 [running]> on host 1977dd9b5152
[2022-11-27T12:17:37.899+0000] {taskinstance.py:1592} INFO - Exporting the following env vars:
AIRFLOW_CTX_DAG_OWNER=***
AIRFLOW_CTX_DAG_ID=using_pandas_demo
AIRFLOW_CTX_TASK_ID=getDataToLocal
AIRFLOW_CTX_EXECUTION_DATE=2022-11-27T12:11:46.182516+00:00
AIRFLOW_CTX_TRY_NUMBER=2
AIRFLOW_CTX_DAG_RUN_ID=manual__2022-11-27T12:11:46.182516+00:00
[2022-11-27T12:17:55.733+0000] {python.py:177} INFO - Done. Returned value was: None
[2022-11-27T12:17:55.741+0000] {taskinstance.py:1406} INFO - Marking task as SUCCESS. dag_id=using_pandas_demo, task_id=getDataToLocal, execution_date=20221127T121146, start_date=20221127T121737, end_date=20221127T121755
[2022-11-27T12:17:55.799+0000] {local_task_job.py:159} INFO - Task exited with return code 0
[2022-11-27T12:17:55.815+0000] {taskinstance.py:2623} INFO - 1 downstream tasks scheduled from follow-on schedule check
