[2022-11-28T09:07:23.866+0000] {taskinstance.py:1165} INFO - Dependencies all met for <TaskInstance: dag_youtube_api.getDataToLocal manual__2022-11-28T09:06:51.071157+00:00 [queued]>
[2022-11-28T09:07:23.915+0000] {taskinstance.py:1165} INFO - Dependencies all met for <TaskInstance: dag_youtube_api.getDataToLocal manual__2022-11-28T09:06:51.071157+00:00 [queued]>
[2022-11-28T09:07:23.915+0000] {taskinstance.py:1362} INFO - 
--------------------------------------------------------------------------------
[2022-11-28T09:07:23.916+0000] {taskinstance.py:1363} INFO - Starting attempt 1 of 2
[2022-11-28T09:07:23.916+0000] {taskinstance.py:1364} INFO - 
--------------------------------------------------------------------------------
[2022-11-28T09:07:23.982+0000] {taskinstance.py:1383} INFO - Executing <Task(PythonOperator): getDataToLocal> on 2022-11-28 09:06:51.071157+00:00
[2022-11-28T09:07:24.008+0000] {standard_task_runner.py:55} INFO - Started process 1855 to run task
[2022-11-28T09:07:24.021+0000] {standard_task_runner.py:82} INFO - Running: ['***', 'tasks', 'run', 'dag_youtube_api', 'getDataToLocal', 'manual__2022-11-28T09:06:51.071157+00:00', '--job-id', '534', '--raw', '--subdir', 'DAGS_FOLDER/dag_youtube_api.py', '--cfg-path', '/tmp/tmp463pl7jz']
[2022-11-28T09:07:24.037+0000] {standard_task_runner.py:83} INFO - Job 534: Subtask getDataToLocal
[2022-11-28T09:07:24.475+0000] {task_command.py:376} INFO - Running <TaskInstance: dag_youtube_api.getDataToLocal manual__2022-11-28T09:06:51.071157+00:00 [running]> on host 8af950e53524
[2022-11-28T09:07:24.785+0000] {taskinstance.py:1592} INFO - Exporting the following env vars:
AIRFLOW_CTX_DAG_OWNER=***
AIRFLOW_CTX_DAG_ID=dag_youtube_api
AIRFLOW_CTX_TASK_ID=getDataToLocal
AIRFLOW_CTX_EXECUTION_DATE=2022-11-28T09:06:51.071157+00:00
AIRFLOW_CTX_TRY_NUMBER=1
AIRFLOW_CTX_DAG_RUN_ID=manual__2022-11-28T09:06:51.071157+00:00
[2022-11-28T09:07:26.301+0000] {logging_mixin.py:137} INFO - Writing ID data to file...
[2022-11-28T09:07:27.793+0000] {logging_mixin.py:137} INFO - Writing EG data to file...
[2022-11-28T09:07:29.054+0000] {logging_mixin.py:137} INFO - Writing GB data to file...
[2022-11-28T09:07:29.066+0000] {python.py:177} INFO - Done. Returned value was: None
[2022-11-28T09:07:29.099+0000] {taskinstance.py:1406} INFO - Marking task as SUCCESS. dag_id=dag_youtube_api, task_id=getDataToLocal, execution_date=20221128T090651, start_date=20221128T090723, end_date=20221128T090729
[2022-11-28T09:07:29.187+0000] {local_task_job.py:159} INFO - Task exited with return code 0
[2022-11-28T09:07:29.251+0000] {taskinstance.py:2623} INFO - 1 downstream tasks scheduled from follow-on schedule check
