[2022-11-28T03:43:38.859+0000] {taskinstance.py:1165} INFO - Dependencies all met for <TaskInstance: dag_youtube_api.getDataToLocal manual__2022-11-28T03:43:36.244638+00:00 [queued]>
[2022-11-28T03:43:38.910+0000] {taskinstance.py:1165} INFO - Dependencies all met for <TaskInstance: dag_youtube_api.getDataToLocal manual__2022-11-28T03:43:36.244638+00:00 [queued]>
[2022-11-28T03:43:38.910+0000] {taskinstance.py:1362} INFO - 
--------------------------------------------------------------------------------
[2022-11-28T03:43:38.911+0000] {taskinstance.py:1363} INFO - Starting attempt 1 of 2
[2022-11-28T03:43:38.911+0000] {taskinstance.py:1364} INFO - 
--------------------------------------------------------------------------------
[2022-11-28T03:43:38.962+0000] {taskinstance.py:1383} INFO - Executing <Task(PythonOperator): getDataToLocal> on 2022-11-28 03:43:36.244638+00:00
[2022-11-28T03:43:38.996+0000] {standard_task_runner.py:55} INFO - Started process 344 to run task
[2022-11-28T03:43:39.017+0000] {standard_task_runner.py:82} INFO - Running: ['***', 'tasks', 'run', 'dag_youtube_api', 'getDataToLocal', 'manual__2022-11-28T03:43:36.244638+00:00', '--job-id', '432', '--raw', '--subdir', 'DAGS_FOLDER/dag_youtube_api.py', '--cfg-path', '/tmp/tmppk03kn8n']
[2022-11-28T03:43:39.029+0000] {standard_task_runner.py:83} INFO - Job 432: Subtask getDataToLocal
[2022-11-28T03:43:39.228+0000] {task_command.py:376} INFO - Running <TaskInstance: dag_youtube_api.getDataToLocal manual__2022-11-28T03:43:36.244638+00:00 [running]> on host 1977dd9b5152
[2022-11-28T03:43:39.525+0000] {taskinstance.py:1592} INFO - Exporting the following env vars:
AIRFLOW_CTX_DAG_OWNER=***
AIRFLOW_CTX_DAG_ID=dag_youtube_api
AIRFLOW_CTX_TASK_ID=getDataToLocal
AIRFLOW_CTX_EXECUTION_DATE=2022-11-28T03:43:36.244638+00:00
AIRFLOW_CTX_TRY_NUMBER=1
AIRFLOW_CTX_DAG_RUN_ID=manual__2022-11-28T03:43:36.244638+00:00
[2022-11-28T03:43:40.748+0000] {logging_mixin.py:137} INFO - Writing ID data to file...
[2022-11-28T03:43:40.759+0000] {python.py:177} INFO - Done. Returned value was: None
[2022-11-28T03:43:40.799+0000] {taskinstance.py:1406} INFO - Marking task as SUCCESS. dag_id=dag_youtube_api, task_id=getDataToLocal, execution_date=20221128T034336, start_date=20221128T034338, end_date=20221128T034340
[2022-11-28T03:43:40.934+0000] {local_task_job.py:159} INFO - Task exited with return code 0
[2022-11-28T03:43:40.982+0000] {taskinstance.py:2623} INFO - 0 downstream tasks scheduled from follow-on schedule check
