[2022-11-28T16:28:57.240+0000] {taskinstance.py:1165} INFO - Dependencies all met for <TaskInstance: dag_try_oop.extractYtApiOperator scheduled__2022-11-27T19:50:00+00:00 [queued]>
[2022-11-28T16:28:57.294+0000] {taskinstance.py:1165} INFO - Dependencies all met for <TaskInstance: dag_try_oop.extractYtApiOperator scheduled__2022-11-27T19:50:00+00:00 [queued]>
[2022-11-28T16:28:57.296+0000] {taskinstance.py:1362} INFO - 
--------------------------------------------------------------------------------
[2022-11-28T16:28:57.297+0000] {taskinstance.py:1363} INFO - Starting attempt 1 of 2
[2022-11-28T16:28:57.300+0000] {taskinstance.py:1364} INFO - 
--------------------------------------------------------------------------------
[2022-11-28T16:28:57.371+0000] {taskinstance.py:1383} INFO - Executing <Task(extractYtApiOperator): extractYtApiOperator> on 2022-11-27 19:50:00+00:00
[2022-11-28T16:28:57.387+0000] {standard_task_runner.py:55} INFO - Started process 499 to run task
[2022-11-28T16:28:57.413+0000] {standard_task_runner.py:82} INFO - Running: ['***', 'tasks', 'run', 'dag_try_oop', 'extractYtApiOperator', 'scheduled__2022-11-27T19:50:00+00:00', '--job-id', '789', '--raw', '--subdir', 'DAGS_FOLDER/dag_try_oop.py', '--cfg-path', '/tmp/tmpmkq8149a']
[2022-11-28T16:28:57.424+0000] {standard_task_runner.py:83} INFO - Job 789: Subtask extractYtApiOperator
[2022-11-28T16:28:57.726+0000] {task_command.py:376} INFO - Running <TaskInstance: dag_try_oop.extractYtApiOperator scheduled__2022-11-27T19:50:00+00:00 [running]> on host 1dd759b3e30c
[2022-11-28T16:28:58.055+0000] {taskinstance.py:1592} INFO - Exporting the following env vars:
AIRFLOW_CTX_DAG_OWNER=***
AIRFLOW_CTX_DAG_ID=dag_try_oop
AIRFLOW_CTX_TASK_ID=extractYtApiOperator
AIRFLOW_CTX_EXECUTION_DATE=2022-11-27T19:50:00+00:00
AIRFLOW_CTX_TRY_NUMBER=1
AIRFLOW_CTX_DAG_RUN_ID=scheduled__2022-11-27T19:50:00+00:00
[2022-11-28T16:28:59.678+0000] {logging_mixin.py:137} INFO - Writing ID data to file...
[2022-11-28T16:29:01.198+0000] {logging_mixin.py:137} INFO - Writing EG data to file...
[2022-11-28T16:29:02.973+0000] {logging_mixin.py:137} INFO - Writing GB data to file...
[2022-11-28T16:29:03.026+0000] {taskinstance.py:1406} INFO - Marking task as SUCCESS. dag_id=dag_try_oop, task_id=extractYtApiOperator, execution_date=20221127T195000, start_date=20221128T162857, end_date=20221128T162903
[2022-11-28T16:29:03.296+0000] {local_task_job.py:159} INFO - Task exited with return code 0
[2022-11-28T16:29:03.466+0000] {taskinstance.py:2623} INFO - 1 downstream tasks scheduled from follow-on schedule check
