[2022-11-28T16:31:54.824+0000] {taskinstance.py:1165} INFO - Dependencies all met for <TaskInstance: dag_try_oop.extractYtApiOperator scheduled__2022-11-27T23:30:00+00:00 [queued]>
[2022-11-28T16:31:55.006+0000] {taskinstance.py:1165} INFO - Dependencies all met for <TaskInstance: dag_try_oop.extractYtApiOperator scheduled__2022-11-27T23:30:00+00:00 [queued]>
[2022-11-28T16:31:55.006+0000] {taskinstance.py:1362} INFO - 
--------------------------------------------------------------------------------
[2022-11-28T16:31:55.007+0000] {taskinstance.py:1363} INFO - Starting attempt 1 of 2
[2022-11-28T16:31:55.009+0000] {taskinstance.py:1364} INFO - 
--------------------------------------------------------------------------------
[2022-11-28T16:31:55.199+0000] {taskinstance.py:1383} INFO - Executing <Task(extractYtApiOperator): extractYtApiOperator> on 2022-11-27 23:30:00+00:00
[2022-11-28T16:31:55.327+0000] {standard_task_runner.py:55} INFO - Started process 802 to run task
[2022-11-28T16:31:55.402+0000] {standard_task_runner.py:82} INFO - Running: ['***', 'tasks', 'run', 'dag_try_oop', 'extractYtApiOperator', 'scheduled__2022-11-27T23:30:00+00:00', '--job-id', '861', '--raw', '--subdir', 'DAGS_FOLDER/dag_try_oop.py', '--cfg-path', '/tmp/tmp2mzhnx55']
[2022-11-28T16:31:55.488+0000] {standard_task_runner.py:83} INFO - Job 861: Subtask extractYtApiOperator
[2022-11-28T16:31:57.123+0000] {task_command.py:376} INFO - Running <TaskInstance: dag_try_oop.extractYtApiOperator scheduled__2022-11-27T23:30:00+00:00 [running]> on host 1dd759b3e30c
[2022-11-28T16:32:00.481+0000] {taskinstance.py:1592} INFO - Exporting the following env vars:
AIRFLOW_CTX_DAG_OWNER=***
AIRFLOW_CTX_DAG_ID=dag_try_oop
AIRFLOW_CTX_TASK_ID=extractYtApiOperator
AIRFLOW_CTX_EXECUTION_DATE=2022-11-27T23:30:00+00:00
AIRFLOW_CTX_TRY_NUMBER=1
AIRFLOW_CTX_DAG_RUN_ID=scheduled__2022-11-27T23:30:00+00:00
[2022-11-28T16:32:02.346+0000] {logging_mixin.py:137} INFO - Writing ID data to file...
[2022-11-28T16:32:04.466+0000] {logging_mixin.py:137} INFO - Writing EG data to file...
[2022-11-28T16:32:06.829+0000] {logging_mixin.py:137} INFO - Writing GB data to file...
[2022-11-28T16:32:07.071+0000] {taskinstance.py:1406} INFO - Marking task as SUCCESS. dag_id=dag_try_oop, task_id=extractYtApiOperator, execution_date=20221127T233000, start_date=20221128T163154, end_date=20221128T163207
[2022-11-28T16:32:07.516+0000] {local_task_job.py:159} INFO - Task exited with return code 0
[2022-11-28T16:32:08.116+0000] {taskinstance.py:2623} INFO - 1 downstream tasks scheduled from follow-on schedule check
