[2022-11-27T15:52:00.694+0000] {taskinstance.py:1165} INFO - Dependencies all met for <TaskInstance: dag_youtube_api.getDataToLocal scheduled__2022-11-26T00:00:00+00:00 [queued]>
[2022-11-27T15:52:00.712+0000] {taskinstance.py:1165} INFO - Dependencies all met for <TaskInstance: dag_youtube_api.getDataToLocal scheduled__2022-11-26T00:00:00+00:00 [queued]>
[2022-11-27T15:52:00.712+0000] {taskinstance.py:1362} INFO - 
--------------------------------------------------------------------------------
[2022-11-27T15:52:00.712+0000] {taskinstance.py:1363} INFO - Starting attempt 1 of 2
[2022-11-27T15:52:00.712+0000] {taskinstance.py:1364} INFO - 
--------------------------------------------------------------------------------
[2022-11-27T15:52:00.730+0000] {taskinstance.py:1383} INFO - Executing <Task(PythonOperator): getDataToLocal> on 2022-11-26 00:00:00+00:00
[2022-11-27T15:52:00.737+0000] {standard_task_runner.py:55} INFO - Started process 7997 to run task
[2022-11-27T15:52:00.744+0000] {standard_task_runner.py:82} INFO - Running: ['***', 'tasks', 'run', 'dag_youtube_api', 'getDataToLocal', 'scheduled__2022-11-26T00:00:00+00:00', '--job-id', '356', '--raw', '--subdir', 'DAGS_FOLDER/dag_youtube_api.py', '--cfg-path', '/tmp/tmpy_qx10z1']
[2022-11-27T15:52:00.750+0000] {standard_task_runner.py:83} INFO - Job 356: Subtask getDataToLocal
[2022-11-27T15:52:00.831+0000] {task_command.py:376} INFO - Running <TaskInstance: dag_youtube_api.getDataToLocal scheduled__2022-11-26T00:00:00+00:00 [running]> on host 1977dd9b5152
[2022-11-27T15:52:00.923+0000] {taskinstance.py:1592} INFO - Exporting the following env vars:
AIRFLOW_CTX_DAG_OWNER=***
AIRFLOW_CTX_DAG_ID=dag_youtube_api
AIRFLOW_CTX_TASK_ID=getDataToLocal
AIRFLOW_CTX_EXECUTION_DATE=2022-11-26T00:00:00+00:00
AIRFLOW_CTX_TRY_NUMBER=1
AIRFLOW_CTX_DAG_RUN_ID=scheduled__2022-11-26T00:00:00+00:00
[2022-11-27T15:52:00.924+0000] {python.py:177} INFO - Done. Returned value was: None
[2022-11-27T15:52:00.934+0000] {taskinstance.py:1406} INFO - Marking task as SUCCESS. dag_id=dag_youtube_api, task_id=getDataToLocal, execution_date=20221126T000000, start_date=20221127T155200, end_date=20221127T155200
[2022-11-27T15:52:00.997+0000] {local_task_job.py:159} INFO - Task exited with return code 0
[2022-11-27T15:52:01.021+0000] {taskinstance.py:2623} INFO - 0 downstream tasks scheduled from follow-on schedule check
