[2022-11-27T16:24:45.201+0000] {taskinstance.py:1165} INFO - Dependencies all met for <TaskInstance: dag_youtube_api.getDataToLocal manual__2022-11-27T16:24:41.711732+00:00 [queued]>
[2022-11-27T16:24:45.226+0000] {taskinstance.py:1165} INFO - Dependencies all met for <TaskInstance: dag_youtube_api.getDataToLocal manual__2022-11-27T16:24:41.711732+00:00 [queued]>
[2022-11-27T16:24:45.228+0000] {taskinstance.py:1362} INFO - 
--------------------------------------------------------------------------------
[2022-11-27T16:24:45.229+0000] {taskinstance.py:1363} INFO - Starting attempt 1 of 2
[2022-11-27T16:24:45.229+0000] {taskinstance.py:1364} INFO - 
--------------------------------------------------------------------------------
[2022-11-27T16:24:45.278+0000] {taskinstance.py:1383} INFO - Executing <Task(PythonOperator): getDataToLocal> on 2022-11-27 16:24:41.711732+00:00
[2022-11-27T16:24:45.288+0000] {standard_task_runner.py:55} INFO - Started process 9536 to run task
[2022-11-27T16:24:45.300+0000] {standard_task_runner.py:82} INFO - Running: ['***', 'tasks', 'run', 'dag_youtube_api', 'getDataToLocal', 'manual__2022-11-27T16:24:41.711732+00:00', '--job-id', '371', '--raw', '--subdir', 'DAGS_FOLDER/dag_youtube_api.py', '--cfg-path', '/tmp/tmpp4yx771g']
[2022-11-27T16:24:45.303+0000] {standard_task_runner.py:83} INFO - Job 371: Subtask getDataToLocal
[2022-11-27T16:24:45.531+0000] {task_command.py:376} INFO - Running <TaskInstance: dag_youtube_api.getDataToLocal manual__2022-11-27T16:24:41.711732+00:00 [running]> on host 1977dd9b5152
[2022-11-27T16:24:45.881+0000] {taskinstance.py:1592} INFO - Exporting the following env vars:
AIRFLOW_CTX_DAG_OWNER=***
AIRFLOW_CTX_DAG_ID=dag_youtube_api
AIRFLOW_CTX_TASK_ID=getDataToLocal
AIRFLOW_CTX_EXECUTION_DATE=2022-11-27T16:24:41.711732+00:00
AIRFLOW_CTX_TRY_NUMBER=1
AIRFLOW_CTX_DAG_RUN_ID=manual__2022-11-27T16:24:41.711732+00:00
[2022-11-27T16:24:47.355+0000] {logging_mixin.py:137} INFO - Writing ID data to file...
[2022-11-27T16:24:47.381+0000] {python.py:177} INFO - Done. Returned value was: None
[2022-11-27T16:24:47.408+0000] {taskinstance.py:1406} INFO - Marking task as SUCCESS. dag_id=dag_youtube_api, task_id=getDataToLocal, execution_date=20221127T162441, start_date=20221127T162445, end_date=20221127T162447
[2022-11-27T16:24:47.520+0000] {local_task_job.py:159} INFO - Task exited with return code 0
[2022-11-27T16:24:47.731+0000] {taskinstance.py:2623} INFO - 0 downstream tasks scheduled from follow-on schedule check
