[2022-11-28T08:41:07.932+0000] {taskinstance.py:1165} INFO - Dependencies all met for <TaskInstance: dag_youtube_api.getDataToLocal manual__2022-11-28T08:41:05.645323+00:00 [queued]>
[2022-11-28T08:41:07.947+0000] {taskinstance.py:1165} INFO - Dependencies all met for <TaskInstance: dag_youtube_api.getDataToLocal manual__2022-11-28T08:41:05.645323+00:00 [queued]>
[2022-11-28T08:41:07.948+0000] {taskinstance.py:1362} INFO - 
--------------------------------------------------------------------------------
[2022-11-28T08:41:07.948+0000] {taskinstance.py:1363} INFO - Starting attempt 1 of 2
[2022-11-28T08:41:07.948+0000] {taskinstance.py:1364} INFO - 
--------------------------------------------------------------------------------
[2022-11-28T08:41:07.967+0000] {taskinstance.py:1383} INFO - Executing <Task(PythonOperator): getDataToLocal> on 2022-11-28 08:41:05.645323+00:00
[2022-11-28T08:41:07.974+0000] {standard_task_runner.py:55} INFO - Started process 691 to run task
[2022-11-28T08:41:07.989+0000] {standard_task_runner.py:82} INFO - Running: ['***', 'tasks', 'run', 'dag_youtube_api', 'getDataToLocal', 'manual__2022-11-28T08:41:05.645323+00:00', '--job-id', '505', '--raw', '--subdir', 'DAGS_FOLDER/dag_youtube_api.py', '--cfg-path', '/tmp/tmp03n5l8m9']
[2022-11-28T08:41:07.993+0000] {standard_task_runner.py:83} INFO - Job 505: Subtask getDataToLocal
[2022-11-28T08:41:08.092+0000] {task_command.py:376} INFO - Running <TaskInstance: dag_youtube_api.getDataToLocal manual__2022-11-28T08:41:05.645323+00:00 [running]> on host 8af950e53524
[2022-11-28T08:41:08.217+0000] {taskinstance.py:1592} INFO - Exporting the following env vars:
AIRFLOW_CTX_DAG_OWNER=***
AIRFLOW_CTX_DAG_ID=dag_youtube_api
AIRFLOW_CTX_TASK_ID=getDataToLocal
AIRFLOW_CTX_EXECUTION_DATE=2022-11-28T08:41:05.645323+00:00
AIRFLOW_CTX_TRY_NUMBER=1
AIRFLOW_CTX_DAG_RUN_ID=manual__2022-11-28T08:41:05.645323+00:00
[2022-11-28T08:41:09.453+0000] {logging_mixin.py:137} INFO - Writing ID data to file...
[2022-11-28T08:41:09.456+0000] {python.py:177} INFO - Done. Returned value was: None
[2022-11-28T08:41:09.470+0000] {taskinstance.py:1406} INFO - Marking task as SUCCESS. dag_id=dag_youtube_api, task_id=getDataToLocal, execution_date=20221128T084105, start_date=20221128T084107, end_date=20221128T084109
[2022-11-28T08:41:09.537+0000] {local_task_job.py:159} INFO - Task exited with return code 0
[2022-11-28T08:41:09.617+0000] {taskinstance.py:2623} INFO - 1 downstream tasks scheduled from follow-on schedule check
