[2022-11-28T16:41:24.030+0000] {taskinstance.py:1165} INFO - Dependencies all met for <TaskInstance: dag_try_oop.loadYtApiOperator scheduled__2022-11-28T06:50:00+00:00 [queued]>
[2022-11-28T16:41:24.043+0000] {taskinstance.py:1165} INFO - Dependencies all met for <TaskInstance: dag_try_oop.loadYtApiOperator scheduled__2022-11-28T06:50:00+00:00 [queued]>
[2022-11-28T16:41:24.043+0000] {taskinstance.py:1362} INFO - 
--------------------------------------------------------------------------------
[2022-11-28T16:41:24.044+0000] {taskinstance.py:1363} INFO - Starting attempt 2 of 2
[2022-11-28T16:41:24.044+0000] {taskinstance.py:1364} INFO - 
--------------------------------------------------------------------------------
[2022-11-28T16:41:24.063+0000] {taskinstance.py:1383} INFO - Executing <Task(loadYtApiOperator): loadYtApiOperator> on 2022-11-28 06:50:00+00:00
[2022-11-28T16:41:24.070+0000] {standard_task_runner.py:55} INFO - Started process 1548 to run task
[2022-11-28T16:41:24.075+0000] {standard_task_runner.py:82} INFO - Running: ['***', 'tasks', 'run', 'dag_try_oop', 'loadYtApiOperator', 'scheduled__2022-11-28T06:50:00+00:00', '--job-id', '1006', '--raw', '--subdir', 'DAGS_FOLDER/dag_try_oop.py', '--cfg-path', '/tmp/tmp2lfg2guj']
[2022-11-28T16:41:24.078+0000] {standard_task_runner.py:83} INFO - Job 1006: Subtask loadYtApiOperator
[2022-11-28T16:41:24.181+0000] {task_command.py:376} INFO - Running <TaskInstance: dag_try_oop.loadYtApiOperator scheduled__2022-11-28T06:50:00+00:00 [running]> on host 1dd759b3e30c
[2022-11-28T16:41:24.333+0000] {taskinstance.py:1592} INFO - Exporting the following env vars:
AIRFLOW_CTX_DAG_OWNER=***
AIRFLOW_CTX_DAG_ID=dag_try_oop
AIRFLOW_CTX_TASK_ID=loadYtApiOperator
AIRFLOW_CTX_EXECUTION_DATE=2022-11-28T06:50:00+00:00
AIRFLOW_CTX_TRY_NUMBER=2
AIRFLOW_CTX_DAG_RUN_ID=scheduled__2022-11-28T06:50:00+00:00
[2022-11-28T16:41:24.481+0000] {taskinstance.py:1406} INFO - Marking task as SUCCESS. dag_id=dag_try_oop, task_id=loadYtApiOperator, execution_date=20221128T065000, start_date=20221128T164124, end_date=20221128T164124
[2022-11-28T16:41:24.530+0000] {local_task_job.py:159} INFO - Task exited with return code 0
[2022-11-28T16:41:24.572+0000] {taskinstance.py:2623} INFO - 1 downstream tasks scheduled from follow-on schedule check
