[2022-11-28T16:36:06.117+0000] {taskinstance.py:1165} INFO - Dependencies all met for <TaskInstance: dag_try_oop.loadYtApiOperator scheduled__2022-11-27T22:10:00+00:00 [queued]>
[2022-11-28T16:36:06.292+0000] {taskinstance.py:1165} INFO - Dependencies all met for <TaskInstance: dag_try_oop.loadYtApiOperator scheduled__2022-11-27T22:10:00+00:00 [queued]>
[2022-11-28T16:36:06.303+0000] {taskinstance.py:1362} INFO - 
--------------------------------------------------------------------------------
[2022-11-28T16:36:06.306+0000] {taskinstance.py:1363} INFO - Starting attempt 2 of 2
[2022-11-28T16:36:06.315+0000] {taskinstance.py:1364} INFO - 
--------------------------------------------------------------------------------
[2022-11-28T16:36:06.523+0000] {taskinstance.py:1383} INFO - Executing <Task(loadYtApiOperator): loadYtApiOperator> on 2022-11-27 22:10:00+00:00
[2022-11-28T16:36:06.578+0000] {standard_task_runner.py:55} INFO - Started process 1192 to run task
[2022-11-28T16:36:06.640+0000] {standard_task_runner.py:82} INFO - Running: ['***', 'tasks', 'run', 'dag_try_oop', 'loadYtApiOperator', 'scheduled__2022-11-27T22:10:00+00:00', '--job-id', '949', '--raw', '--subdir', 'DAGS_FOLDER/dag_try_oop.py', '--cfg-path', '/tmp/tmp2n7q80x1']
[2022-11-28T16:36:06.674+0000] {standard_task_runner.py:83} INFO - Job 949: Subtask loadYtApiOperator
[2022-11-28T16:36:07.412+0000] {task_command.py:376} INFO - Running <TaskInstance: dag_try_oop.loadYtApiOperator scheduled__2022-11-27T22:10:00+00:00 [running]> on host 1dd759b3e30c
[2022-11-28T16:36:08.048+0000] {taskinstance.py:1592} INFO - Exporting the following env vars:
AIRFLOW_CTX_DAG_OWNER=***
AIRFLOW_CTX_DAG_ID=dag_try_oop
AIRFLOW_CTX_TASK_ID=loadYtApiOperator
AIRFLOW_CTX_EXECUTION_DATE=2022-11-27T22:10:00+00:00
AIRFLOW_CTX_TRY_NUMBER=2
AIRFLOW_CTX_DAG_RUN_ID=scheduled__2022-11-27T22:10:00+00:00
[2022-11-28T16:36:09.148+0000] {taskinstance.py:1406} INFO - Marking task as SUCCESS. dag_id=dag_try_oop, task_id=loadYtApiOperator, execution_date=20221127T221000, start_date=20221128T163606, end_date=20221128T163609
[2022-11-28T16:36:09.360+0000] {local_task_job.py:159} INFO - Task exited with return code 0
[2022-11-28T16:36:09.852+0000] {taskinstance.py:2623} INFO - 1 downstream tasks scheduled from follow-on schedule check
