[2022-11-28T16:30:55.057+0000] {taskinstance.py:1165} INFO - Dependencies all met for <TaskInstance: dag_try_oop.loadYtApiOperator scheduled__2022-11-27T22:10:00+00:00 [queued]>
[2022-11-28T16:30:55.100+0000] {taskinstance.py:1165} INFO - Dependencies all met for <TaskInstance: dag_try_oop.loadYtApiOperator scheduled__2022-11-27T22:10:00+00:00 [queued]>
[2022-11-28T16:30:55.103+0000] {taskinstance.py:1362} INFO - 
--------------------------------------------------------------------------------
[2022-11-28T16:30:55.104+0000] {taskinstance.py:1363} INFO - Starting attempt 1 of 2
[2022-11-28T16:30:55.105+0000] {taskinstance.py:1364} INFO - 
--------------------------------------------------------------------------------
[2022-11-28T16:30:55.174+0000] {taskinstance.py:1383} INFO - Executing <Task(loadYtApiOperator): loadYtApiOperator> on 2022-11-27 22:10:00+00:00
[2022-11-28T16:30:55.202+0000] {standard_task_runner.py:55} INFO - Started process 704 to run task
[2022-11-28T16:30:55.231+0000] {standard_task_runner.py:82} INFO - Running: ['***', 'tasks', 'run', 'dag_try_oop', 'loadYtApiOperator', 'scheduled__2022-11-27T22:10:00+00:00', '--job-id', '837', '--raw', '--subdir', 'DAGS_FOLDER/dag_try_oop.py', '--cfg-path', '/tmp/tmpz4jkhqvj']
[2022-11-28T16:30:55.238+0000] {standard_task_runner.py:83} INFO - Job 837: Subtask loadYtApiOperator
[2022-11-28T16:30:56.173+0000] {task_command.py:376} INFO - Running <TaskInstance: dag_try_oop.loadYtApiOperator scheduled__2022-11-27T22:10:00+00:00 [running]> on host 1dd759b3e30c
[2022-11-28T16:30:57.518+0000] {taskinstance.py:1592} INFO - Exporting the following env vars:
AIRFLOW_CTX_DAG_OWNER=***
AIRFLOW_CTX_DAG_ID=dag_try_oop
AIRFLOW_CTX_TASK_ID=loadYtApiOperator
AIRFLOW_CTX_EXECUTION_DATE=2022-11-27T22:10:00+00:00
AIRFLOW_CTX_TRY_NUMBER=1
AIRFLOW_CTX_DAG_RUN_ID=scheduled__2022-11-27T22:10:00+00:00
[2022-11-28T16:30:58.521+0000] {taskinstance.py:1851} ERROR - Task failed with exception
Traceback (most recent call last):
  File "/opt/airflow/plugins/operators/loadYtApiOperator.py", line 64, in execute
    row.split(",")[5],
IndexError: list index out of range
[2022-11-28T16:30:58.554+0000] {taskinstance.py:1406} INFO - Marking task as UP_FOR_RETRY. dag_id=dag_try_oop, task_id=loadYtApiOperator, execution_date=20221127T221000, start_date=20221128T163055, end_date=20221128T163058
[2022-11-28T16:31:00.675+0000] {standard_task_runner.py:105} ERROR - Failed to execute job 837 for task loadYtApiOperator (list index out of range; 704)
[2022-11-28T16:31:01.261+0000] {local_task_job.py:159} INFO - Task exited with return code 1
[2022-11-28T16:31:02.914+0000] {taskinstance.py:2623} INFO - 0 downstream tasks scheduled from follow-on schedule check
