[2022-11-28T16:22:55.323+0000] {taskinstance.py:1165} INFO - Dependencies all met for <TaskInstance: dag_try_oop.extractYtApiOperator scheduled__2022-11-27T23:00:00+00:00 [queued]>
[2022-11-28T16:22:55.476+0000] {taskinstance.py:1165} INFO - Dependencies all met for <TaskInstance: dag_try_oop.extractYtApiOperator scheduled__2022-11-27T23:00:00+00:00 [queued]>
[2022-11-28T16:22:55.477+0000] {taskinstance.py:1362} INFO - 
--------------------------------------------------------------------------------
[2022-11-28T16:22:55.477+0000] {taskinstance.py:1363} INFO - Starting attempt 1 of 2
[2022-11-28T16:22:55.478+0000] {taskinstance.py:1364} INFO - 
--------------------------------------------------------------------------------
[2022-11-28T16:22:57.311+0000] {taskinstance.py:1383} INFO - Executing <Task(extractYtApiOperator): extractYtApiOperator> on 2022-11-27 23:00:00+00:00
[2022-11-28T16:22:57.373+0000] {standard_task_runner.py:55} INFO - Started process 107 to run task
[2022-11-28T16:22:57.402+0000] {standard_task_runner.py:82} INFO - Running: ['***', 'tasks', 'run', 'dag_try_oop', 'extractYtApiOperator', 'scheduled__2022-11-27T23:00:00+00:00', '--job-id', '713', '--raw', '--subdir', 'DAGS_FOLDER/dag_try_oop.py', '--cfg-path', '/tmp/tmpp9drme3c']
[2022-11-28T16:22:57.422+0000] {standard_task_runner.py:83} INFO - Job 713: Subtask extractYtApiOperator
[2022-11-28T16:23:07.581+0000] {task_command.py:376} INFO - Running <TaskInstance: dag_try_oop.extractYtApiOperator scheduled__2022-11-27T23:00:00+00:00 [running]> on host 1dd759b3e30c
[2022-11-28T16:23:11.147+0000] {taskinstance.py:1592} INFO - Exporting the following env vars:
AIRFLOW_CTX_DAG_OWNER=***
AIRFLOW_CTX_DAG_ID=dag_try_oop
AIRFLOW_CTX_TASK_ID=extractYtApiOperator
AIRFLOW_CTX_EXECUTION_DATE=2022-11-27T23:00:00+00:00
AIRFLOW_CTX_TRY_NUMBER=1
AIRFLOW_CTX_DAG_RUN_ID=scheduled__2022-11-27T23:00:00+00:00
[2022-11-28T16:23:17.406+0000] {logging_mixin.py:137} INFO - Writing ID data to file...
[2022-11-28T16:24:15.199+0000] {local_task_job.py:159} INFO - Task exited with return code Negsignal.SIGKILL
[2022-11-28T16:24:15.922+0000] {taskinstance.py:2623} INFO - 0 downstream tasks scheduled from follow-on schedule check
