[2022-11-28T03:55:25.332+0000] {taskinstance.py:1165} INFO - Dependencies all met for <TaskInstance: dag_youtube_api.creatableLoad manual__2022-11-28T03:50:16.862931+00:00 [queued]>
[2022-11-28T03:55:25.494+0000] {taskinstance.py:1165} INFO - Dependencies all met for <TaskInstance: dag_youtube_api.creatableLoad manual__2022-11-28T03:50:16.862931+00:00 [queued]>
[2022-11-28T03:55:25.494+0000] {taskinstance.py:1362} INFO - 
--------------------------------------------------------------------------------
[2022-11-28T03:55:25.496+0000] {taskinstance.py:1363} INFO - Starting attempt 2 of 2
[2022-11-28T03:55:25.497+0000] {taskinstance.py:1364} INFO - 
--------------------------------------------------------------------------------
[2022-11-28T03:55:25.564+0000] {taskinstance.py:1383} INFO - Executing <Task(PythonOperator): creatableLoad> on 2022-11-28 03:50:16.862931+00:00
[2022-11-28T03:55:25.589+0000] {standard_task_runner.py:55} INFO - Started process 874 to run task
[2022-11-28T03:55:25.613+0000] {standard_task_runner.py:82} INFO - Running: ['***', 'tasks', 'run', 'dag_youtube_api', 'creatableLoad', 'manual__2022-11-28T03:50:16.862931+00:00', '--job-id', '439', '--raw', '--subdir', 'DAGS_FOLDER/dag_youtube_api.py', '--cfg-path', '/tmp/tmphqfcjyyy']
[2022-11-28T03:55:25.631+0000] {standard_task_runner.py:83} INFO - Job 439: Subtask creatableLoad
[2022-11-28T03:55:26.117+0000] {task_command.py:376} INFO - Running <TaskInstance: dag_youtube_api.creatableLoad manual__2022-11-28T03:50:16.862931+00:00 [running]> on host 1977dd9b5152
[2022-11-28T03:55:26.633+0000] {taskinstance.py:1592} INFO - Exporting the following env vars:
AIRFLOW_CTX_DAG_OWNER=***
AIRFLOW_CTX_DAG_ID=dag_youtube_api
AIRFLOW_CTX_TASK_ID=creatableLoad
AIRFLOW_CTX_EXECUTION_DATE=2022-11-28T03:50:16.862931+00:00
AIRFLOW_CTX_TRY_NUMBER=2
AIRFLOW_CTX_DAG_RUN_ID=manual__2022-11-28T03:50:16.862931+00:00
[2022-11-28T03:55:26.732+0000] {taskinstance.py:1851} ERROR - Task failed with exception
Traceback (most recent call last):
  File "/home/airflow/.local/lib/python3.7/site-packages/airflow/operators/python.py", line 175, in execute
    return_value = self.execute_callable()
  File "/home/airflow/.local/lib/python3.7/site-packages/airflow/operators/python.py", line 193, in execute_callable
    return self.python_callable(*self.op_args, **self.op_kwargs)
  File "/opt/airflow/dags/dag_youtube_api.py", line 178, in creatableLoad
    row.split(",")[10])
psycopg2.errors.SyntaxError: syntax error at or near "Mewah"
LINE 3: ...Emak Korea terharu banget karena dikasih masakan 'Mewah bang...
                                                             ^

[2022-11-28T03:55:26.778+0000] {taskinstance.py:1406} INFO - Marking task as FAILED. dag_id=dag_youtube_api, task_id=creatableLoad, execution_date=20221128T035016, start_date=20221128T035525, end_date=20221128T035526
[2022-11-28T03:55:26.870+0000] {standard_task_runner.py:105} ERROR - Failed to execute job 439 for task creatableLoad (syntax error at or near "Mewah"
LINE 3: ...Emak Korea terharu banget karena dikasih masakan 'Mewah bang...
                                                             ^
; 874)
[2022-11-28T03:55:26.986+0000] {local_task_job.py:159} INFO - Task exited with return code 1
[2022-11-28T03:55:27.080+0000] {taskinstance.py:2623} INFO - 0 downstream tasks scheduled from follow-on schedule check
