[2022-11-28T16:30:08.127+0000] {taskinstance.py:1165} INFO - Dependencies all met for <TaskInstance: dag_try_oop.loadYtApiOperator scheduled__2022-11-28T00:00:00+00:00 [queued]>
[2022-11-28T16:30:08.304+0000] {taskinstance.py:1165} INFO - Dependencies all met for <TaskInstance: dag_try_oop.loadYtApiOperator scheduled__2022-11-28T00:00:00+00:00 [queued]>
[2022-11-28T16:30:08.305+0000] {taskinstance.py:1362} INFO - 
--------------------------------------------------------------------------------
[2022-11-28T16:30:08.306+0000] {taskinstance.py:1363} INFO - Starting attempt 1 of 2
[2022-11-28T16:30:08.309+0000] {taskinstance.py:1364} INFO - 
--------------------------------------------------------------------------------
[2022-11-28T16:30:09.317+0000] {taskinstance.py:1383} INFO - Executing <Task(loadYtApiOperator): loadYtApiOperator> on 2022-11-28 00:00:00+00:00
[2022-11-28T16:30:09.496+0000] {standard_task_runner.py:55} INFO - Started process 624 to run task
[2022-11-28T16:30:09.582+0000] {standard_task_runner.py:82} INFO - Running: ['***', 'tasks', 'run', 'dag_try_oop', 'loadYtApiOperator', 'scheduled__2022-11-28T00:00:00+00:00', '--job-id', '817', '--raw', '--subdir', 'DAGS_FOLDER/dag_try_oop.py', '--cfg-path', '/tmp/tmp5mlxvmcb']
[2022-11-28T16:30:09.735+0000] {standard_task_runner.py:83} INFO - Job 817: Subtask loadYtApiOperator
[2022-11-28T16:30:10.742+0000] {task_command.py:376} INFO - Running <TaskInstance: dag_try_oop.loadYtApiOperator scheduled__2022-11-28T00:00:00+00:00 [running]> on host 1dd759b3e30c
[2022-11-28T16:30:11.825+0000] {taskinstance.py:1592} INFO - Exporting the following env vars:
AIRFLOW_CTX_DAG_OWNER=***
AIRFLOW_CTX_DAG_ID=dag_try_oop
AIRFLOW_CTX_TASK_ID=loadYtApiOperator
AIRFLOW_CTX_EXECUTION_DATE=2022-11-28T00:00:00+00:00
AIRFLOW_CTX_TRY_NUMBER=1
AIRFLOW_CTX_DAG_RUN_ID=scheduled__2022-11-28T00:00:00+00:00
[2022-11-28T16:30:12.202+0000] {taskinstance.py:1406} INFO - Marking task as SUCCESS. dag_id=dag_try_oop, task_id=loadYtApiOperator, execution_date=20221128T000000, start_date=20221128T163008, end_date=20221128T163012
[2022-11-28T16:30:12.422+0000] {local_task_job.py:159} INFO - Task exited with return code 0
[2022-11-28T16:30:13.099+0000] {taskinstance.py:2623} INFO - 0 downstream tasks scheduled from follow-on schedule check
[2022-11-29T06:39:27.514+0000] {taskinstance.py:1165} INFO - Dependencies all met for <TaskInstance: dag_try_oop.loadYtApiOperator scheduled__2022-11-28T00:00:00+00:00 [queued]>
[2022-11-29T06:39:27.531+0000] {taskinstance.py:1165} INFO - Dependencies all met for <TaskInstance: dag_try_oop.loadYtApiOperator scheduled__2022-11-28T00:00:00+00:00 [queued]>
[2022-11-29T06:39:27.531+0000] {taskinstance.py:1362} INFO - 
--------------------------------------------------------------------------------
[2022-11-29T06:39:27.531+0000] {taskinstance.py:1363} INFO - Starting attempt 1 of 2
[2022-11-29T06:39:27.532+0000] {taskinstance.py:1364} INFO - 
--------------------------------------------------------------------------------
[2022-11-29T06:39:27.572+0000] {taskinstance.py:1383} INFO - Executing <Task(loadYtApiOperator): loadYtApiOperator> on 2022-11-28 00:00:00+00:00
[2022-11-29T06:39:27.586+0000] {standard_task_runner.py:55} INFO - Started process 175 to run task
[2022-11-29T06:39:27.602+0000] {standard_task_runner.py:82} INFO - Running: ['***', 'tasks', 'run', 'dag_try_oop', 'loadYtApiOperator', 'scheduled__2022-11-28T00:00:00+00:00', '--job-id', '1094', '--raw', '--subdir', 'DAGS_FOLDER/dag_try_oop.py', '--cfg-path', '/tmp/tmpmyu1m79u']
[2022-11-29T06:39:27.611+0000] {standard_task_runner.py:83} INFO - Job 1094: Subtask loadYtApiOperator
[2022-11-29T06:39:27.769+0000] {task_command.py:376} INFO - Running <TaskInstance: dag_try_oop.loadYtApiOperator scheduled__2022-11-28T00:00:00+00:00 [running]> on host dceef233476f
[2022-11-29T06:39:27.976+0000] {taskinstance.py:1592} INFO - Exporting the following env vars:
AIRFLOW_CTX_DAG_OWNER=***
AIRFLOW_CTX_DAG_ID=dag_try_oop
AIRFLOW_CTX_TASK_ID=loadYtApiOperator
AIRFLOW_CTX_EXECUTION_DATE=2022-11-28T00:00:00+00:00
AIRFLOW_CTX_TRY_NUMBER=1
AIRFLOW_CTX_DAG_RUN_ID=scheduled__2022-11-28T00:00:00+00:00
[2022-11-29T06:39:28.326+0000] {taskinstance.py:1406} INFO - Marking task as SUCCESS. dag_id=dag_try_oop, task_id=loadYtApiOperator, execution_date=20221128T000000, start_date=20221129T063927, end_date=20221129T063928
[2022-11-29T06:39:28.386+0000] {local_task_job.py:159} INFO - Task exited with return code 0
[2022-11-29T06:39:28.428+0000] {taskinstance.py:2623} INFO - 1 downstream tasks scheduled from follow-on schedule check
