[2022-11-28T08:55:46.581+0000] {taskinstance.py:1165} INFO - Dependencies all met for <TaskInstance: dag_youtube_api.getDataToLocal manual__2022-11-28T08:55:42.975006+00:00 [queued]>
[2022-11-28T08:55:46.603+0000] {taskinstance.py:1165} INFO - Dependencies all met for <TaskInstance: dag_youtube_api.getDataToLocal manual__2022-11-28T08:55:42.975006+00:00 [queued]>
[2022-11-28T08:55:46.608+0000] {taskinstance.py:1362} INFO - 
--------------------------------------------------------------------------------
[2022-11-28T08:55:46.610+0000] {taskinstance.py:1363} INFO - Starting attempt 1 of 2
[2022-11-28T08:55:46.614+0000] {taskinstance.py:1364} INFO - 
--------------------------------------------------------------------------------
[2022-11-28T08:55:46.653+0000] {taskinstance.py:1383} INFO - Executing <Task(PythonOperator): getDataToLocal> on 2022-11-28 08:55:42.975006+00:00
[2022-11-28T08:55:46.672+0000] {standard_task_runner.py:55} INFO - Started process 1366 to run task
[2022-11-28T08:55:46.691+0000] {standard_task_runner.py:82} INFO - Running: ['***', 'tasks', 'run', 'dag_youtube_api', 'getDataToLocal', 'manual__2022-11-28T08:55:42.975006+00:00', '--job-id', '522', '--raw', '--subdir', 'DAGS_FOLDER/dag_youtube_api.py', '--cfg-path', '/tmp/tmp8ughbi6e']
[2022-11-28T08:55:46.704+0000] {standard_task_runner.py:83} INFO - Job 522: Subtask getDataToLocal
[2022-11-28T08:55:47.059+0000] {task_command.py:376} INFO - Running <TaskInstance: dag_youtube_api.getDataToLocal manual__2022-11-28T08:55:42.975006+00:00 [running]> on host 8af950e53524
[2022-11-28T08:55:47.385+0000] {taskinstance.py:1592} INFO - Exporting the following env vars:
AIRFLOW_CTX_DAG_OWNER=***
AIRFLOW_CTX_DAG_ID=dag_youtube_api
AIRFLOW_CTX_TASK_ID=getDataToLocal
AIRFLOW_CTX_EXECUTION_DATE=2022-11-28T08:55:42.975006+00:00
AIRFLOW_CTX_TRY_NUMBER=1
AIRFLOW_CTX_DAG_RUN_ID=manual__2022-11-28T08:55:42.975006+00:00
[2022-11-28T08:55:48.831+0000] {logging_mixin.py:137} INFO - Writing ID data to file...
[2022-11-28T08:55:48.998+0000] {logging_mixin.py:137} INFO - {'code': 400, 'message': 'The <code>regionCode</code> parameter specifies an invalid region code.', 'errors': [{'message': 'The <code>regionCode</code> parameter specifies an invalid region code.', 'domain': 'youtube.parameter', 'reason': 'invalidRegionCode', 'location': 'regionCode', 'locationType': 'parameter'}]}
[2022-11-28T08:55:49.002+0000] {logging_mixin.py:137} INFO - Writing EN data to file...
[2022-11-28T08:55:49.003+0000] {python.py:177} INFO - Done. Returned value was: None
[2022-11-28T08:55:49.028+0000] {taskinstance.py:1406} INFO - Marking task as SUCCESS. dag_id=dag_youtube_api, task_id=getDataToLocal, execution_date=20221128T085542, start_date=20221128T085546, end_date=20221128T085549
[2022-11-28T08:55:49.155+0000] {local_task_job.py:159} INFO - Task exited with return code 0
[2022-11-28T08:55:49.220+0000] {taskinstance.py:2623} INFO - 1 downstream tasks scheduled from follow-on schedule check
