[2022-11-28T16:31:12.204+0000] {taskinstance.py:1165} INFO - Dependencies all met for <TaskInstance: dag_try_oop.loadYtApiOperator scheduled__2022-11-28T04:20:00+00:00 [queued]>
[2022-11-28T16:31:12.376+0000] {taskinstance.py:1165} INFO - Dependencies all met for <TaskInstance: dag_try_oop.loadYtApiOperator scheduled__2022-11-28T04:20:00+00:00 [queued]>
[2022-11-28T16:31:12.384+0000] {taskinstance.py:1362} INFO - 
--------------------------------------------------------------------------------
[2022-11-28T16:31:12.390+0000] {taskinstance.py:1363} INFO - Starting attempt 1 of 2
[2022-11-28T16:31:12.390+0000] {taskinstance.py:1364} INFO - 
--------------------------------------------------------------------------------
[2022-11-28T16:31:12.513+0000] {taskinstance.py:1383} INFO - Executing <Task(loadYtApiOperator): loadYtApiOperator> on 2022-11-28 04:20:00+00:00
[2022-11-28T16:31:12.555+0000] {standard_task_runner.py:55} INFO - Started process 734 to run task
[2022-11-28T16:31:12.690+0000] {standard_task_runner.py:82} INFO - Running: ['***', 'tasks', 'run', 'dag_try_oop', 'loadYtApiOperator', 'scheduled__2022-11-28T04:20:00+00:00', '--job-id', '843', '--raw', '--subdir', 'DAGS_FOLDER/dag_try_oop.py', '--cfg-path', '/tmp/tmpjf4xdsbs']
[2022-11-28T16:31:12.739+0000] {standard_task_runner.py:83} INFO - Job 843: Subtask loadYtApiOperator
[2022-11-28T16:31:13.771+0000] {task_command.py:376} INFO - Running <TaskInstance: dag_try_oop.loadYtApiOperator scheduled__2022-11-28T04:20:00+00:00 [running]> on host 1dd759b3e30c
[2022-11-28T16:31:15.377+0000] {taskinstance.py:1592} INFO - Exporting the following env vars:
AIRFLOW_CTX_DAG_OWNER=***
AIRFLOW_CTX_DAG_ID=dag_try_oop
AIRFLOW_CTX_TASK_ID=loadYtApiOperator
AIRFLOW_CTX_EXECUTION_DATE=2022-11-28T04:20:00+00:00
AIRFLOW_CTX_TRY_NUMBER=1
AIRFLOW_CTX_DAG_RUN_ID=scheduled__2022-11-28T04:20:00+00:00
[2022-11-28T16:31:17.233+0000] {taskinstance.py:1406} INFO - Marking task as SUCCESS. dag_id=dag_try_oop, task_id=loadYtApiOperator, execution_date=20221128T042000, start_date=20221128T163112, end_date=20221128T163117
[2022-11-28T16:31:18.187+0000] {local_task_job.py:159} INFO - Task exited with return code 0
[2022-11-28T16:31:18.566+0000] {taskinstance.py:2623} INFO - 1 downstream tasks scheduled from follow-on schedule check
