[2022-11-27T11:57:45.959+0000] {taskinstance.py:1165} INFO - Dependencies all met for <TaskInstance: using_pandas_demo.getDataToLocal scheduled__2022-11-26T00:00:00+00:00 [queued]>
[2022-11-27T11:57:45.976+0000] {taskinstance.py:1165} INFO - Dependencies all met for <TaskInstance: using_pandas_demo.getDataToLocal scheduled__2022-11-26T00:00:00+00:00 [queued]>
[2022-11-27T11:57:45.980+0000] {taskinstance.py:1362} INFO - 
--------------------------------------------------------------------------------
[2022-11-27T11:57:45.980+0000] {taskinstance.py:1363} INFO - Starting attempt 2 of 2
[2022-11-27T11:57:45.980+0000] {taskinstance.py:1364} INFO - 
--------------------------------------------------------------------------------
[2022-11-27T11:57:46.019+0000] {taskinstance.py:1383} INFO - Executing <Task(PythonOperator): getDataToLocal> on 2022-11-26 00:00:00+00:00
[2022-11-27T11:57:46.026+0000] {standard_task_runner.py:55} INFO - Started process 997 to run task
[2022-11-27T11:57:46.045+0000] {standard_task_runner.py:82} INFO - Running: ['***', 'tasks', 'run', 'using_pandas_demo', 'getDataToLocal', 'scheduled__2022-11-26T00:00:00+00:00', '--job-id', '324', '--raw', '--subdir', 'DAGS_FOLDER/dag_pandas_demo.py', '--cfg-path', '/tmp/tmpb_hjmonm']
[2022-11-27T11:57:46.065+0000] {standard_task_runner.py:83} INFO - Job 324: Subtask getDataToLocal
[2022-11-27T11:57:46.211+0000] {task_command.py:376} INFO - Running <TaskInstance: using_pandas_demo.getDataToLocal scheduled__2022-11-26T00:00:00+00:00 [running]> on host 8063ad561fea
[2022-11-27T11:57:46.338+0000] {taskinstance.py:1592} INFO - Exporting the following env vars:
AIRFLOW_CTX_DAG_OWNER=***
AIRFLOW_CTX_DAG_ID=using_pandas_demo
AIRFLOW_CTX_TASK_ID=getDataToLocal
AIRFLOW_CTX_EXECUTION_DATE=2022-11-26T00:00:00+00:00
AIRFLOW_CTX_TRY_NUMBER=2
AIRFLOW_CTX_DAG_RUN_ID=scheduled__2022-11-26T00:00:00+00:00
[2022-11-27T11:57:52.988+0000] {taskinstance.py:1851} ERROR - Task failed with exception
Traceback (most recent call last):
  File "/home/airflow/.local/lib/python3.7/site-packages/airflow/operators/python.py", line 175, in execute
    return_value = self.execute_callable()
  File "/home/airflow/.local/lib/python3.7/site-packages/airflow/operators/python.py", line 193, in execute_callable
    return self.python_callable(*self.op_args, **self.op_kwargs)
  File "/opt/airflow/dags/dag_pandas_demo.py", line 36, in getDataToLocal
    df.to_csv("/home/wiweka/Downloads/drivers.csv", sep=',' ,escapechar='\\', quoting=csv.QUOTE_ALL, encoding='utf-8' )
NameError: name 'csv' is not defined
[2022-11-27T11:57:53.005+0000] {taskinstance.py:1406} INFO - Marking task as FAILED. dag_id=using_pandas_demo, task_id=getDataToLocal, execution_date=20221126T000000, start_date=20221127T115745, end_date=20221127T115753
[2022-11-27T11:57:53.025+0000] {standard_task_runner.py:105} ERROR - Failed to execute job 324 for task getDataToLocal (name 'csv' is not defined; 997)
[2022-11-27T11:57:53.070+0000] {local_task_job.py:159} INFO - Task exited with return code 1
[2022-11-27T11:57:53.108+0000] {taskinstance.py:2623} INFO - 0 downstream tasks scheduled from follow-on schedule check
