[2022-11-28T16:22:37.644+0000] {taskinstance.py:1165} INFO - Dependencies all met for <TaskInstance: dag_try_oop.extractYtApiOperator scheduled__2022-11-27T19:00:00+00:00 [queued]>
[2022-11-28T16:22:37.697+0000] {taskinstance.py:1165} INFO - Dependencies all met for <TaskInstance: dag_try_oop.extractYtApiOperator scheduled__2022-11-27T19:00:00+00:00 [queued]>
[2022-11-28T16:22:37.698+0000] {taskinstance.py:1362} INFO - 
--------------------------------------------------------------------------------
[2022-11-28T16:22:37.702+0000] {taskinstance.py:1363} INFO - Starting attempt 1 of 2
[2022-11-28T16:22:37.702+0000] {taskinstance.py:1364} INFO - 
--------------------------------------------------------------------------------
[2022-11-28T16:22:37.851+0000] {taskinstance.py:1383} INFO - Executing <Task(extractYtApiOperator): extractYtApiOperator> on 2022-11-27 19:00:00+00:00
[2022-11-28T16:22:37.868+0000] {standard_task_runner.py:55} INFO - Started process 71 to run task
[2022-11-28T16:22:37.938+0000] {standard_task_runner.py:82} INFO - Running: ['***', 'tasks', 'run', 'dag_try_oop', 'extractYtApiOperator', 'scheduled__2022-11-27T19:00:00+00:00', '--job-id', '709', '--raw', '--subdir', 'DAGS_FOLDER/dag_try_oop.py', '--cfg-path', '/tmp/tmplwtvghbz']
[2022-11-28T16:22:37.951+0000] {standard_task_runner.py:83} INFO - Job 709: Subtask extractYtApiOperator
[2022-11-28T16:22:38.650+0000] {task_command.py:376} INFO - Running <TaskInstance: dag_try_oop.extractYtApiOperator scheduled__2022-11-27T19:00:00+00:00 [running]> on host 1dd759b3e30c
[2022-11-28T16:22:39.313+0000] {taskinstance.py:1592} INFO - Exporting the following env vars:
AIRFLOW_CTX_DAG_OWNER=***
AIRFLOW_CTX_DAG_ID=dag_try_oop
AIRFLOW_CTX_TASK_ID=extractYtApiOperator
AIRFLOW_CTX_EXECUTION_DATE=2022-11-27T19:00:00+00:00
AIRFLOW_CTX_TRY_NUMBER=1
AIRFLOW_CTX_DAG_RUN_ID=scheduled__2022-11-27T19:00:00+00:00
[2022-11-28T16:22:41.701+0000] {logging_mixin.py:137} INFO - Writing ID data to file...
[2022-11-28T16:22:43.906+0000] {logging_mixin.py:137} INFO - Writing EG data to file...
[2022-11-28T16:22:45.433+0000] {logging_mixin.py:137} INFO - Writing GB data to file...
[2022-11-28T16:22:45.551+0000] {taskinstance.py:1406} INFO - Marking task as SUCCESS. dag_id=dag_try_oop, task_id=extractYtApiOperator, execution_date=20221127T190000, start_date=20221128T162237, end_date=20221128T162245
[2022-11-28T16:22:46.740+0000] {local_task_job.py:159} INFO - Task exited with return code 0
[2022-11-28T16:22:47.155+0000] {taskinstance.py:2623} INFO - 1 downstream tasks scheduled from follow-on schedule check
