[2022-11-27T16:04:22.661+0000] {taskinstance.py:1165} INFO - Dependencies all met for <TaskInstance: dag_youtube_api.getDataToLocal manual__2022-11-27T15:59:10.006923+00:00 [queued]>
[2022-11-27T16:04:22.703+0000] {taskinstance.py:1165} INFO - Dependencies all met for <TaskInstance: dag_youtube_api.getDataToLocal manual__2022-11-27T15:59:10.006923+00:00 [queued]>
[2022-11-27T16:04:22.703+0000] {taskinstance.py:1362} INFO - 
--------------------------------------------------------------------------------
[2022-11-27T16:04:22.704+0000] {taskinstance.py:1363} INFO - Starting attempt 2 of 2
[2022-11-27T16:04:22.704+0000] {taskinstance.py:1364} INFO - 
--------------------------------------------------------------------------------
[2022-11-27T16:04:22.746+0000] {taskinstance.py:1383} INFO - Executing <Task(PythonOperator): getDataToLocal> on 2022-11-27 15:59:10.006923+00:00
[2022-11-27T16:04:22.760+0000] {standard_task_runner.py:55} INFO - Started process 8592 to run task
[2022-11-27T16:04:22.775+0000] {standard_task_runner.py:82} INFO - Running: ['***', 'tasks', 'run', 'dag_youtube_api', 'getDataToLocal', 'manual__2022-11-27T15:59:10.006923+00:00', '--job-id', '365', '--raw', '--subdir', 'DAGS_FOLDER/dag_youtube_api.py', '--cfg-path', '/tmp/tmp3yhjyr52']
[2022-11-27T16:04:22.787+0000] {standard_task_runner.py:83} INFO - Job 365: Subtask getDataToLocal
[2022-11-27T16:04:22.921+0000] {task_command.py:376} INFO - Running <TaskInstance: dag_youtube_api.getDataToLocal manual__2022-11-27T15:59:10.006923+00:00 [running]> on host 1977dd9b5152
[2022-11-27T16:04:23.076+0000] {taskinstance.py:1592} INFO - Exporting the following env vars:
AIRFLOW_CTX_DAG_OWNER=***
AIRFLOW_CTX_DAG_ID=dag_youtube_api
AIRFLOW_CTX_TASK_ID=getDataToLocal
AIRFLOW_CTX_EXECUTION_DATE=2022-11-27T15:59:10.006923+00:00
AIRFLOW_CTX_TRY_NUMBER=2
AIRFLOW_CTX_DAG_RUN_ID=manual__2022-11-27T15:59:10.006923+00:00
[2022-11-27T16:04:25.333+0000] {logging_mixin.py:137} INFO - Writing ID data to file...
[2022-11-27T16:04:25.336+0000] {python.py:177} INFO - Done. Returned value was: None
[2022-11-27T16:04:25.348+0000] {taskinstance.py:1406} INFO - Marking task as SUCCESS. dag_id=dag_youtube_api, task_id=getDataToLocal, execution_date=20221127T155910, start_date=20221127T160422, end_date=20221127T160425
[2022-11-27T16:04:25.416+0000] {local_task_job.py:159} INFO - Task exited with return code 0
[2022-11-27T16:04:25.436+0000] {taskinstance.py:2623} INFO - 0 downstream tasks scheduled from follow-on schedule check
