[2022-11-27T12:46:25.681+0000] {taskinstance.py:1165} INFO - Dependencies all met for <TaskInstance: using_pandas_demo.creatableLoad manual__2022-11-27T12:41:11.917012+00:00 [queued]>
[2022-11-27T12:46:25.705+0000] {taskinstance.py:1165} INFO - Dependencies all met for <TaskInstance: using_pandas_demo.creatableLoad manual__2022-11-27T12:41:11.917012+00:00 [queued]>
[2022-11-27T12:46:25.706+0000] {taskinstance.py:1362} INFO - 
--------------------------------------------------------------------------------
[2022-11-27T12:46:25.706+0000] {taskinstance.py:1363} INFO - Starting attempt 2 of 2
[2022-11-27T12:46:25.706+0000] {taskinstance.py:1364} INFO - 
--------------------------------------------------------------------------------
[2022-11-27T12:46:25.775+0000] {taskinstance.py:1383} INFO - Executing <Task(PythonOperator): creatableLoad> on 2022-11-27 12:41:11.917012+00:00
[2022-11-27T12:46:25.790+0000] {standard_task_runner.py:55} INFO - Started process 1447 to run task
[2022-11-27T12:46:25.815+0000] {standard_task_runner.py:82} INFO - Running: ['***', 'tasks', 'run', 'using_pandas_demo', 'creatableLoad', 'manual__2022-11-27T12:41:11.917012+00:00', '--job-id', '353', '--raw', '--subdir', 'DAGS_FOLDER/dag_pandas_demo.py', '--cfg-path', '/tmp/tmpz9x4v27w']
[2022-11-27T12:46:25.819+0000] {standard_task_runner.py:83} INFO - Job 353: Subtask creatableLoad
[2022-11-27T12:46:25.913+0000] {task_command.py:376} INFO - Running <TaskInstance: using_pandas_demo.creatableLoad manual__2022-11-27T12:41:11.917012+00:00 [running]> on host 1977dd9b5152
[2022-11-27T12:46:26.034+0000] {taskinstance.py:1592} INFO - Exporting the following env vars:
AIRFLOW_CTX_DAG_OWNER=***
AIRFLOW_CTX_DAG_ID=using_pandas_demo
AIRFLOW_CTX_TASK_ID=creatableLoad
AIRFLOW_CTX_EXECUTION_DATE=2022-11-27T12:41:11.917012+00:00
AIRFLOW_CTX_TRY_NUMBER=2
AIRFLOW_CTX_DAG_RUN_ID=manual__2022-11-27T12:41:11.917012+00:00
[2022-11-27T12:46:26.274+0000] {python.py:177} INFO - Done. Returned value was: None
[2022-11-27T12:46:26.298+0000] {taskinstance.py:1406} INFO - Marking task as SUCCESS. dag_id=using_pandas_demo, task_id=creatableLoad, execution_date=20221127T124111, start_date=20221127T124625, end_date=20221127T124626
[2022-11-27T12:46:26.379+0000] {local_task_job.py:159} INFO - Task exited with return code 0
[2022-11-27T12:46:26.401+0000] {taskinstance.py:2623} INFO - 0 downstream tasks scheduled from follow-on schedule check
