[2022-11-28T16:34:58.230+0000] {taskinstance.py:1165} INFO - Dependencies all met for <TaskInstance: dag_try_oop.loadYtApiOperator scheduled__2022-11-28T03:30:00+00:00 [queued]>
[2022-11-28T16:34:58.265+0000] {taskinstance.py:1165} INFO - Dependencies all met for <TaskInstance: dag_try_oop.loadYtApiOperator scheduled__2022-11-28T03:30:00+00:00 [queued]>
[2022-11-28T16:34:58.266+0000] {taskinstance.py:1362} INFO - 
--------------------------------------------------------------------------------
[2022-11-28T16:34:58.266+0000] {taskinstance.py:1363} INFO - Starting attempt 2 of 2
[2022-11-28T16:34:58.266+0000] {taskinstance.py:1364} INFO - 
--------------------------------------------------------------------------------
[2022-11-28T16:34:58.334+0000] {taskinstance.py:1383} INFO - Executing <Task(loadYtApiOperator): loadYtApiOperator> on 2022-11-28 03:30:00+00:00
[2022-11-28T16:34:58.343+0000] {standard_task_runner.py:55} INFO - Started process 1091 to run task
[2022-11-28T16:34:58.350+0000] {standard_task_runner.py:82} INFO - Running: ['***', 'tasks', 'run', 'dag_try_oop', 'loadYtApiOperator', 'scheduled__2022-11-28T03:30:00+00:00', '--job-id', '928', '--raw', '--subdir', 'DAGS_FOLDER/dag_try_oop.py', '--cfg-path', '/tmp/tmpy4ug4rt1']
[2022-11-28T16:34:58.360+0000] {standard_task_runner.py:83} INFO - Job 928: Subtask loadYtApiOperator
[2022-11-28T16:34:58.496+0000] {task_command.py:376} INFO - Running <TaskInstance: dag_try_oop.loadYtApiOperator scheduled__2022-11-28T03:30:00+00:00 [running]> on host 1dd759b3e30c
[2022-11-28T16:34:58.652+0000] {taskinstance.py:1592} INFO - Exporting the following env vars:
AIRFLOW_CTX_DAG_OWNER=***
AIRFLOW_CTX_DAG_ID=dag_try_oop
AIRFLOW_CTX_TASK_ID=loadYtApiOperator
AIRFLOW_CTX_EXECUTION_DATE=2022-11-28T03:30:00+00:00
AIRFLOW_CTX_TRY_NUMBER=2
AIRFLOW_CTX_DAG_RUN_ID=scheduled__2022-11-28T03:30:00+00:00
[2022-11-28T16:34:58.989+0000] {taskinstance.py:1406} INFO - Marking task as SUCCESS. dag_id=dag_try_oop, task_id=loadYtApiOperator, execution_date=20221128T033000, start_date=20221128T163458, end_date=20221128T163458
[2022-11-28T16:34:59.068+0000] {local_task_job.py:159} INFO - Task exited with return code 0
[2022-11-28T16:34:59.369+0000] {taskinstance.py:2623} INFO - 1 downstream tasks scheduled from follow-on schedule check
