[2022-11-28T16:30:29.583+0000] {taskinstance.py:1165} INFO - Dependencies all met for <TaskInstance: dag_try_oop.extractYtApiOperator scheduled__2022-11-28T04:00:00+00:00 [queued]>
[2022-11-28T16:30:29.782+0000] {taskinstance.py:1165} INFO - Dependencies all met for <TaskInstance: dag_try_oop.extractYtApiOperator scheduled__2022-11-28T04:00:00+00:00 [queued]>
[2022-11-28T16:30:29.807+0000] {taskinstance.py:1362} INFO - 
--------------------------------------------------------------------------------
[2022-11-28T16:30:29.812+0000] {taskinstance.py:1363} INFO - Starting attempt 1 of 2
[2022-11-28T16:30:29.818+0000] {taskinstance.py:1364} INFO - 
--------------------------------------------------------------------------------
[2022-11-28T16:30:30.304+0000] {taskinstance.py:1383} INFO - Executing <Task(extractYtApiOperator): extractYtApiOperator> on 2022-11-28 04:00:00+00:00
[2022-11-28T16:30:30.507+0000] {standard_task_runner.py:55} INFO - Started process 662 to run task
[2022-11-28T16:30:30.676+0000] {standard_task_runner.py:82} INFO - Running: ['***', 'tasks', 'run', 'dag_try_oop', 'extractYtApiOperator', 'scheduled__2022-11-28T04:00:00+00:00', '--job-id', '825', '--raw', '--subdir', 'DAGS_FOLDER/dag_try_oop.py', '--cfg-path', '/tmp/tmpkn64bh13']
[2022-11-28T16:30:30.753+0000] {standard_task_runner.py:83} INFO - Job 825: Subtask extractYtApiOperator
[2022-11-28T16:30:32.059+0000] {task_command.py:376} INFO - Running <TaskInstance: dag_try_oop.extractYtApiOperator scheduled__2022-11-28T04:00:00+00:00 [running]> on host 1dd759b3e30c
[2022-11-28T16:30:33.978+0000] {taskinstance.py:1592} INFO - Exporting the following env vars:
AIRFLOW_CTX_DAG_OWNER=***
AIRFLOW_CTX_DAG_ID=dag_try_oop
AIRFLOW_CTX_TASK_ID=extractYtApiOperator
AIRFLOW_CTX_EXECUTION_DATE=2022-11-28T04:00:00+00:00
AIRFLOW_CTX_TRY_NUMBER=1
AIRFLOW_CTX_DAG_RUN_ID=scheduled__2022-11-28T04:00:00+00:00
[2022-11-28T16:30:36.260+0000] {logging_mixin.py:137} INFO - Writing ID data to file...
[2022-11-28T16:30:37.959+0000] {logging_mixin.py:137} INFO - Writing EG data to file...
[2022-11-28T16:30:39.896+0000] {logging_mixin.py:137} INFO - Writing GB data to file...
[2022-11-28T16:30:40.104+0000] {taskinstance.py:1406} INFO - Marking task as SUCCESS. dag_id=dag_try_oop, task_id=extractYtApiOperator, execution_date=20221128T040000, start_date=20221128T163029, end_date=20221128T163040
[2022-11-28T16:30:40.621+0000] {local_task_job.py:159} INFO - Task exited with return code 0
[2022-11-28T16:30:40.998+0000] {taskinstance.py:2623} INFO - 1 downstream tasks scheduled from follow-on schedule check
[2022-11-29T06:31:17.667+0000] {taskinstance.py:1165} INFO - Dependencies all met for <TaskInstance: dag_try_oop.extractYtApiOperator scheduled__2022-11-28T04:00:00+00:00 [queued]>
[2022-11-29T06:31:17.749+0000] {taskinstance.py:1165} INFO - Dependencies all met for <TaskInstance: dag_try_oop.extractYtApiOperator scheduled__2022-11-28T04:00:00+00:00 [queued]>
[2022-11-29T06:31:17.754+0000] {taskinstance.py:1362} INFO - 
--------------------------------------------------------------------------------
[2022-11-29T06:31:17.754+0000] {taskinstance.py:1363} INFO - Starting attempt 1 of 2
[2022-11-29T06:31:17.754+0000] {taskinstance.py:1364} INFO - 
--------------------------------------------------------------------------------
[2022-11-29T06:31:18.084+0000] {taskinstance.py:1383} INFO - Executing <Task(extractYtApiOperator): extractYtApiOperator> on 2022-11-28 04:00:00+00:00
[2022-11-29T06:31:18.120+0000] {standard_task_runner.py:55} INFO - Started process 129 to run task
[2022-11-29T06:31:18.264+0000] {standard_task_runner.py:82} INFO - Running: ['***', 'tasks', 'run', 'dag_try_oop', 'extractYtApiOperator', 'scheduled__2022-11-28T04:00:00+00:00', '--job-id', '1078', '--raw', '--subdir', 'DAGS_FOLDER/dag_try_oop.py', '--cfg-path', '/tmp/tmpulvwx2k0']
[2022-11-29T06:31:18.383+0000] {standard_task_runner.py:83} INFO - Job 1078: Subtask extractYtApiOperator
[2022-11-29T06:31:33.864+0000] {task_command.py:376} INFO - Running <TaskInstance: dag_try_oop.extractYtApiOperator scheduled__2022-11-28T04:00:00+00:00 [running]> on host 92b536e5af67
[2022-11-29T06:31:35.284+0000] {taskinstance.py:1592} INFO - Exporting the following env vars:
AIRFLOW_CTX_DAG_OWNER=***
AIRFLOW_CTX_DAG_ID=dag_try_oop
AIRFLOW_CTX_TASK_ID=extractYtApiOperator
AIRFLOW_CTX_EXECUTION_DATE=2022-11-28T04:00:00+00:00
AIRFLOW_CTX_TRY_NUMBER=1
AIRFLOW_CTX_DAG_RUN_ID=scheduled__2022-11-28T04:00:00+00:00
[2022-11-29T06:31:37.625+0000] {logging_mixin.py:137} INFO - Writing ID data to file...
[2022-11-29T06:31:39.130+0000] {logging_mixin.py:137} INFO - Writing EG data to file...
[2022-11-29T06:31:40.446+0000] {logging_mixin.py:137} INFO - Writing GB data to file...
[2022-11-29T06:31:40.466+0000] {taskinstance.py:1406} INFO - Marking task as SUCCESS. dag_id=dag_try_oop, task_id=extractYtApiOperator, execution_date=20221128T040000, start_date=20221129T063117, end_date=20221129T063140
[2022-11-29T06:31:40.545+0000] {local_task_job.py:159} INFO - Task exited with return code 0
[2022-11-29T06:31:40.591+0000] {taskinstance.py:2623} INFO - 1 downstream tasks scheduled from follow-on schedule check
