[2022-11-28T15:59:58.588+0000] {taskinstance.py:1165} INFO - Dependencies all met for <TaskInstance: dag_try_oop.loadYtApiOperator manual__2022-11-28T15:59:16.740250+00:00 [queued]>
[2022-11-28T15:59:58.615+0000] {taskinstance.py:1165} INFO - Dependencies all met for <TaskInstance: dag_try_oop.loadYtApiOperator manual__2022-11-28T15:59:16.740250+00:00 [queued]>
[2022-11-28T15:59:58.616+0000] {taskinstance.py:1362} INFO - 
--------------------------------------------------------------------------------
[2022-11-28T15:59:58.617+0000] {taskinstance.py:1363} INFO - Starting attempt 1 of 2
[2022-11-28T15:59:58.617+0000] {taskinstance.py:1364} INFO - 
--------------------------------------------------------------------------------
[2022-11-28T15:59:58.657+0000] {taskinstance.py:1383} INFO - Executing <Task(loadYtApiOperator): loadYtApiOperator> on 2022-11-28 15:59:16.740250+00:00
[2022-11-28T15:59:58.670+0000] {standard_task_runner.py:55} INFO - Started process 377 to run task
[2022-11-28T15:59:58.684+0000] {standard_task_runner.py:82} INFO - Running: ['***', 'tasks', 'run', 'dag_try_oop', 'loadYtApiOperator', 'manual__2022-11-28T15:59:16.740250+00:00', '--job-id', '681', '--raw', '--subdir', 'DAGS_FOLDER/dag_try_oop.py', '--cfg-path', '/tmp/tmpy6cwjqh1']
[2022-11-28T15:59:58.692+0000] {standard_task_runner.py:83} INFO - Job 681: Subtask loadYtApiOperator
[2022-11-28T15:59:58.871+0000] {task_command.py:376} INFO - Running <TaskInstance: dag_try_oop.loadYtApiOperator manual__2022-11-28T15:59:16.740250+00:00 [running]> on host 1dd759b3e30c
[2022-11-28T15:59:59.180+0000] {taskinstance.py:1592} INFO - Exporting the following env vars:
AIRFLOW_CTX_DAG_OWNER=***
AIRFLOW_CTX_DAG_ID=dag_try_oop
AIRFLOW_CTX_TASK_ID=loadYtApiOperator
AIRFLOW_CTX_EXECUTION_DATE=2022-11-28T15:59:16.740250+00:00
AIRFLOW_CTX_TRY_NUMBER=1
AIRFLOW_CTX_DAG_RUN_ID=manual__2022-11-28T15:59:16.740250+00:00
[2022-11-28T15:59:59.442+0000] {taskinstance.py:1406} INFO - Marking task as SUCCESS. dag_id=dag_try_oop, task_id=loadYtApiOperator, execution_date=20221128T155916, start_date=20221128T155958, end_date=20221128T155959
[2022-11-28T15:59:59.513+0000] {local_task_job.py:159} INFO - Task exited with return code 0
[2022-11-28T15:59:59.626+0000] {taskinstance.py:2623} INFO - 0 downstream tasks scheduled from follow-on schedule check
