[2022-11-28T16:30:52.030+0000] {taskinstance.py:1165} INFO - Dependencies all met for <TaskInstance: dag_try_oop.transformYtApiOperator scheduled__2022-11-28T04:00:00+00:00 [queued]>
[2022-11-28T16:30:52.434+0000] {taskinstance.py:1165} INFO - Dependencies all met for <TaskInstance: dag_try_oop.transformYtApiOperator scheduled__2022-11-28T04:00:00+00:00 [queued]>
[2022-11-28T16:30:52.445+0000] {taskinstance.py:1362} INFO - 
--------------------------------------------------------------------------------
[2022-11-28T16:30:52.458+0000] {taskinstance.py:1363} INFO - Starting attempt 1 of 2
[2022-11-28T16:30:52.458+0000] {taskinstance.py:1364} INFO - 
--------------------------------------------------------------------------------
[2022-11-28T16:30:53.273+0000] {taskinstance.py:1383} INFO - Executing <Task(transformYtApiOperator): transformYtApiOperator> on 2022-11-28 04:00:00+00:00
[2022-11-28T16:30:53.484+0000] {standard_task_runner.py:55} INFO - Started process 699 to run task
[2022-11-28T16:30:53.665+0000] {standard_task_runner.py:82} INFO - Running: ['***', 'tasks', 'run', 'dag_try_oop', 'transformYtApiOperator', 'scheduled__2022-11-28T04:00:00+00:00', '--job-id', '834', '--raw', '--subdir', 'DAGS_FOLDER/dag_try_oop.py', '--cfg-path', '/tmp/tmpr0xd6jz4']
[2022-11-28T16:30:53.747+0000] {standard_task_runner.py:83} INFO - Job 834: Subtask transformYtApiOperator
[2022-11-28T16:30:54.991+0000] {task_command.py:376} INFO - Running <TaskInstance: dag_try_oop.transformYtApiOperator scheduled__2022-11-28T04:00:00+00:00 [running]> on host 1dd759b3e30c
[2022-11-28T16:30:56.223+0000] {taskinstance.py:1592} INFO - Exporting the following env vars:
AIRFLOW_CTX_DAG_OWNER=***
AIRFLOW_CTX_DAG_ID=dag_try_oop
AIRFLOW_CTX_TASK_ID=transformYtApiOperator
AIRFLOW_CTX_EXECUTION_DATE=2022-11-28T04:00:00+00:00
AIRFLOW_CTX_TRY_NUMBER=1
AIRFLOW_CTX_DAG_RUN_ID=scheduled__2022-11-28T04:00:00+00:00
[2022-11-28T16:30:57.431+0000] {taskinstance.py:1406} INFO - Marking task as SUCCESS. dag_id=dag_try_oop, task_id=transformYtApiOperator, execution_date=20221128T040000, start_date=20221128T163052, end_date=20221128T163057
[2022-11-28T16:30:58.406+0000] {local_task_job.py:159} INFO - Task exited with return code 0
[2022-11-28T16:30:59.267+0000] {taskinstance.py:2623} INFO - 1 downstream tasks scheduled from follow-on schedule check
[2022-11-29T06:31:46.947+0000] {taskinstance.py:1165} INFO - Dependencies all met for <TaskInstance: dag_try_oop.transformYtApiOperator scheduled__2022-11-28T04:00:00+00:00 [queued]>
[2022-11-29T06:31:46.976+0000] {taskinstance.py:1165} INFO - Dependencies all met for <TaskInstance: dag_try_oop.transformYtApiOperator scheduled__2022-11-28T04:00:00+00:00 [queued]>
[2022-11-29T06:31:46.980+0000] {taskinstance.py:1362} INFO - 
--------------------------------------------------------------------------------
[2022-11-29T06:31:46.982+0000] {taskinstance.py:1363} INFO - Starting attempt 1 of 2
[2022-11-29T06:31:46.983+0000] {taskinstance.py:1364} INFO - 
--------------------------------------------------------------------------------
[2022-11-29T06:31:47.216+0000] {taskinstance.py:1383} INFO - Executing <Task(transformYtApiOperator): transformYtApiOperator> on 2022-11-28 04:00:00+00:00
[2022-11-29T06:31:47.232+0000] {standard_task_runner.py:55} INFO - Started process 151 to run task
[2022-11-29T06:31:47.258+0000] {standard_task_runner.py:82} INFO - Running: ['***', 'tasks', 'run', 'dag_try_oop', 'transformYtApiOperator', 'scheduled__2022-11-28T04:00:00+00:00', '--job-id', '1084', '--raw', '--subdir', 'DAGS_FOLDER/dag_try_oop.py', '--cfg-path', '/tmp/tmp129wt3qc']
[2022-11-29T06:31:47.265+0000] {standard_task_runner.py:83} INFO - Job 1084: Subtask transformYtApiOperator
[2022-11-29T06:31:47.793+0000] {task_command.py:376} INFO - Running <TaskInstance: dag_try_oop.transformYtApiOperator scheduled__2022-11-28T04:00:00+00:00 [running]> on host 92b536e5af67
[2022-11-29T06:31:48.143+0000] {taskinstance.py:1592} INFO - Exporting the following env vars:
AIRFLOW_CTX_DAG_OWNER=***
AIRFLOW_CTX_DAG_ID=dag_try_oop
AIRFLOW_CTX_TASK_ID=transformYtApiOperator
AIRFLOW_CTX_EXECUTION_DATE=2022-11-28T04:00:00+00:00
AIRFLOW_CTX_TRY_NUMBER=1
AIRFLOW_CTX_DAG_RUN_ID=scheduled__2022-11-28T04:00:00+00:00
[2022-11-29T06:31:48.557+0000] {taskinstance.py:1406} INFO - Marking task as SUCCESS. dag_id=dag_try_oop, task_id=transformYtApiOperator, execution_date=20221128T040000, start_date=20221129T063146, end_date=20221129T063148
[2022-11-29T06:31:48.695+0000] {local_task_job.py:159} INFO - Task exited with return code 0
[2022-11-29T06:31:48.931+0000] {taskinstance.py:2623} INFO - 1 downstream tasks scheduled from follow-on schedule check
