[2022-11-28T16:34:26.701+0000] {taskinstance.py:1165} INFO - Dependencies all met for <TaskInstance: dag_try_oop.extractYtApiOperator scheduled__2022-11-28T05:40:00+00:00 [queued]>
[2022-11-28T16:34:26.808+0000] {taskinstance.py:1165} INFO - Dependencies all met for <TaskInstance: dag_try_oop.extractYtApiOperator scheduled__2022-11-28T05:40:00+00:00 [queued]>
[2022-11-28T16:34:26.816+0000] {taskinstance.py:1362} INFO - 
--------------------------------------------------------------------------------
[2022-11-28T16:34:26.820+0000] {taskinstance.py:1363} INFO - Starting attempt 1 of 2
[2022-11-28T16:34:26.823+0000] {taskinstance.py:1364} INFO - 
--------------------------------------------------------------------------------
[2022-11-28T16:34:26.935+0000] {taskinstance.py:1383} INFO - Executing <Task(extractYtApiOperator): extractYtApiOperator> on 2022-11-28 05:40:00+00:00
[2022-11-28T16:34:26.981+0000] {standard_task_runner.py:55} INFO - Started process 1044 to run task
[2022-11-28T16:34:27.018+0000] {standard_task_runner.py:82} INFO - Running: ['***', 'tasks', 'run', 'dag_try_oop', 'extractYtApiOperator', 'scheduled__2022-11-28T05:40:00+00:00', '--job-id', '913', '--raw', '--subdir', 'DAGS_FOLDER/dag_try_oop.py', '--cfg-path', '/tmp/tmp04htt9iy']
[2022-11-28T16:34:27.041+0000] {standard_task_runner.py:83} INFO - Job 913: Subtask extractYtApiOperator
[2022-11-28T16:34:27.362+0000] {task_command.py:376} INFO - Running <TaskInstance: dag_try_oop.extractYtApiOperator scheduled__2022-11-28T05:40:00+00:00 [running]> on host 1dd759b3e30c
[2022-11-28T16:34:28.000+0000] {taskinstance.py:1592} INFO - Exporting the following env vars:
AIRFLOW_CTX_DAG_OWNER=***
AIRFLOW_CTX_DAG_ID=dag_try_oop
AIRFLOW_CTX_TASK_ID=extractYtApiOperator
AIRFLOW_CTX_EXECUTION_DATE=2022-11-28T05:40:00+00:00
AIRFLOW_CTX_TRY_NUMBER=1
AIRFLOW_CTX_DAG_RUN_ID=scheduled__2022-11-28T05:40:00+00:00
[2022-11-28T16:36:38.306+0000] {logging_mixin.py:137} INFO - Writing ID data to file...
[2022-11-28T16:36:40.646+0000] {logging_mixin.py:137} INFO - Writing EG data to file...
[2022-11-28T16:36:42.404+0000] {logging_mixin.py:137} INFO - Writing GB data to file...
[2022-11-28T16:36:42.566+0000] {taskinstance.py:1406} INFO - Marking task as SUCCESS. dag_id=dag_try_oop, task_id=extractYtApiOperator, execution_date=20221128T054000, start_date=20221128T163426, end_date=20221128T163642
[2022-11-28T16:36:43.846+0000] {local_task_job.py:159} INFO - Task exited with return code 0
[2022-11-28T16:36:43.965+0000] {taskinstance.py:2623} INFO - 1 downstream tasks scheduled from follow-on schedule check
